2024-10-29 01:46:07,324: Namespace(device='cuda', alpha=0.8, beta=1.0, lr=0.0001, pretrain_epochs=10, num_epochs=50, noise_strength=0.1, no_adversarial=False, visualize=False, debug=True, no_cam=False, seed=42, threshold=0.5, positive_weight=1.05, dataset='mimic-cxr', feature='n01')
2024-10-29 01:46:07,423: Number of GPUs available: 8
2024-10-29 01:46:09,131: Number of samples in training dataset: 8199 | testing dataset:912
2024-10-29 01:46:09,146: positive weight: 17.1123
2024-10-29 01:46:35,192: Final Training Loss: 0.6869, Accuracy: 0.9029
2024-10-29 01:46:56,109: Final Training Loss: 0.6859, Accuracy: 0.8750
2024-10-29 01:47:17,348: Final Training Loss: 0.6788, Accuracy: 0.8766
2024-10-29 01:47:39,990: Final Training Loss: 0.6742, Accuracy: 0.8901
2024-10-29 01:48:02,218: Final Training Loss: 0.6712, Accuracy: 0.8495
2024-10-29 01:48:24,676: Final Training Loss: 0.6719, Accuracy: 0.8711
2024-10-29 01:48:47,770: Final Training Loss: 0.6670, Accuracy: 0.8330
2024-10-29 01:49:11,543: Final Training Loss: 0.6589, Accuracy: 0.8627
2024-10-29 01:49:35,566: Final Training Loss: 0.6631, Accuracy: 0.8102
2024-10-29 01:50:00,080: Final Training Loss: 0.6564, Accuracy: 0.8179
2024-10-29 01:50:09,516: Test Loss: 0.6493, Accuracy: 0.8816
2024-10-29 01:50:09,516: DP:0.06, EO:0.24
2024-10-29 01:50:21,444: Step [20/257], Loss D: 1.0833, Loss G: -1.4057
2024-10-29 01:50:25,939: Step [40/257], Loss D: 0.6472, Loss G: -0.5683
2024-10-29 01:50:30,395: Step [60/257], Loss D: 0.6086, Loss G: -0.1875
2024-10-29 01:50:34,823: Step [80/257], Loss D: 0.4507, Loss G: -0.3890
2024-10-29 01:50:39,297: Step [100/257], Loss D: 0.5803, Loss G: -0.2773
2024-10-29 01:50:43,761: Step [120/257], Loss D: 0.4411, Loss G: -0.2462
2024-10-29 01:50:48,151: Step [140/257], Loss D: 0.4266, Loss G: -0.1847
2024-10-29 01:50:52,603: Step [160/257], Loss D: 0.5668, Loss G: -0.2348
2024-10-29 01:50:56,938: Step [180/257], Loss D: 0.5641, Loss G: -0.1418
2024-10-29 01:51:01,360: Step [200/257], Loss D: 0.6438, Loss G: -0.3889
2024-10-29 01:51:05,795: Step [220/257], Loss D: 0.4031, Loss G: -0.2824
2024-10-29 01:51:10,071: Step [240/257], Loss D: 0.5586, Loss G: -0.1728
2024-10-29 01:51:23,788: Test Loss: 0.6617, Accuracy: 0.7686
2024-10-29 01:51:23,788: DP:0.14, EO:0.50
2024-10-29 01:51:35,055: Step [20/257], Loss D: 0.6140, Loss G: -0.2694
2024-10-29 01:51:39,622: Step [40/257], Loss D: 0.3471, Loss G: -0.2461
2024-10-29 01:51:44,078: Step [60/257], Loss D: 0.2717, Loss G: 0.0212
2024-10-29 01:51:48,702: Step [80/257], Loss D: 0.6819, Loss G: -0.1514
2024-10-29 01:51:53,158: Step [100/257], Loss D: 0.4252, Loss G: -0.0866
2024-10-29 01:51:57,713: Step [120/257], Loss D: 0.5093, Loss G: -0.1801
2024-10-29 01:52:02,172: Step [140/257], Loss D: 0.4965, Loss G: -0.2215
2024-10-29 01:52:06,580: Step [160/257], Loss D: 0.3507, Loss G: -0.3425
2024-10-29 01:52:11,152: Step [180/257], Loss D: 0.4443, Loss G: -0.0757
2024-10-29 01:52:15,633: Step [200/257], Loss D: 0.4136, Loss G: -0.1630
2024-10-29 01:52:20,204: Step [220/257], Loss D: 0.3135, Loss G: -0.1354
2024-10-29 01:52:24,724: Step [240/257], Loss D: 0.5131, Loss G: -0.2624
2024-10-29 01:52:38,681: Test Loss: 0.6662, Accuracy: 0.6393
2024-10-29 01:52:38,682: DP:0.13, EO:0.39
2024-10-29 01:52:50,443: Step [20/257], Loss D: 0.4044, Loss G: -0.0977
2024-10-29 01:52:53,779: Step [40/257], Loss D: 0.3010, Loss G: -0.0349
2024-10-29 01:52:57,078: Step [60/257], Loss D: 0.5112, Loss G: 0.0980
2024-10-29 01:53:00,454: Step [80/257], Loss D: 0.5841, Loss G: -0.0465
2024-10-29 01:53:03,677: Step [100/257], Loss D: 0.5593, Loss G: -0.2201
2024-10-29 01:53:06,975: Step [120/257], Loss D: 0.4433, Loss G: -0.2732
2024-10-29 01:53:10,194: Step [140/257], Loss D: 0.3494, Loss G: -0.1680
2024-10-29 01:53:13,491: Step [160/257], Loss D: 0.3912, Loss G: 0.0190
2024-10-29 01:53:16,762: Step [180/257], Loss D: 0.4859, Loss G: -0.4734
2024-10-29 01:53:20,026: Step [200/257], Loss D: 0.4742, Loss G: 0.0720
2024-10-29 01:53:23,267: Step [220/257], Loss D: 0.4927, Loss G: -0.2550
2024-10-29 01:53:26,450: Step [240/257], Loss D: 0.3279, Loss G: -0.0695
2024-10-29 01:53:39,785: Test Loss: 0.6514, Accuracy: 0.8235
2024-10-29 01:53:39,785: DP:0.07, EO:0.26
2024-10-29 01:53:50,928: Step [20/257], Loss D: 0.3790, Loss G: -0.0527
2024-10-29 01:53:54,222: Step [40/257], Loss D: 0.3947, Loss G: 0.0540
2024-10-29 01:53:57,488: Step [60/257], Loss D: 0.2541, Loss G: -0.0546
2024-10-29 01:54:00,794: Step [80/257], Loss D: 0.4241, Loss G: -0.0159
2024-10-29 01:54:03,987: Step [100/257], Loss D: 0.4026, Loss G: -0.1557
2024-10-29 01:54:07,285: Step [120/257], Loss D: 0.3538, Loss G: 0.1118
2024-10-29 01:54:10,557: Step [140/257], Loss D: 0.3110, Loss G: -0.0859
2024-10-29 01:54:13,760: Step [160/257], Loss D: 0.3936, Loss G: 0.1109
2024-10-29 01:54:17,030: Step [180/257], Loss D: 0.3386, Loss G: 0.1125
2024-10-29 01:54:20,259: Step [200/257], Loss D: 0.4216, Loss G: 0.1246
2024-10-29 01:54:23,541: Step [220/257], Loss D: 0.2505, Loss G: 0.0918
2024-10-29 01:54:26,778: Step [240/257], Loss D: 0.2702, Loss G: 0.0584
2024-10-29 01:54:39,876: Test Loss: 0.6773, Accuracy: 0.7752
2024-10-29 01:54:39,876: DP:0.12, EO:0.35
2024-10-29 01:54:50,930: Step [20/257], Loss D: 0.3478, Loss G: -0.0397
2024-10-29 01:54:54,160: Step [40/257], Loss D: 0.2379, Loss G: 0.0418
2024-10-29 01:54:57,494: Step [60/257], Loss D: 0.5677, Loss G: -0.0044
2024-10-29 01:55:00,718: Step [80/257], Loss D: 0.3760, Loss G: -0.0728
2024-10-29 01:55:04,014: Step [100/257], Loss D: 0.4458, Loss G: -0.0506
2024-10-29 01:55:07,294: Step [120/257], Loss D: 0.4711, Loss G: -0.0254
2024-10-29 01:55:10,526: Step [140/257], Loss D: 0.2083, Loss G: 0.0651
2024-10-29 01:55:13,914: Step [160/257], Loss D: 0.1851, Loss G: -0.0727
2024-10-29 01:55:17,159: Step [180/257], Loss D: 0.4272, Loss G: 0.1747
2024-10-29 01:55:20,500: Step [200/257], Loss D: 0.2851, Loss G: -0.0113
2024-10-29 01:55:23,912: Step [220/257], Loss D: 0.3385, Loss G: -0.0182
2024-10-29 01:55:27,144: Step [240/257], Loss D: 0.3423, Loss G: 0.0682
2024-10-29 01:55:41,362: Test Loss: 0.6555, Accuracy: 0.8651
2024-10-29 01:55:41,363: DP:0.07, EO:0.29
2024-10-29 01:55:51,532: Step [20/257], Loss D: 0.5271, Loss G: 0.1221
2024-10-29 01:55:54,735: Step [40/257], Loss D: 0.4018, Loss G: -0.0753
2024-10-29 01:55:58,033: Step [60/257], Loss D: 0.3648, Loss G: -0.0654
2024-10-29 01:56:01,366: Step [80/257], Loss D: 0.4086, Loss G: 0.2311
2024-10-29 01:56:04,562: Step [100/257], Loss D: 0.3153, Loss G: 0.1794
2024-10-29 01:56:07,868: Step [120/257], Loss D: 0.1885, Loss G: -0.0738
2024-10-29 01:56:11,197: Step [140/257], Loss D: 0.1546, Loss G: 0.0468
2024-10-29 01:56:14,454: Step [160/257], Loss D: 0.1458, Loss G: 0.2504
2024-10-29 01:56:17,743: Step [180/257], Loss D: 0.3378, Loss G: -0.0268
2024-10-29 01:56:20,946: Step [200/257], Loss D: 0.3029, Loss G: -0.0125
2024-10-29 01:56:24,217: Step [220/257], Loss D: 0.4504, Loss G: 0.1572
2024-10-29 01:56:27,491: Step [240/257], Loss D: 0.3924, Loss G: -0.1435
2024-10-29 01:56:40,323: Test Loss: 0.6580, Accuracy: 0.9090
2024-10-29 01:56:40,323: DP:0.00, EO:0.03
2024-10-29 01:56:50,179: Step [20/257], Loss D: 0.3765, Loss G: 0.1325
2024-10-29 01:56:53,506: Step [40/257], Loss D: 0.1795, Loss G: 0.1568
2024-10-29 01:56:56,822: Step [60/257], Loss D: 0.3311, Loss G: 0.1294
2024-10-29 01:57:00,152: Step [80/257], Loss D: 0.3347, Loss G: 0.1416
2024-10-29 01:57:03,499: Step [100/257], Loss D: 0.3169, Loss G: 0.0690
2024-10-29 01:57:06,852: Step [120/257], Loss D: 0.2680, Loss G: 0.2013
2024-10-29 01:57:10,086: Step [140/257], Loss D: 0.3090, Loss G: 0.1370
2024-10-29 01:57:13,384: Step [160/257], Loss D: 0.3423, Loss G: 0.2700
2024-10-29 01:57:16,576: Step [180/257], Loss D: 0.3631, Loss G: 0.2040
2024-10-29 01:57:19,832: Step [200/257], Loss D: 0.3198, Loss G: 0.1046
2024-10-29 01:57:23,103: Step [220/257], Loss D: 0.2950, Loss G: 0.1604
2024-10-29 01:57:26,298: Step [240/257], Loss D: 0.2461, Loss G: 0.0574
2024-10-29 01:57:39,203: Test Loss: 0.6497, Accuracy: 0.8388
2024-10-29 01:57:39,204: DP:0.05, EO:0.19
2024-10-29 01:57:49,145: Step [20/257], Loss D: 0.2905, Loss G: 0.2278
2024-10-29 01:57:52,346: Step [40/257], Loss D: 0.3094, Loss G: -0.0260
2024-10-29 01:57:55,681: Step [60/257], Loss D: 0.2039, Loss G: 0.1289
2024-10-29 01:57:58,991: Step [80/257], Loss D: 0.2484, Loss G: 0.1886
2024-10-29 01:58:02,235: Step [100/257], Loss D: 0.5664, Loss G: 0.2686
2024-10-29 01:58:05,539: Step [120/257], Loss D: 0.2983, Loss G: 0.0628
2024-10-29 01:58:08,737: Step [140/257], Loss D: 0.1365, Loss G: 0.3105
2024-10-29 01:58:12,014: Step [160/257], Loss D: 0.2617, Loss G: 0.0272
2024-10-29 01:58:15,294: Step [180/257], Loss D: 0.3908, Loss G: 0.2064
2024-10-29 01:58:18,497: Step [200/257], Loss D: 0.2223, Loss G: 0.0320
2024-10-29 01:58:21,776: Step [220/257], Loss D: 0.2783, Loss G: 0.3924
2024-10-29 01:58:24,956: Step [240/257], Loss D: 0.1901, Loss G: -0.3455
2024-10-29 01:58:38,896: Test Loss: 0.6469, Accuracy: 0.8936
2024-10-29 01:58:38,896: DP:0.03, EO:0.25
2024-10-29 01:58:48,924: Step [20/257], Loss D: 0.2550, Loss G: 0.1287
2024-10-29 01:58:52,392: Step [40/257], Loss D: 0.2678, Loss G: 0.2408
2024-10-29 01:58:55,641: Step [60/257], Loss D: 0.2967, Loss G: 0.2041
2024-10-29 01:58:58,933: Step [80/257], Loss D: 0.0939, Loss G: 0.1413
2024-10-29 01:59:02,211: Step [100/257], Loss D: 0.2896, Loss G: -0.0012
2024-10-29 01:59:05,423: Step [120/257], Loss D: 0.2510, Loss G: 0.0542
2024-10-29 01:59:08,697: Step [140/257], Loss D: 0.4044, Loss G: 0.2038
2024-10-29 01:59:11,951: Step [160/257], Loss D: 0.4765, Loss G: 0.1272
2024-10-29 01:59:15,238: Step [180/257], Loss D: 0.3682, Loss G: -0.0330
2024-10-29 01:59:18,538: Step [200/257], Loss D: 0.3424, Loss G: 0.0725
2024-10-29 01:59:21,746: Step [220/257], Loss D: 0.3463, Loss G: 0.0836
2024-10-29 01:59:24,995: Step [240/257], Loss D: 0.3041, Loss G: 0.2843
2024-10-29 01:59:38,135: Test Loss: 0.6508, Accuracy: 0.8695
2024-10-29 01:59:38,136: DP:0.05, EO:0.25
2024-10-29 01:59:48,199: Step [20/257], Loss D: 0.5941, Loss G: 0.2548
2024-10-29 01:59:51,551: Step [40/257], Loss D: 0.2660, Loss G: 0.1189
2024-10-29 01:59:54,858: Step [60/257], Loss D: 0.3687, Loss G: 0.0718
2024-10-29 01:59:58,101: Step [80/257], Loss D: 0.3856, Loss G: -0.0011
2024-10-29 02:00:01,379: Step [100/257], Loss D: 0.1737, Loss G: 0.2270
2024-10-29 02:00:04,649: Step [120/257], Loss D: 0.2276, Loss G: 0.0444
2024-10-29 02:00:07,866: Step [140/257], Loss D: 0.1517, Loss G: 0.2681
2024-10-29 02:00:11,200: Step [160/257], Loss D: 0.2496, Loss G: 0.0658
2024-10-29 02:00:14,498: Step [180/257], Loss D: 0.2155, Loss G: 0.1314
2024-10-29 02:00:17,713: Step [200/257], Loss D: 0.1696, Loss G: 0.2870
2024-10-29 02:00:20,973: Step [220/257], Loss D: 0.1405, Loss G: 0.0279
2024-10-29 02:00:24,153: Step [240/257], Loss D: 0.2833, Loss G: 0.0129
2024-10-29 02:00:36,958: Test Loss: 0.6551, Accuracy: 0.7456
2024-10-29 02:00:36,958: DP:0.11, EO:0.40
2024-10-29 02:00:46,940: Step [20/257], Loss D: 0.1988, Loss G: 0.1175
2024-10-29 02:00:50,300: Step [40/257], Loss D: 0.3367, Loss G: 0.2332
2024-10-29 02:00:53,531: Step [60/257], Loss D: 0.2360, Loss G: 0.1348
2024-10-29 02:00:56,872: Step [80/257], Loss D: 0.1656, Loss G: 0.1309
2024-10-29 02:01:00,074: Step [100/257], Loss D: 0.2561, Loss G: 0.1068
2024-10-29 02:01:03,345: Step [120/257], Loss D: 0.2200, Loss G: 0.1639
2024-10-29 02:01:06,647: Step [140/257], Loss D: 0.2736, Loss G: 0.1164
2024-10-29 02:01:09,842: Step [160/257], Loss D: 0.1969, Loss G: 0.2669
2024-10-29 02:01:13,119: Step [180/257], Loss D: 0.1419, Loss G: 0.2581
2024-10-29 02:01:16,383: Step [200/257], Loss D: 0.1562, Loss G: 0.0132
2024-10-29 02:01:19,562: Step [220/257], Loss D: 0.3220, Loss G: 0.1487
2024-10-29 02:01:22,836: Step [240/257], Loss D: 0.2255, Loss G: 0.2036
2024-10-29 02:01:37,533: Test Loss: 0.6484, Accuracy: 0.8136
2024-10-29 02:01:37,533: DP:0.10, EO:0.17
2024-10-29 02:01:47,732: Step [20/257], Loss D: 0.2050, Loss G: 0.3487
2024-10-29 02:01:51,103: Step [40/257], Loss D: 0.1838, Loss G: 0.0764
2024-10-29 02:01:54,346: Step [60/257], Loss D: 0.1638, Loss G: 0.2953
2024-10-29 02:01:57,751: Step [80/257], Loss D: 0.2625, Loss G: 0.0953
2024-10-29 02:02:00,965: Step [100/257], Loss D: 0.1990, Loss G: 0.0899
2024-10-29 02:02:04,256: Step [120/257], Loss D: 0.1614, Loss G: 0.3645
2024-10-29 02:02:07,539: Step [140/257], Loss D: 0.2347, Loss G: 0.0483
2024-10-29 02:02:10,737: Step [160/257], Loss D: 0.2474, Loss G: 0.0676
2024-10-29 02:02:13,998: Step [180/257], Loss D: 0.1762, Loss G: 0.1944
2024-10-29 02:02:17,218: Step [200/257], Loss D: 0.2242, Loss G: 0.1165
2024-10-29 02:02:20,505: Step [220/257], Loss D: 0.2711, Loss G: -0.0580
2024-10-29 02:02:23,757: Step [240/257], Loss D: 0.2104, Loss G: 0.0597
2024-10-29 02:02:37,526: Test Loss: 0.6502, Accuracy: 0.7917
2024-10-29 02:02:37,526: DP:0.06, EO:0.26
2024-10-29 02:02:48,448: Step [20/257], Loss D: 0.1986, Loss G: -0.0201
2024-10-29 02:02:51,826: Step [40/257], Loss D: 0.1645, Loss G: -0.1301
2024-10-29 02:02:55,159: Step [60/257], Loss D: 0.2687, Loss G: -0.0827
2024-10-29 02:02:58,442: Step [80/257], Loss D: 0.3332, Loss G: 0.0941
2024-10-29 02:03:01,750: Step [100/257], Loss D: 0.4026, Loss G: 0.3434
2024-10-29 02:03:04,965: Step [120/257], Loss D: 0.3711, Loss G: 0.2062
2024-10-29 02:03:08,233: Step [140/257], Loss D: 0.2093, Loss G: 0.1647
2024-10-29 02:03:11,541: Step [160/257], Loss D: 0.2694, Loss G: 0.1909
2024-10-29 02:03:14,742: Step [180/257], Loss D: 0.2841, Loss G: 0.0692
2024-10-29 02:03:18,024: Step [200/257], Loss D: 0.1722, Loss G: -0.0649
2024-10-29 02:03:21,223: Step [220/257], Loss D: 0.2921, Loss G: 0.1291
2024-10-29 02:03:24,476: Step [240/257], Loss D: 0.2055, Loss G: 0.1821
2024-10-29 02:03:37,303: Test Loss: 0.6599, Accuracy: 0.7105
2024-10-29 02:03:37,304: DP:0.12, EO:0.28
2024-10-29 02:03:47,445: Step [20/257], Loss D: 0.1488, Loss G: 0.3809
2024-10-29 02:03:50,873: Step [40/257], Loss D: 0.3062, Loss G: 0.1880
2024-10-29 02:03:54,119: Step [60/257], Loss D: 0.3315, Loss G: 0.1026
2024-10-29 02:03:57,456: Step [80/257], Loss D: 0.2272, Loss G: 0.2301
2024-10-29 02:04:00,769: Step [100/257], Loss D: 0.3469, Loss G: 0.1433
2024-10-29 02:04:03,992: Step [120/257], Loss D: 0.2181, Loss G: 0.1929
2024-10-29 02:04:07,275: Step [140/257], Loss D: 0.1126, Loss G: 0.3535
2024-10-29 02:04:10,496: Step [160/257], Loss D: 0.2608, Loss G: 0.1136
2024-10-29 02:04:13,797: Step [180/257], Loss D: 0.2133, Loss G: 0.0549
2024-10-29 02:04:17,084: Step [200/257], Loss D: 0.1821, Loss G: 0.2448
2024-10-29 02:04:20,282: Step [220/257], Loss D: 0.3405, Loss G: 0.0129
2024-10-29 02:04:23,554: Step [240/257], Loss D: 0.1766, Loss G: 0.2442
2024-10-29 02:04:36,863: Test Loss: 0.6517, Accuracy: 0.7917
2024-10-29 02:04:36,864: DP:0.08, EO:0.35
2024-10-29 02:04:47,961: Step [20/257], Loss D: 0.0771, Loss G: 0.4290
2024-10-29 02:04:51,222: Step [40/257], Loss D: 0.1965, Loss G: 0.2264
2024-10-29 02:04:54,536: Step [60/257], Loss D: 0.1641, Loss G: 0.2326
2024-10-29 02:04:57,800: Step [80/257], Loss D: 0.2704, Loss G: 0.1370
2024-10-29 02:05:01,118: Step [100/257], Loss D: 0.2387, Loss G: 0.3121
2024-10-29 02:05:04,391: Step [120/257], Loss D: 0.0985, Loss G: 0.1894
2024-10-29 02:05:07,634: Step [140/257], Loss D: 0.2098, Loss G: 0.2213
2024-10-29 02:05:10,958: Step [160/257], Loss D: 0.2208, Loss G: 0.0399
2024-10-29 02:05:14,183: Step [180/257], Loss D: 0.1492, Loss G: 0.3771
2024-10-29 02:05:17,524: Step [200/257], Loss D: 0.2704, Loss G: 0.2369
2024-10-29 02:05:20,804: Step [220/257], Loss D: 0.2418, Loss G: 0.0874
2024-10-29 02:05:23,999: Step [240/257], Loss D: 0.2049, Loss G: 0.2487
2024-10-29 02:05:36,775: Test Loss: 0.6447, Accuracy: 0.8344
2024-10-29 02:05:36,775: DP:0.06, EO:0.29
2024-10-29 02:05:46,931: Step [20/257], Loss D: 0.1533, Loss G: 0.0439
2024-10-29 02:05:50,273: Step [40/257], Loss D: 0.2100, Loss G: 0.1926
2024-10-29 02:05:53,467: Step [60/257], Loss D: 0.1855, Loss G: 0.4577
2024-10-29 02:05:56,774: Step [80/257], Loss D: 0.2886, Loss G: 0.2354
2024-10-29 02:06:00,068: Step [100/257], Loss D: 0.2010, Loss G: 0.1740
2024-10-29 02:06:03,271: Step [120/257], Loss D: 0.2618, Loss G: 0.2173
2024-10-29 02:06:06,667: Step [140/257], Loss D: 0.3757, Loss G: 0.2179
2024-10-29 02:06:09,988: Step [160/257], Loss D: 0.1402, Loss G: 0.0518
2024-10-29 02:06:13,318: Step [180/257], Loss D: 0.1768, Loss G: 0.2277
2024-10-29 02:06:16,584: Step [200/257], Loss D: 0.2874, Loss G: 0.3090
2024-10-29 02:06:19,810: Step [220/257], Loss D: 0.2897, Loss G: 0.2707
2024-10-29 02:06:23,097: Step [240/257], Loss D: 0.2814, Loss G: 0.1606
2024-10-29 02:06:36,083: Test Loss: 0.6448, Accuracy: 0.8026
2024-10-29 02:06:36,083: DP:0.05, EO:0.25
2024-10-29 02:06:46,250: Step [20/257], Loss D: 0.2419, Loss G: 0.2338
2024-10-29 02:06:49,497: Step [40/257], Loss D: 0.1947, Loss G: 0.0329
2024-10-29 02:06:52,797: Step [60/257], Loss D: 0.1445, Loss G: 0.2492
2024-10-29 02:06:56,113: Step [80/257], Loss D: 0.1041, Loss G: 0.2524
2024-10-29 02:06:59,502: Step [100/257], Loss D: 0.2768, Loss G: 0.4087
2024-10-29 02:07:02,884: Step [120/257], Loss D: 0.2439, Loss G: 0.4671
2024-10-29 02:07:06,143: Step [140/257], Loss D: 0.1445, Loss G: 0.3395
2024-10-29 02:07:09,514: Step [160/257], Loss D: 0.2634, Loss G: 0.3395
2024-10-29 02:07:12,752: Step [180/257], Loss D: 0.2520, Loss G: 0.2024
2024-10-29 02:07:16,036: Step [200/257], Loss D: 0.2956, Loss G: -0.0373
2024-10-29 02:07:19,333: Step [220/257], Loss D: 0.1625, Loss G: 0.3061
2024-10-29 02:07:22,546: Step [240/257], Loss D: 0.1423, Loss G: 0.2363
2024-10-29 02:07:35,261: Test Loss: 0.6453, Accuracy: 0.8268
2024-10-29 02:07:35,262: DP:0.05, EO:0.19
2024-10-29 02:07:45,207: Step [20/257], Loss D: 0.2935, Loss G: 0.2964
2024-10-29 02:07:48,425: Step [40/257], Loss D: 0.1428, Loss G: 0.1589
2024-10-29 02:07:51,809: Step [60/257], Loss D: 0.1305, Loss G: 0.2838
2024-10-29 02:07:55,148: Step [80/257], Loss D: 0.1334, Loss G: 0.1933
2024-10-29 02:07:58,448: Step [100/257], Loss D: 0.1943, Loss G: 0.2189
2024-10-29 02:08:01,747: Step [120/257], Loss D: 0.1308, Loss G: 0.1159
2024-10-29 02:08:04,970: Step [140/257], Loss D: 0.2328, Loss G: 0.2827
2024-10-29 02:08:08,290: Step [160/257], Loss D: 0.2444, Loss G: 0.2722
2024-10-29 02:08:11,558: Step [180/257], Loss D: 0.1220, Loss G: 0.2066
2024-10-29 02:08:14,781: Step [200/257], Loss D: 0.1355, Loss G: 0.2793
2024-10-29 02:08:18,049: Step [220/257], Loss D: 0.1628, Loss G: 0.3252
2024-10-29 02:08:21,227: Step [240/257], Loss D: 0.1103, Loss G: 0.2283
2024-10-29 02:08:34,130: Test Loss: 0.6409, Accuracy: 0.8882
2024-10-29 02:08:34,130: DP:0.02, EO:0.31
2024-10-29 02:08:45,164: Step [20/257], Loss D: 0.0871, Loss G: 0.0743
2024-10-29 02:08:48,596: Step [40/257], Loss D: 0.3458, Loss G: 0.1151
2024-10-29 02:08:51,854: Step [60/257], Loss D: 0.2693, Loss G: 0.2818
2024-10-29 02:08:55,140: Step [80/257], Loss D: 0.0996, Loss G: 0.1204
2024-10-29 02:08:58,465: Step [100/257], Loss D: 0.0773, Loss G: 0.4193
2024-10-29 02:09:01,690: Step [120/257], Loss D: 0.1313, Loss G: 0.3162
2024-10-29 02:09:04,962: Step [140/257], Loss D: 0.1311, Loss G: 0.3755
2024-10-29 02:09:08,132: Step [160/257], Loss D: 0.1641, Loss G: 0.2617
2024-10-29 02:09:11,390: Step [180/257], Loss D: 0.1612, Loss G: 0.1733
2024-10-29 02:09:14,643: Step [200/257], Loss D: 0.1576, Loss G: 0.3158
2024-10-29 02:09:17,847: Step [220/257], Loss D: 0.2866, Loss G: 0.1761
2024-10-29 02:09:21,120: Step [240/257], Loss D: 0.1351, Loss G: 0.1430
2024-10-29 02:09:35,684: Test Loss: 0.6472, Accuracy: 0.8158
2024-10-29 02:09:35,684: DP:0.05, EO:0.25
2024-10-29 02:09:45,671: Step [20/257], Loss D: 0.1523, Loss G: 0.5140
2024-10-29 02:09:48,891: Step [40/257], Loss D: 0.0978, Loss G: 0.1066
2024-10-29 02:09:52,277: Step [60/257], Loss D: 0.1244, Loss G: 0.1666
2024-10-29 02:09:55,552: Step [80/257], Loss D: 0.1525, Loss G: 0.4145
2024-10-29 02:09:58,897: Step [100/257], Loss D: 0.1196, Loss G: 0.4702
2024-10-29 02:10:02,214: Step [120/257], Loss D: 0.1450, Loss G: 0.1600
2024-10-29 02:10:05,447: Step [140/257], Loss D: 0.1001, Loss G: 0.4127
2024-10-29 02:10:08,732: Step [160/257], Loss D: 0.1207, Loss G: 0.3648
2024-10-29 02:10:11,934: Step [180/257], Loss D: 0.0984, Loss G: 0.2698
2024-10-29 02:10:15,226: Step [200/257], Loss D: 0.3140, Loss G: 0.2684
2024-10-29 02:10:18,494: Step [220/257], Loss D: 0.0901, Loss G: 0.2775
2024-10-29 02:10:21,716: Step [240/257], Loss D: 0.1664, Loss G: 0.1676
2024-10-29 02:10:34,808: Test Loss: 0.6462, Accuracy: 0.8629
2024-10-29 02:10:34,808: DP:0.05, EO:0.35
2024-10-29 02:10:44,845: Step [20/257], Loss D: 0.2288, Loss G: 0.4603
2024-10-29 02:10:48,108: Step [40/257], Loss D: 0.2613, Loss G: 0.0380
2024-10-29 02:10:51,432: Step [60/257], Loss D: 0.1672, Loss G: 0.2290
2024-10-29 02:10:54,812: Step [80/257], Loss D: 0.1764, Loss G: 0.1830
2024-10-29 02:10:58,060: Step [100/257], Loss D: 0.0893, Loss G: 0.2286
2024-10-29 02:11:01,400: Step [120/257], Loss D: 0.1860, Loss G: 0.4376
2024-10-29 02:11:04,690: Step [140/257], Loss D: 0.2382, Loss G: 0.3269
2024-10-29 02:11:07,924: Step [160/257], Loss D: 0.1965, Loss G: 0.2499
2024-10-29 02:11:11,222: Step [180/257], Loss D: 0.0841, Loss G: 0.2188
2024-10-29 02:11:14,421: Step [200/257], Loss D: 0.1029, Loss G: 0.1672
2024-10-29 02:11:17,748: Step [220/257], Loss D: 0.1328, Loss G: 0.1664
2024-10-29 02:11:21,028: Step [240/257], Loss D: 0.2384, Loss G: 0.1139
2024-10-29 02:11:34,181: Test Loss: 0.6494, Accuracy: 0.8322
2024-10-29 02:11:34,181: DP:0.06, EO:0.28
2024-10-29 02:11:44,346: Step [20/257], Loss D: 0.2448, Loss G: 0.2723
2024-10-29 02:11:47,592: Step [40/257], Loss D: 0.1264, Loss G: 0.2267
2024-10-29 02:11:50,870: Step [60/257], Loss D: 0.1475, Loss G: 0.4004
2024-10-29 02:11:54,090: Step [80/257], Loss D: 0.1971, Loss G: 0.3628
2024-10-29 02:11:57,374: Step [100/257], Loss D: 0.2351, Loss G: 0.2025
2024-10-29 02:12:00,671: Step [120/257], Loss D: 0.1751, Loss G: 0.4679
2024-10-29 02:12:03,870: Step [140/257], Loss D: 0.1142, Loss G: 0.3851
2024-10-29 02:12:07,152: Step [160/257], Loss D: 0.2511, Loss G: 0.3811
2024-10-29 02:12:10,357: Step [180/257], Loss D: 0.1061, Loss G: 0.2008
2024-10-29 02:12:13,623: Step [200/257], Loss D: 0.0353, Loss G: 0.1440
2024-10-29 02:12:16,911: Step [220/257], Loss D: 0.1760, Loss G: 0.1570
2024-10-29 02:12:20,102: Step [240/257], Loss D: 0.1812, Loss G: 0.4815
2024-10-29 02:12:32,807: Test Loss: 0.6471, Accuracy: 0.8553
2024-10-29 02:12:32,807: DP:0.04, EO:0.28
2024-10-29 02:12:42,736: Step [20/257], Loss D: 0.2667, Loss G: 0.0538
2024-10-29 02:12:46,046: Step [40/257], Loss D: 0.0880, Loss G: 0.3078
2024-10-29 02:12:49,364: Step [60/257], Loss D: 0.1652, Loss G: 0.1211
2024-10-29 02:12:52,572: Step [80/257], Loss D: 0.1683, Loss G: 0.2580
2024-10-29 02:12:55,876: Step [100/257], Loss D: 0.1205, Loss G: 0.3578
2024-10-29 02:12:59,090: Step [120/257], Loss D: 0.1670, Loss G: 0.3373
2024-10-29 02:13:02,408: Step [140/257], Loss D: 0.2532, Loss G: 0.3942
2024-10-29 02:13:05,694: Step [160/257], Loss D: 0.1785, Loss G: 0.2321
2024-10-29 02:13:08,899: Step [180/257], Loss D: 0.0890, Loss G: 0.1037
2024-10-29 02:13:12,166: Step [200/257], Loss D: 0.2298, Loss G: 0.2287
2024-10-29 02:13:15,439: Step [220/257], Loss D: 0.1443, Loss G: 0.3679
2024-10-29 02:13:18,695: Step [240/257], Loss D: 0.1209, Loss G: 0.3117
2024-10-29 02:13:31,906: Test Loss: 0.6471, Accuracy: 0.8169
2024-10-29 02:13:31,907: DP:0.07, EO:0.25
2024-10-29 02:13:41,921: Step [20/257], Loss D: 0.1532, Loss G: 0.3447
2024-10-29 02:13:45,197: Step [40/257], Loss D: 0.1520, Loss G: 0.2394
2024-10-29 02:13:48,415: Step [60/257], Loss D: 0.0964, Loss G: 0.4214
2024-10-29 02:13:51,683: Step [80/257], Loss D: 0.1752, Loss G: 0.4318
2024-10-29 02:13:54,872: Step [100/257], Loss D: 0.1030, Loss G: 0.2680
2024-10-29 02:13:58,146: Step [120/257], Loss D: 0.1817, Loss G: -0.0430
2024-10-29 02:14:01,499: Step [140/257], Loss D: 0.2600, Loss G: 0.3216
2024-10-29 02:14:04,710: Step [160/257], Loss D: 0.1170, Loss G: 0.3913
2024-10-29 02:14:08,004: Step [180/257], Loss D: 0.3200, Loss G: 0.1853
2024-10-29 02:14:11,239: Step [200/257], Loss D: 0.2514, Loss G: 0.3680
2024-10-29 02:14:14,603: Step [220/257], Loss D: 0.2223, Loss G: 0.3488
2024-10-29 02:14:17,880: Step [240/257], Loss D: 0.1717, Loss G: 0.2886
2024-10-29 02:14:31,196: Test Loss: 0.6482, Accuracy: 0.8344
2024-10-29 02:14:31,196: DP:0.06, EO:0.25
2024-10-29 02:14:41,250: Step [20/257], Loss D: 0.1351, Loss G: 0.2546
2024-10-29 02:14:44,570: Step [40/257], Loss D: 0.2735, Loss G: 0.3777
2024-10-29 02:14:47,868: Step [60/257], Loss D: 0.1528, Loss G: 0.1729
2024-10-29 02:14:51,081: Step [80/257], Loss D: 0.1851, Loss G: 0.2323
2024-10-29 02:14:54,375: Step [100/257], Loss D: 0.1733, Loss G: 0.2998
2024-10-29 02:14:57,573: Step [120/257], Loss D: 0.0927, Loss G: 0.1859
2024-10-29 02:15:00,834: Step [140/257], Loss D: 0.1968, Loss G: 0.2290
2024-10-29 02:15:04,173: Step [160/257], Loss D: 0.2859, Loss G: 0.1790
2024-10-29 02:15:07,363: Step [180/257], Loss D: 0.0951, Loss G: 0.1798
2024-10-29 02:15:10,636: Step [200/257], Loss D: 0.1327, Loss G: 0.3178
2024-10-29 02:15:13,819: Step [220/257], Loss D: 0.1519, Loss G: 0.2771
2024-10-29 02:15:17,071: Step [240/257], Loss D: 0.2287, Loss G: 0.2899
2024-10-29 02:15:30,275: Test Loss: 0.6485, Accuracy: 0.8432
2024-10-29 02:15:30,276: DP:0.06, EO:0.33
2024-10-29 02:15:40,253: Step [20/257], Loss D: 0.1786, Loss G: 0.3775
2024-10-29 02:15:43,543: Step [40/257], Loss D: 0.2478, Loss G: 0.4869
2024-10-29 02:15:46,791: Step [60/257], Loss D: 0.2645, Loss G: 0.3927
2024-10-29 02:15:50,106: Step [80/257], Loss D: 0.1318, Loss G: 0.4172
2024-10-29 02:15:53,340: Step [100/257], Loss D: 0.0822, Loss G: 0.0522
2024-10-29 02:15:56,631: Step [120/257], Loss D: 0.2304, Loss G: 0.2925
2024-10-29 02:15:59,902: Step [140/257], Loss D: 0.3108, Loss G: 0.2455
2024-10-29 02:16:03,108: Step [160/257], Loss D: 0.2337, Loss G: 0.1600
2024-10-29 02:16:06,377: Step [180/257], Loss D: 0.1510, Loss G: 0.2413
2024-10-29 02:16:09,553: Step [200/257], Loss D: 0.1469, Loss G: 0.3568
2024-10-29 02:16:12,805: Step [220/257], Loss D: 0.0961, Loss G: 0.2350
2024-10-29 02:16:16,050: Step [240/257], Loss D: 0.1125, Loss G: 0.5032
2024-10-29 02:16:29,976: Test Loss: 0.6442, Accuracy: 0.8684
2024-10-29 02:16:29,976: DP:0.05, EO:0.22
2024-10-29 02:16:40,023: Step [20/257], Loss D: 0.2308, Loss G: 0.3312
2024-10-29 02:16:43,253: Step [40/257], Loss D: 0.2029, Loss G: 0.3519
2024-10-29 02:16:46,512: Step [60/257], Loss D: 0.0715, Loss G: 0.3808
2024-10-29 02:16:49,718: Step [80/257], Loss D: 0.1076, Loss G: 0.2940
2024-10-29 02:16:53,018: Step [100/257], Loss D: 0.1815, Loss G: 0.3373
2024-10-29 02:16:56,295: Step [120/257], Loss D: 0.1495, Loss G: 0.3138
2024-10-29 02:16:59,523: Step [140/257], Loss D: 0.1237, Loss G: 0.2908
2024-10-29 02:17:02,822: Step [160/257], Loss D: 0.1039, Loss G: 0.3060
2024-10-29 02:17:06,047: Step [180/257], Loss D: 0.0808, Loss G: 0.3965
2024-10-29 02:17:09,315: Step [200/257], Loss D: 0.2226, Loss G: 0.3777
2024-10-29 02:17:12,568: Step [220/257], Loss D: 0.2757, Loss G: 0.3110
2024-10-29 02:17:15,745: Step [240/257], Loss D: 0.1383, Loss G: 0.2866
2024-10-29 02:17:28,984: Test Loss: 0.6464, Accuracy: 0.8213
2024-10-29 02:17:28,985: DP:0.07, EO:0.28
2024-10-29 02:17:39,033: Step [20/257], Loss D: 0.3276, Loss G: 0.3995
2024-10-29 02:17:42,316: Step [40/257], Loss D: 0.1729, Loss G: 0.2409
2024-10-29 02:17:45,604: Step [60/257], Loss D: 0.1812, Loss G: 0.2865
2024-10-29 02:17:48,795: Step [80/257], Loss D: 0.1217, Loss G: 0.3212
2024-10-29 02:17:52,073: Step [100/257], Loss D: 0.1568, Loss G: 0.4107
2024-10-29 02:17:55,274: Step [120/257], Loss D: 0.1661, Loss G: 0.3640
2024-10-29 02:17:58,561: Step [140/257], Loss D: 0.1064, Loss G: 0.2488
2024-10-29 02:18:01,866: Step [160/257], Loss D: 0.1912, Loss G: 0.3231
2024-10-29 02:18:05,069: Step [180/257], Loss D: 0.1583, Loss G: 0.4032
2024-10-29 02:18:08,356: Step [200/257], Loss D: 0.2475, Loss G: 0.2616
2024-10-29 02:18:11,550: Step [220/257], Loss D: 0.1769, Loss G: 0.2817
2024-10-29 02:18:14,808: Step [240/257], Loss D: 0.2378, Loss G: 0.3831
2024-10-29 02:18:27,595: Test Loss: 0.6435, Accuracy: 0.8432
2024-10-29 02:18:27,595: DP:0.04, EO:0.38
2024-10-29 02:18:38,118: Step [20/257], Loss D: 0.2270, Loss G: 0.2903
2024-10-29 02:18:41,370: Step [40/257], Loss D: 0.1384, Loss G: 0.3065
2024-10-29 02:18:44,639: Step [60/257], Loss D: 0.1745, Loss G: 0.2641
2024-10-29 02:18:47,941: Step [80/257], Loss D: 0.1208, Loss G: 0.3194
2024-10-29 02:18:51,148: Step [100/257], Loss D: 0.1009, Loss G: 0.4078
2024-10-29 02:18:54,436: Step [120/257], Loss D: 0.1415, Loss G: 0.4091
2024-10-29 02:18:57,653: Step [140/257], Loss D: 0.1264, Loss G: 0.3818
2024-10-29 02:19:00,910: Step [160/257], Loss D: 0.0816, Loss G: 0.4531
2024-10-29 02:19:04,203: Step [180/257], Loss D: 0.1445, Loss G: 0.0797
2024-10-29 02:19:07,438: Step [200/257], Loss D: 0.1356, Loss G: 0.4080
2024-10-29 02:19:10,758: Step [220/257], Loss D: 0.0937, Loss G: 0.4980
2024-10-29 02:19:14,006: Step [240/257], Loss D: 0.2088, Loss G: 0.5784
2024-10-29 02:19:26,848: Test Loss: 0.6469, Accuracy: 0.8289
2024-10-29 02:19:26,848: DP:0.05, EO:0.22
2024-10-29 02:19:36,901: Step [20/257], Loss D: 0.2142, Loss G: 0.3512
2024-10-29 02:19:40,264: Step [40/257], Loss D: 0.1701, Loss G: 0.3469
2024-10-29 02:19:43,534: Step [60/257], Loss D: 0.1053, Loss G: 0.4251
2024-10-29 02:19:46,869: Step [80/257], Loss D: 0.1527, Loss G: 0.2404
2024-10-29 02:19:50,195: Step [100/257], Loss D: 0.1685, Loss G: 0.1661
2024-10-29 02:19:53,449: Step [120/257], Loss D: 0.0572, Loss G: 0.4811
2024-10-29 02:19:56,749: Step [140/257], Loss D: 0.1883, Loss G: 0.2484
2024-10-29 02:19:59,968: Step [160/257], Loss D: 0.1674, Loss G: 0.3101
2024-10-29 02:20:03,272: Step [180/257], Loss D: 0.1256, Loss G: 0.3848
2024-10-29 02:20:06,539: Step [200/257], Loss D: 0.2068, Loss G: 0.3461
2024-10-29 02:20:09,720: Step [220/257], Loss D: 0.1839, Loss G: 0.3987
2024-10-29 02:20:12,989: Step [240/257], Loss D: 0.1686, Loss G: 0.2975
2024-10-29 02:20:25,864: Test Loss: 0.6506, Accuracy: 0.8289
2024-10-29 02:20:25,864: DP:0.08, EO:0.33
2024-10-29 02:20:36,043: Step [20/257], Loss D: 0.1079, Loss G: 0.1224
2024-10-29 02:20:39,342: Step [40/257], Loss D: 0.1287, Loss G: 0.3637
2024-10-29 02:20:42,681: Step [60/257], Loss D: 0.1459, Loss G: 0.2231
2024-10-29 02:20:45,924: Step [80/257], Loss D: 0.3492, Loss G: 0.3858
2024-10-29 02:20:49,274: Step [100/257], Loss D: 0.1841, Loss G: 0.4635
2024-10-29 02:20:52,579: Step [120/257], Loss D: 0.0813, Loss G: 0.3728
2024-10-29 02:20:55,829: Step [140/257], Loss D: 0.0755, Loss G: 0.2892
2024-10-29 02:20:59,166: Step [160/257], Loss D: 0.1633, Loss G: 0.2082
2024-10-29 02:21:02,351: Step [180/257], Loss D: 0.1609, Loss G: 0.2159
2024-10-29 02:21:05,617: Step [200/257], Loss D: 0.0981, Loss G: 0.2626
2024-10-29 02:21:08,887: Step [220/257], Loss D: 0.1227, Loss G: 0.1260
2024-10-29 02:21:12,081: Step [240/257], Loss D: 0.1170, Loss G: 0.3748
2024-10-29 02:21:26,804: Test Loss: 0.6456, Accuracy: 0.8728
2024-10-29 02:21:26,805: DP:0.03, EO:0.28
2024-10-29 02:21:37,015: Step [20/257], Loss D: 0.1592, Loss G: 0.4013
2024-10-29 02:21:40,294: Step [40/257], Loss D: 0.1164, Loss G: 0.3831
2024-10-29 02:21:43,623: Step [60/257], Loss D: 0.1315, Loss G: 0.4597
2024-10-29 02:21:47,022: Step [80/257], Loss D: 0.1455, Loss G: 0.4020
2024-10-29 02:21:50,349: Step [100/257], Loss D: 0.0846, Loss G: 0.3873
2024-10-29 02:21:53,578: Step [120/257], Loss D: 0.1009, Loss G: 0.2764
2024-10-29 02:21:56,853: Step [140/257], Loss D: 0.1010, Loss G: 0.4223
2024-10-29 02:22:00,076: Step [160/257], Loss D: 0.2094, Loss G: 0.4198
2024-10-29 02:22:03,339: Step [180/257], Loss D: 0.1460, Loss G: 0.3807
2024-10-29 02:22:06,595: Step [200/257], Loss D: 0.0668, Loss G: 0.3248
2024-10-29 02:22:09,790: Step [220/257], Loss D: 0.2001, Loss G: 0.4114
2024-10-29 02:22:13,073: Step [240/257], Loss D: 0.0961, Loss G: 0.3793
2024-10-29 02:22:26,275: Test Loss: 0.6439, Accuracy: 0.8662
2024-10-29 02:22:26,275: DP:0.04, EO:0.28
2024-10-29 02:22:36,352: Step [20/257], Loss D: 0.0443, Loss G: 0.3131
2024-10-29 02:22:39,568: Step [40/257], Loss D: 0.1114, Loss G: 0.4352
2024-10-29 02:22:42,930: Step [60/257], Loss D: 0.1221, Loss G: 0.3870
2024-10-29 02:22:46,200: Step [80/257], Loss D: 0.0846, Loss G: 0.4229
2024-10-29 02:22:49,425: Step [100/257], Loss D: 0.1002, Loss G: 0.3664
2024-10-29 02:22:52,751: Step [120/257], Loss D: 0.1182, Loss G: 0.1642
2024-10-29 02:22:55,956: Step [140/257], Loss D: 0.1222, Loss G: 0.3148
2024-10-29 02:22:59,287: Step [160/257], Loss D: 0.0847, Loss G: 0.4179
2024-10-29 02:23:02,564: Step [180/257], Loss D: 0.1126, Loss G: 0.2321
2024-10-29 02:23:05,729: Step [200/257], Loss D: 0.0939, Loss G: 0.3511
2024-10-29 02:23:08,969: Step [220/257], Loss D: 0.0670, Loss G: 0.4089
2024-10-29 02:23:12,115: Step [240/257], Loss D: 0.2366, Loss G: 0.3727
2024-10-29 02:23:25,122: Test Loss: 0.6430, Accuracy: 0.8673
2024-10-29 02:23:25,123: DP:0.02, EO:0.18
2024-10-29 02:23:34,979: Step [20/257], Loss D: 0.1548, Loss G: 0.3320
2024-10-29 02:23:38,364: Step [40/257], Loss D: 0.0532, Loss G: 0.1753
2024-10-29 02:23:41,639: Step [60/257], Loss D: 0.1593, Loss G: 0.1705
2024-10-29 02:23:45,017: Step [80/257], Loss D: 0.1211, Loss G: 0.2174
2024-10-29 02:23:48,345: Step [100/257], Loss D: 0.0724, Loss G: 0.2822
2024-10-29 02:23:51,583: Step [120/257], Loss D: 0.0796, Loss G: 0.3747
2024-10-29 02:23:54,886: Step [140/257], Loss D: 0.1057, Loss G: 0.3377
2024-10-29 02:23:58,116: Step [160/257], Loss D: 0.0780, Loss G: 0.4042
2024-10-29 02:24:01,434: Step [180/257], Loss D: 0.1385, Loss G: 0.4196
2024-10-29 02:24:04,732: Step [200/257], Loss D: 0.1118, Loss G: 0.3679
2024-10-29 02:24:07,933: Step [220/257], Loss D: 0.0963, Loss G: 0.2237
2024-10-29 02:24:11,173: Step [240/257], Loss D: 0.1647, Loss G: 0.1154
2024-10-29 02:24:24,319: Test Loss: 0.6452, Accuracy: 0.8465
2024-10-29 02:24:24,319: DP:0.05, EO:0.29
2024-10-29 02:24:34,305: Step [20/257], Loss D: 0.0995, Loss G: 0.3218
2024-10-29 02:24:37,633: Step [40/257], Loss D: 0.0522, Loss G: 0.3413
2024-10-29 02:24:41,003: Step [60/257], Loss D: 0.1413, Loss G: 0.4673
2024-10-29 02:24:44,339: Step [80/257], Loss D: 0.1146, Loss G: 0.4531
2024-10-29 02:24:47,585: Step [100/257], Loss D: 0.1173, Loss G: 0.2400
2024-10-29 02:24:50,904: Step [120/257], Loss D: 0.1162, Loss G: 0.4349
2024-10-29 02:24:54,134: Step [140/257], Loss D: 0.0659, Loss G: 0.1473
2024-10-29 02:24:57,422: Step [160/257], Loss D: 0.0947, Loss G: 0.3367
2024-10-29 02:25:00,717: Step [180/257], Loss D: 0.2174, Loss G: 0.3440
2024-10-29 02:25:03,944: Step [200/257], Loss D: 0.1650, Loss G: 0.4230
2024-10-29 02:25:07,245: Step [220/257], Loss D: 0.0736, Loss G: 0.1692
2024-10-29 02:25:10,434: Step [240/257], Loss D: 0.0521, Loss G: 0.3030
2024-10-29 02:25:23,467: Test Loss: 0.6458, Accuracy: 0.8607
2024-10-29 02:25:23,467: DP:0.05, EO:0.31
2024-10-29 02:25:33,309: Step [20/257], Loss D: 0.1003, Loss G: 0.3396
2024-10-29 02:25:36,656: Step [40/257], Loss D: 0.1784, Loss G: 0.3274
2024-10-29 02:25:39,927: Step [60/257], Loss D: 0.1103, Loss G: 0.5735
2024-10-29 02:25:43,237: Step [80/257], Loss D: 0.1350, Loss G: 0.2850
2024-10-29 02:25:46,561: Step [100/257], Loss D: 0.1502, Loss G: 0.2231
2024-10-29 02:25:49,820: Step [120/257], Loss D: 0.0808, Loss G: 0.4743
2024-10-29 02:25:53,100: Step [140/257], Loss D: 0.0870, Loss G: 0.3172
2024-10-29 02:25:56,320: Step [160/257], Loss D: 0.0918, Loss G: 0.4183
2024-10-29 02:25:59,615: Step [180/257], Loss D: 0.1754, Loss G: 0.3759
2024-10-29 02:26:02,930: Step [200/257], Loss D: 0.1086, Loss G: 0.2202
2024-10-29 02:26:06,144: Step [220/257], Loss D: 0.1631, Loss G: 0.3761
2024-10-29 02:26:09,432: Step [240/257], Loss D: 0.1187, Loss G: 0.2639
2024-10-29 02:26:23,973: Test Loss: 0.6438, Accuracy: 0.8575
2024-10-29 02:26:23,974: DP:0.04, EO:0.22
2024-10-29 02:26:34,860: Step [20/257], Loss D: 0.0771, Loss G: 0.3379
2024-10-29 02:26:38,208: Step [40/257], Loss D: 0.0851, Loss G: 0.3752
2024-10-29 02:26:41,514: Step [60/257], Loss D: 0.1480, Loss G: 0.4564
2024-10-29 02:26:44,733: Step [80/257], Loss D: 0.0866, Loss G: 0.4221
2024-10-29 02:26:48,003: Step [100/257], Loss D: 0.1457, Loss G: 0.4162
2024-10-29 02:26:51,209: Step [120/257], Loss D: 0.0728, Loss G: 0.3273
2024-10-29 02:26:54,477: Step [140/257], Loss D: 0.1039, Loss G: 0.2081
2024-10-29 02:26:57,778: Step [160/257], Loss D: 0.1016, Loss G: 0.1994
2024-10-29 02:27:01,021: Step [180/257], Loss D: 0.0741, Loss G: 0.3479
2024-10-29 02:27:04,316: Step [200/257], Loss D: 0.1022, Loss G: 0.4095
2024-10-29 02:27:07,607: Step [220/257], Loss D: 0.1745, Loss G: 0.3190
2024-10-29 02:27:10,827: Step [240/257], Loss D: 0.0845, Loss G: 0.4200
2024-10-29 02:27:23,421: Test Loss: 0.6435, Accuracy: 0.8684
2024-10-29 02:27:23,422: DP:0.03, EO:0.31
2024-10-29 02:27:33,365: Step [20/257], Loss D: 0.1182, Loss G: 0.3366
2024-10-29 02:27:36,673: Step [40/257], Loss D: 0.0984, Loss G: 0.5580
2024-10-29 02:27:39,905: Step [60/257], Loss D: 0.0791, Loss G: 0.2192
2024-10-29 02:27:43,214: Step [80/257], Loss D: 0.1402, Loss G: 0.2726
2024-10-29 02:27:46,446: Step [100/257], Loss D: 0.1531, Loss G: 0.4784
2024-10-29 02:27:49,746: Step [120/257], Loss D: 0.0694, Loss G: 0.4193
2024-10-29 02:27:53,055: Step [140/257], Loss D: 0.1606, Loss G: 0.2926
2024-10-29 02:27:56,296: Step [160/257], Loss D: 0.1194, Loss G: 0.3289
2024-10-29 02:27:59,614: Step [180/257], Loss D: 0.0720, Loss G: 0.4325
2024-10-29 02:28:02,880: Step [200/257], Loss D: 0.2134, Loss G: 0.4956
2024-10-29 02:28:06,232: Step [220/257], Loss D: 0.0807, Loss G: 0.4106
2024-10-29 02:28:09,554: Step [240/257], Loss D: 0.1532, Loss G: 0.4298
2024-10-29 02:28:22,624: Test Loss: 0.6469, Accuracy: 0.8268
2024-10-29 02:28:22,624: DP:0.06, EO:0.22
2024-10-29 02:28:32,778: Step [20/257], Loss D: 0.1237, Loss G: 0.2605
2024-10-29 02:28:36,047: Step [40/257], Loss D: 0.1261, Loss G: 0.3824
2024-10-29 02:28:39,332: Step [60/257], Loss D: 0.0955, Loss G: 0.4395
2024-10-29 02:28:42,506: Step [80/257], Loss D: 0.1881, Loss G: 0.4770
2024-10-29 02:28:45,783: Step [100/257], Loss D: 0.1014, Loss G: 0.6274
2024-10-29 02:28:49,044: Step [120/257], Loss D: 0.0855, Loss G: 0.3127
2024-10-29 02:28:52,269: Step [140/257], Loss D: 0.0967, Loss G: 0.4366
2024-10-29 02:28:55,580: Step [160/257], Loss D: 0.0775, Loss G: 0.4468
2024-10-29 02:28:58,798: Step [180/257], Loss D: 0.1158, Loss G: 0.4277
2024-10-29 02:29:02,069: Step [200/257], Loss D: 0.1109, Loss G: 0.3646
2024-10-29 02:29:05,340: Step [220/257], Loss D: 0.1343, Loss G: 0.3056
2024-10-29 02:29:08,518: Step [240/257], Loss D: 0.0423, Loss G: 0.3952
2024-10-29 02:29:21,436: Test Loss: 0.6457, Accuracy: 0.8684
2024-10-29 02:29:21,436: DP:0.04, EO:0.21
2024-10-29 02:29:31,547: Step [20/257], Loss D: 0.1189, Loss G: 0.3469
2024-10-29 02:29:34,788: Step [40/257], Loss D: 0.1318, Loss G: 0.2743
2024-10-29 02:29:38,106: Step [60/257], Loss D: 0.0919, Loss G: 0.3549
2024-10-29 02:29:41,439: Step [80/257], Loss D: 0.1249, Loss G: 0.1320
2024-10-29 02:29:44,643: Step [100/257], Loss D: 0.1689, Loss G: 0.3841
2024-10-29 02:29:47,939: Step [120/257], Loss D: 0.0899, Loss G: 0.2054
2024-10-29 02:29:51,186: Step [140/257], Loss D: 0.1046, Loss G: 0.2399
2024-10-29 02:29:54,572: Step [160/257], Loss D: 0.2161, Loss G: 0.3107
2024-10-29 02:29:57,906: Step [180/257], Loss D: 0.0656, Loss G: 0.3490
2024-10-29 02:30:01,122: Step [200/257], Loss D: 0.0882, Loss G: 0.2935
2024-10-29 02:30:04,406: Step [220/257], Loss D: 0.1216, Loss G: 0.3644
2024-10-29 02:30:07,590: Step [240/257], Loss D: 0.0346, Loss G: 0.3435
2024-10-29 02:30:20,593: Test Loss: 0.6431, Accuracy: 0.8640
2024-10-29 02:30:20,594: DP:0.05, EO:0.28
2024-10-29 02:30:30,583: Step [20/257], Loss D: 0.0814, Loss G: 0.4193
2024-10-29 02:30:33,865: Step [40/257], Loss D: 0.2045, Loss G: 0.3082
2024-10-29 02:30:37,084: Step [60/257], Loss D: 0.0983, Loss G: 0.2443
2024-10-29 02:30:40,371: Step [80/257], Loss D: 0.0869, Loss G: 0.3462
2024-10-29 02:30:43,661: Step [100/257], Loss D: 0.1257, Loss G: 0.2538
2024-10-29 02:30:46,913: Step [120/257], Loss D: 0.0767, Loss G: 0.3881
2024-10-29 02:30:50,210: Step [140/257], Loss D: 0.0810, Loss G: 0.2851
2024-10-29 02:30:53,491: Step [160/257], Loss D: 0.0473, Loss G: 0.3364
2024-10-29 02:30:56,694: Step [180/257], Loss D: 0.0651, Loss G: 0.3907
2024-10-29 02:30:59,966: Step [200/257], Loss D: 0.1247, Loss G: 0.2223
2024-10-29 02:31:03,183: Step [220/257], Loss D: 0.0920, Loss G: 0.5225
2024-10-29 02:31:06,435: Step [240/257], Loss D: 0.1066, Loss G: 0.4438
2024-10-29 02:31:20,474: Test Loss: 0.6429, Accuracy: 0.8706
2024-10-29 02:31:20,474: DP:0.04, EO:0.17
2024-10-29 02:31:30,707: Step [20/257], Loss D: 0.1060, Loss G: 0.2887
2024-10-29 02:31:34,015: Step [40/257], Loss D: 0.1296, Loss G: 0.4893
2024-10-29 02:31:37,314: Step [60/257], Loss D: 0.2084, Loss G: 0.2100
2024-10-29 02:31:40,617: Step [80/257], Loss D: 0.1136, Loss G: 0.1210
2024-10-29 02:31:43,819: Step [100/257], Loss D: 0.1417, Loss G: 0.3906
2024-10-29 02:31:47,055: Step [120/257], Loss D: 0.0467, Loss G: 0.4243
2024-10-29 02:31:50,309: Step [140/257], Loss D: 0.0898, Loss G: 0.2588
2024-10-29 02:31:53,529: Step [160/257], Loss D: 0.0634, Loss G: 0.4291
2024-10-29 02:31:56,825: Step [180/257], Loss D: 0.1519, Loss G: 0.3052
2024-10-29 02:32:00,059: Step [200/257], Loss D: 0.1817, Loss G: 0.3026
2024-10-29 02:32:03,332: Step [220/257], Loss D: 0.0531, Loss G: 0.3805
2024-10-29 02:32:06,614: Step [240/257], Loss D: 0.0846, Loss G: 0.3662
2024-10-29 02:32:20,590: Test Loss: 0.6418, Accuracy: 0.8531
2024-10-29 02:32:20,591: DP:0.06, EO:0.29
2024-10-29 02:32:31,231: Step [20/257], Loss D: 0.1209, Loss G: 0.5499
2024-10-29 02:32:34,580: Step [40/257], Loss D: 0.1436, Loss G: 0.2613
2024-10-29 02:32:37,936: Step [60/257], Loss D: 0.1577, Loss G: 0.4009
2024-10-29 02:32:41,305: Step [80/257], Loss D: 0.0834, Loss G: 0.2016
2024-10-29 02:32:44,595: Step [100/257], Loss D: 0.1416, Loss G: 0.4607
2024-10-29 02:32:47,818: Step [120/257], Loss D: 0.0794, Loss G: 0.1847
2024-10-29 02:32:51,081: Step [140/257], Loss D: 0.1298, Loss G: 0.4239
2024-10-29 02:32:54,320: Step [160/257], Loss D: 0.1631, Loss G: 0.4088
2024-10-29 02:32:57,523: Step [180/257], Loss D: 0.1337, Loss G: 0.5663
2024-10-29 02:33:00,773: Step [200/257], Loss D: 0.0565, Loss G: 0.4093
2024-10-29 02:33:03,992: Step [220/257], Loss D: 0.0978, Loss G: 0.3191
2024-10-29 02:33:07,277: Step [240/257], Loss D: 0.0951, Loss G: 0.3333
2024-10-29 02:33:20,242: Test Loss: 0.6428, Accuracy: 0.8542
2024-10-29 02:33:20,243: DP:0.06, EO:0.29
2024-10-29 02:33:30,330: Step [20/257], Loss D: 0.0760, Loss G: 0.2649
2024-10-29 02:33:33,685: Step [40/257], Loss D: 0.1091, Loss G: 0.4364
2024-10-29 02:33:37,005: Step [60/257], Loss D: 0.1476, Loss G: 0.3174
2024-10-29 02:33:40,347: Step [80/257], Loss D: 0.0542, Loss G: 0.3125
2024-10-29 02:33:43,710: Step [100/257], Loss D: 0.0824, Loss G: 0.3932
2024-10-29 02:33:46,988: Step [120/257], Loss D: 0.1749, Loss G: 0.3051
2024-10-29 02:33:50,317: Step [140/257], Loss D: 0.0421, Loss G: 0.4484
2024-10-29 02:33:53,520: Step [160/257], Loss D: 0.1984, Loss G: 0.4352
2024-10-29 02:33:56,799: Step [180/257], Loss D: 0.2304, Loss G: 0.2012
2024-10-29 02:34:00,043: Step [200/257], Loss D: 0.1371, Loss G: 0.4295
2024-10-29 02:34:03,250: Step [220/257], Loss D: 0.1052, Loss G: 0.4024
2024-10-29 02:34:06,510: Step [240/257], Loss D: 0.1606, Loss G: 0.3130
2024-10-29 02:34:19,412: Test Loss: 0.6434, Accuracy: 0.8673
2024-10-29 02:34:19,413: DP:0.05, EO:0.25
2024-10-29 02:34:29,393: Step [20/257], Loss D: 0.0920, Loss G: 0.1987
2024-10-29 02:34:32,618: Step [40/257], Loss D: 0.0601, Loss G: 0.3828
2024-10-29 02:34:36,001: Step [60/257], Loss D: 0.0566, Loss G: 0.5031
2024-10-29 02:34:39,277: Step [80/257], Loss D: 0.1379, Loss G: 0.7173
2024-10-29 02:34:42,572: Step [100/257], Loss D: 0.0532, Loss G: 0.4516
2024-10-29 02:34:45,850: Step [120/257], Loss D: 0.1053, Loss G: 0.4494
2024-10-29 02:34:49,089: Step [140/257], Loss D: 0.1325, Loss G: 0.2554
2024-10-29 02:34:52,372: Step [160/257], Loss D: 0.1029, Loss G: 0.4325
2024-10-29 02:34:55,556: Step [180/257], Loss D: 0.1627, Loss G: 0.4216
2024-10-29 02:34:58,831: Step [200/257], Loss D: 0.3384, Loss G: 0.3984
2024-10-29 02:35:02,102: Step [220/257], Loss D: 0.2219, Loss G: 0.4022
2024-10-29 02:35:05,301: Step [240/257], Loss D: 0.0988, Loss G: 0.3313
2024-10-29 02:35:18,210: Test Loss: 0.6439, Accuracy: 0.8717
2024-10-29 02:35:18,210: DP:0.04, EO:0.26
2024-10-29 02:35:28,289: Step [20/257], Loss D: 0.1671, Loss G: 0.2530
2024-10-29 02:35:31,572: Step [40/257], Loss D: 0.0688, Loss G: 0.3695
2024-10-29 02:35:34,886: Step [60/257], Loss D: 0.0431, Loss G: 0.3462
2024-10-29 02:35:38,210: Step [80/257], Loss D: 0.1007, Loss G: 0.3843
2024-10-29 02:35:41,544: Step [100/257], Loss D: 0.1015, Loss G: 0.3919
2024-10-29 02:35:44,791: Step [120/257], Loss D: 0.1342, Loss G: 0.5088
2024-10-29 02:35:48,089: Step [140/257], Loss D: 0.0765, Loss G: 0.3984
2024-10-29 02:35:51,292: Step [160/257], Loss D: 0.1003, Loss G: 0.3606
2024-10-29 02:35:54,602: Step [180/257], Loss D: 0.0559, Loss G: 0.3958
2024-10-29 02:35:57,868: Step [200/257], Loss D: 0.1104, Loss G: 0.3207
2024-10-29 02:36:01,079: Step [220/257], Loss D: 0.1476, Loss G: 0.2309
2024-10-29 02:36:04,346: Step [240/257], Loss D: 0.2292, Loss G: 0.6380
2024-10-29 02:36:18,011: Test Loss: 0.6434, Accuracy: 0.8487
2024-10-29 02:36:18,011: DP:0.06, EO:0.22
2024-10-29 02:36:28,956: Step [20/257], Loss D: 0.1014, Loss G: 0.2727
2024-10-29 02:36:32,223: Step [40/257], Loss D: 0.0998, Loss G: 0.3321
2024-10-29 02:36:35,529: Step [60/257], Loss D: 0.0806, Loss G: 0.4520
2024-10-29 02:36:38,756: Step [80/257], Loss D: 0.1235, Loss G: 0.4058
2024-10-29 02:36:42,029: Step [100/257], Loss D: 0.0653, Loss G: 0.3562
2024-10-29 02:36:45,328: Step [120/257], Loss D: 0.1990, Loss G: 0.5205
2024-10-29 02:36:48,532: Step [140/257], Loss D: 0.2327, Loss G: 0.3969
2024-10-29 02:36:51,783: Step [160/257], Loss D: 0.1224, Loss G: 0.0152
2024-10-29 02:36:55,028: Step [180/257], Loss D: 0.1479, Loss G: 0.3243
2024-10-29 02:36:58,332: Step [200/257], Loss D: 0.0644, Loss G: 0.2018
2024-10-29 02:37:01,614: Step [220/257], Loss D: 0.1234, Loss G: 0.4190
2024-10-29 02:37:04,788: Step [240/257], Loss D: 0.0608, Loss G: 0.2535
2024-10-29 02:37:17,756: Test Loss: 0.6436, Accuracy: 0.8596
2024-10-29 02:37:17,757: DP:0.06, EO:0.28
2024-10-29 02:37:28,627: Step [20/257], Loss D: 0.0820, Loss G: 0.3296
2024-10-29 02:37:31,832: Step [40/257], Loss D: 0.0900, Loss G: 0.5031
2024-10-29 02:37:35,130: Step [60/257], Loss D: 0.1241, Loss G: 0.4589
2024-10-29 02:37:38,405: Step [80/257], Loss D: 0.1651, Loss G: 0.3636
2024-10-29 02:37:41,612: Step [100/257], Loss D: 0.1991, Loss G: 0.4578
2024-10-29 02:37:44,876: Step [120/257], Loss D: 0.1295, Loss G: 0.3071
2024-10-29 02:37:48,080: Step [140/257], Loss D: 0.1175, Loss G: 0.5373
2024-10-29 02:37:51,386: Step [160/257], Loss D: 0.0570, Loss G: 0.5015
2024-10-29 02:37:54,639: Step [180/257], Loss D: 0.0719, Loss G: 0.2895
2024-10-29 02:37:57,847: Step [200/257], Loss D: 0.1097, Loss G: 0.5792
2024-10-29 02:38:01,145: Step [220/257], Loss D: 0.1201, Loss G: 0.2370
2024-10-29 02:38:04,371: Step [240/257], Loss D: 0.0956, Loss G: 0.3454
2024-10-29 02:38:17,386: Test Loss: 0.6421, Accuracy: 0.8706
2024-10-29 02:38:17,387: DP:0.04, EO:0.26
2024-10-29 02:38:27,277: Step [20/257], Loss D: 0.0675, Loss G: 0.3232
2024-10-29 02:38:30,595: Step [40/257], Loss D: 0.0886, Loss G: 0.3113
2024-10-29 02:38:33,815: Step [60/257], Loss D: 0.0923, Loss G: 0.3249
2024-10-29 02:38:37,068: Step [80/257], Loss D: 0.0798, Loss G: 0.4272
2024-10-29 02:38:40,346: Step [100/257], Loss D: 0.1156, Loss G: 0.3665
2024-10-29 02:38:43,560: Step [120/257], Loss D: 0.1586, Loss G: 0.2503
2024-10-29 02:38:46,862: Step [140/257], Loss D: 0.3053, Loss G: 0.4067
2024-10-29 02:38:50,149: Step [160/257], Loss D: 0.2133, Loss G: 0.2630
2024-10-29 02:38:53,454: Step [180/257], Loss D: 0.0846, Loss G: 0.1259
2024-10-29 02:38:56,789: Step [200/257], Loss D: 0.1265, Loss G: 0.5398
2024-10-29 02:39:00,024: Step [220/257], Loss D: 0.1876, Loss G: 0.4570
2024-10-29 02:39:03,291: Step [240/257], Loss D: 0.1114, Loss G: 0.4265
2024-10-29 02:39:15,863: Test Loss: 0.6411, Accuracy: 0.8607
2024-10-29 02:39:15,864: DP:0.04, EO:0.21
2024-10-29 02:39:25,825: Step [20/257], Loss D: 0.0453, Loss G: 0.3900
2024-10-29 02:39:29,136: Step [40/257], Loss D: 0.1972, Loss G: 0.3888
2024-10-29 02:39:32,497: Step [60/257], Loss D: 0.1224, Loss G: 0.4106
2024-10-29 02:39:35,737: Step [80/257], Loss D: 0.1761, Loss G: 0.2596
2024-10-29 02:39:39,071: Step [100/257], Loss D: 0.0809, Loss G: 0.4332
2024-10-29 02:39:42,364: Step [120/257], Loss D: 0.1471, Loss G: 0.3439
2024-10-29 02:39:45,572: Step [140/257], Loss D: 0.0663, Loss G: 0.3037
2024-10-29 02:39:48,850: Step [160/257], Loss D: 0.1402, Loss G: 0.3688
2024-10-29 02:39:52,088: Step [180/257], Loss D: 0.1725, Loss G: 0.4527
2024-10-29 02:39:55,401: Step [200/257], Loss D: 0.1365, Loss G: 0.4952
2024-10-29 02:39:58,695: Step [220/257], Loss D: 0.0550, Loss G: 0.4612
2024-10-29 02:40:01,888: Step [240/257], Loss D: 0.0975, Loss G: 0.2168
2024-10-29 02:40:14,876: Test Loss: 0.6445, Accuracy: 0.8553
2024-10-29 02:40:14,876: DP:0.04, EO:0.28
2024-10-29 02:40:14,877: Training completed.
