2024-10-29 02:40:20,527: Namespace(device='cuda', alpha=0.8, beta=1.0, lr=0.0001, pretrain_epochs=10, num_epochs=50, noise_strength=0.2, no_adversarial=False, visualize=False, debug=True, no_cam=False, seed=42, threshold=0.5, positive_weight=1.05, dataset='mimic-cxr', feature='n02')
2024-10-29 02:40:20,639: Number of GPUs available: 8
2024-10-29 02:40:22,352: Number of samples in training dataset: 8199 | testing dataset:912
2024-10-29 02:40:22,369: positive weight: 17.1123
2024-10-29 02:40:47,834: Final Training Loss: 0.6868, Accuracy: 0.8757
2024-10-29 02:41:12,053: Final Training Loss: 0.6845, Accuracy: 0.9004
2024-10-29 02:41:35,214: Final Training Loss: 0.6796, Accuracy: 0.8972
2024-10-29 02:41:58,992: Final Training Loss: 0.6776, Accuracy: 0.9063
2024-10-29 02:42:23,472: Final Training Loss: 0.6774, Accuracy: 0.9043
2024-10-29 02:42:47,603: Final Training Loss: 0.6715, Accuracy: 0.8893
2024-10-29 02:43:12,143: Final Training Loss: 0.6700, Accuracy: 0.8649
2024-10-29 02:43:36,441: Final Training Loss: 0.6694, Accuracy: 0.8723
2024-10-29 02:44:02,447: Final Training Loss: 0.6626, Accuracy: 0.8711
2024-10-29 02:44:27,536: Final Training Loss: 0.6590, Accuracy: 0.8714
2024-10-29 02:44:38,329: Test Loss: 0.6569, Accuracy: 0.8180
2024-10-29 02:44:38,329: DP:0.07, EO:0.33
2024-10-29 02:44:49,729: Step [20/257], Loss D: 0.7786, Loss G: -0.6375
2024-10-29 02:44:53,012: Step [40/257], Loss D: 0.7063, Loss G: -0.5991
2024-10-29 02:44:56,406: Step [60/257], Loss D: 0.9313, Loss G: -0.0869
2024-10-29 02:44:59,790: Step [80/257], Loss D: 0.7396, Loss G: -0.1674
2024-10-29 02:45:03,076: Step [100/257], Loss D: 0.4471, Loss G: -0.2982
2024-10-29 02:45:06,445: Step [120/257], Loss D: 0.6635, Loss G: -0.0312
2024-10-29 02:45:09,759: Step [140/257], Loss D: 0.5205, Loss G: -0.3991
2024-10-29 02:45:13,113: Step [160/257], Loss D: 0.6642, Loss G: -0.4917
2024-10-29 02:45:16,461: Step [180/257], Loss D: 0.4775, Loss G: -0.3954
2024-10-29 02:45:19,713: Step [200/257], Loss D: 0.5230, Loss G: -0.2980
2024-10-29 02:45:23,065: Step [220/257], Loss D: 0.7045, Loss G: -0.0655
2024-10-29 02:45:26,370: Step [240/257], Loss D: 0.2522, Loss G: -0.0036
2024-10-29 02:45:39,033: Test Loss: 0.6787, Accuracy: 0.7873
2024-10-29 02:45:39,033: DP:0.01, EO:0.11
2024-10-29 02:45:48,922: Step [20/257], Loss D: 0.4426, Loss G: -0.1858
2024-10-29 02:45:52,239: Step [40/257], Loss D: 0.8288, Loss G: -0.2328
2024-10-29 02:45:55,597: Step [60/257], Loss D: 0.4304, Loss G: -0.0221
2024-10-29 02:45:58,985: Step [80/257], Loss D: 0.3529, Loss G: 0.0540
2024-10-29 02:46:02,300: Step [100/257], Loss D: 0.3205, Loss G: -0.2668
2024-10-29 02:46:05,520: Step [120/257], Loss D: 0.4713, Loss G: 0.1676
2024-10-29 02:46:08,810: Step [140/257], Loss D: 0.5510, Loss G: -0.1252
2024-10-29 02:46:12,012: Step [160/257], Loss D: 0.7265, Loss G: -0.3254
2024-10-29 02:46:15,282: Step [180/257], Loss D: 0.3804, Loss G: -0.1578
2024-10-29 02:46:18,528: Step [200/257], Loss D: 0.2931, Loss G: -0.1002
2024-10-29 02:46:21,702: Step [220/257], Loss D: 0.1945, Loss G: -0.1818
2024-10-29 02:46:24,950: Step [240/257], Loss D: 0.5191, Loss G: 0.2156
2024-10-29 02:46:38,099: Test Loss: 0.6938, Accuracy: 0.5132
2024-10-29 02:46:38,100: DP:0.01, EO:0.14
2024-10-29 02:46:49,544: Step [20/257], Loss D: 0.2043, Loss G: 0.0138
2024-10-29 02:46:52,904: Step [40/257], Loss D: 0.3711, Loss G: -0.0078
2024-10-29 02:46:56,405: Step [60/257], Loss D: 0.2770, Loss G: 0.0370
2024-10-29 02:46:59,808: Step [80/257], Loss D: 0.3729, Loss G: 0.1566
2024-10-29 02:47:03,227: Step [100/257], Loss D: 0.5721, Loss G: -0.2771
2024-10-29 02:47:06,677: Step [120/257], Loss D: 0.3071, Loss G: -0.0182
2024-10-29 02:47:09,940: Step [140/257], Loss D: 0.5941, Loss G: -0.1409
2024-10-29 02:47:13,366: Step [160/257], Loss D: 0.3892, Loss G: 0.0069
2024-10-29 02:47:16,657: Step [180/257], Loss D: 0.6802, Loss G: -0.2415
2024-10-29 02:47:19,959: Step [200/257], Loss D: 0.5248, Loss G: -0.0230
2024-10-29 02:47:23,344: Step [220/257], Loss D: 0.5425, Loss G: -0.1062
2024-10-29 02:47:26,678: Step [240/257], Loss D: 0.4671, Loss G: -0.0527
2024-10-29 02:47:42,072: Test Loss: 0.6872, Accuracy: 0.5515
2024-10-29 02:47:42,073: DP:0.02, EO:0.18
2024-10-29 02:47:53,511: Step [20/257], Loss D: 0.4390, Loss G: 0.1772
2024-10-29 02:47:56,813: Step [40/257], Loss D: 0.3033, Loss G: 0.1431
2024-10-29 02:48:00,051: Step [60/257], Loss D: 0.4393, Loss G: -0.1585
2024-10-29 02:48:03,404: Step [80/257], Loss D: 0.3124, Loss G: 0.1431
2024-10-29 02:48:06,610: Step [100/257], Loss D: 0.2414, Loss G: 0.1753
2024-10-29 02:48:09,915: Step [120/257], Loss D: 0.5206, Loss G: 0.2027
2024-10-29 02:48:13,164: Step [140/257], Loss D: 0.4045, Loss G: 0.0165
2024-10-29 02:48:16,347: Step [160/257], Loss D: 0.3472, Loss G: 0.0572
2024-10-29 02:48:19,580: Step [180/257], Loss D: 0.2681, Loss G: 0.1520
2024-10-29 02:48:22,779: Step [200/257], Loss D: 0.3153, Loss G: 0.1211
2024-10-29 02:48:26,034: Step [220/257], Loss D: 0.2697, Loss G: 0.1612
2024-10-29 02:48:29,274: Step [240/257], Loss D: 0.3137, Loss G: 0.1150
2024-10-29 02:48:42,287: Test Loss: 0.6776, Accuracy: 0.7215
2024-10-29 02:48:42,287: DP:0.01, EO:0.01
2024-10-29 02:48:53,846: Step [20/257], Loss D: 0.2917, Loss G: -0.1078
2024-10-29 02:48:57,258: Step [40/257], Loss D: 0.3517, Loss G: 0.1222
2024-10-29 02:49:00,743: Step [60/257], Loss D: 0.3008, Loss G: 0.1363
2024-10-29 02:49:04,145: Step [80/257], Loss D: 0.2416, Loss G: 0.0763
2024-10-29 02:49:07,558: Step [100/257], Loss D: 0.3818, Loss G: -0.1499
2024-10-29 02:49:10,990: Step [120/257], Loss D: 0.3550, Loss G: 0.2138
2024-10-29 02:49:14,281: Step [140/257], Loss D: 0.3290, Loss G: -0.1293
2024-10-29 02:49:17,645: Step [160/257], Loss D: 0.3616, Loss G: 0.1220
2024-10-29 02:49:20,921: Step [180/257], Loss D: 0.2971, Loss G: 0.0842
2024-10-29 02:49:24,323: Step [200/257], Loss D: 0.3278, Loss G: 0.2466
2024-10-29 02:49:27,625: Step [220/257], Loss D: 0.3405, Loss G: 0.3212
2024-10-29 02:49:30,903: Step [240/257], Loss D: 0.3340, Loss G: -0.3438
2024-10-29 02:49:45,900: Test Loss: 0.6722, Accuracy: 0.7412
2024-10-29 02:49:45,901: DP:0.06, EO:0.03
2024-10-29 02:49:57,269: Step [20/257], Loss D: 0.1547, Loss G: 0.1045
2024-10-29 02:50:00,486: Step [40/257], Loss D: 0.4055, Loss G: 0.3314
2024-10-29 02:50:03,777: Step [60/257], Loss D: 0.1634, Loss G: 0.1768
2024-10-29 02:50:07,063: Step [80/257], Loss D: 0.2413, Loss G: 0.0642
2024-10-29 02:50:10,345: Step [100/257], Loss D: 0.3064, Loss G: -0.0023
2024-10-29 02:50:13,714: Step [120/257], Loss D: 0.2091, Loss G: 0.0637
2024-10-29 02:50:16,951: Step [140/257], Loss D: 0.3788, Loss G: -0.1790
2024-10-29 02:50:20,258: Step [160/257], Loss D: 0.3540, Loss G: -0.1762
2024-10-29 02:50:23,514: Step [180/257], Loss D: 0.2507, Loss G: 0.1064
2024-10-29 02:50:26,709: Step [200/257], Loss D: 0.2280, Loss G: 0.2409
2024-10-29 02:50:29,967: Step [220/257], Loss D: 0.2852, Loss G: -0.1242
2024-10-29 02:50:33,215: Step [240/257], Loss D: 0.2186, Loss G: 0.2737
2024-10-29 02:50:46,244: Test Loss: 0.6758, Accuracy: 0.8421
2024-10-29 02:50:46,244: DP:0.03, EO:0.03
2024-10-29 02:50:57,510: Step [20/257], Loss D: 0.1995, Loss G: 0.1424
2024-10-29 02:51:00,861: Step [40/257], Loss D: 0.1916, Loss G: 0.2085
2024-10-29 02:51:04,205: Step [60/257], Loss D: 0.1811, Loss G: 0.1365
2024-10-29 02:51:07,510: Step [80/257], Loss D: 0.1933, Loss G: 0.1515
2024-10-29 02:51:10,839: Step [100/257], Loss D: 0.3115, Loss G: 0.0479
2024-10-29 02:51:14,120: Step [120/257], Loss D: 0.3320, Loss G: 0.2594
2024-10-29 02:51:17,319: Step [140/257], Loss D: 0.2124, Loss G: 0.1480
2024-10-29 02:51:20,597: Step [160/257], Loss D: 0.2736, Loss G: 0.0567
2024-10-29 02:51:23,826: Step [180/257], Loss D: 0.2941, Loss G: 0.0534
2024-10-29 02:51:27,131: Step [200/257], Loss D: 0.4544, Loss G: 0.0509
2024-10-29 02:51:30,384: Step [220/257], Loss D: 0.1885, Loss G: 0.3453
2024-10-29 02:51:33,596: Step [240/257], Loss D: 0.3716, Loss G: 0.1606
2024-10-29 02:51:48,272: Test Loss: 0.6850, Accuracy: 0.8498
2024-10-29 02:51:48,273: DP:0.02, EO:0.07
2024-10-29 02:51:59,670: Step [20/257], Loss D: 0.3334, Loss G: -0.0898
2024-10-29 02:52:02,887: Step [40/257], Loss D: 0.4843, Loss G: 0.2481
2024-10-29 02:52:06,174: Step [60/257], Loss D: 0.3196, Loss G: 0.0611
2024-10-29 02:52:09,576: Step [80/257], Loss D: 0.3023, Loss G: 0.1572
2024-10-29 02:52:12,790: Step [100/257], Loss D: 0.3681, Loss G: 0.0693
2024-10-29 02:52:16,061: Step [120/257], Loss D: 0.3112, Loss G: 0.2434
2024-10-29 02:52:19,280: Step [140/257], Loss D: 0.2965, Loss G: -0.0174
2024-10-29 02:52:22,539: Step [160/257], Loss D: 0.2028, Loss G: 0.2041
2024-10-29 02:52:25,923: Step [180/257], Loss D: 0.2714, Loss G: 0.3057
2024-10-29 02:52:29,141: Step [200/257], Loss D: 0.3511, Loss G: 0.3162
2024-10-29 02:52:32,433: Step [220/257], Loss D: 0.2173, Loss G: 0.3301
2024-10-29 02:52:35,634: Step [240/257], Loss D: 0.3790, Loss G: 0.2000
2024-10-29 02:52:49,298: Test Loss: 0.6846, Accuracy: 0.8377
2024-10-29 02:52:49,298: DP:0.05, EO:0.19
2024-10-29 02:53:00,579: Step [20/257], Loss D: 0.3628, Loss G: 0.2203
2024-10-29 02:53:04,016: Step [40/257], Loss D: 0.3393, Loss G: 0.0823
2024-10-29 02:53:07,261: Step [60/257], Loss D: 0.6064, Loss G: 0.2588
2024-10-29 02:53:10,616: Step [80/257], Loss D: 0.1673, Loss G: 0.2779
2024-10-29 02:53:13,908: Step [100/257], Loss D: 0.3520, Loss G: 0.4777
2024-10-29 02:53:17,147: Step [120/257], Loss D: 0.2775, Loss G: 0.2322
2024-10-29 02:53:20,417: Step [140/257], Loss D: 0.2281, Loss G: 0.0266
2024-10-29 02:53:23,609: Step [160/257], Loss D: 0.1630, Loss G: 0.0583
2024-10-29 02:53:26,883: Step [180/257], Loss D: 0.3012, Loss G: 0.1322
2024-10-29 02:53:30,129: Step [200/257], Loss D: 0.2758, Loss G: 0.4213
2024-10-29 02:53:33,325: Step [220/257], Loss D: 0.3205, Loss G: 0.3309
2024-10-29 02:53:36,572: Step [240/257], Loss D: 0.2791, Loss G: 0.1273
2024-10-29 02:53:49,267: Test Loss: 0.6827, Accuracy: 0.7182
2024-10-29 02:53:49,267: DP:0.01, EO:0.04
2024-10-29 02:54:00,436: Step [20/257], Loss D: 0.2278, Loss G: 0.2440
2024-10-29 02:54:03,697: Step [40/257], Loss D: 0.2677, Loss G: 0.2279
2024-10-29 02:54:07,102: Step [60/257], Loss D: 0.2416, Loss G: 0.3462
2024-10-29 02:54:10,316: Step [80/257], Loss D: 0.1074, Loss G: 0.3020
2024-10-29 02:54:13,696: Step [100/257], Loss D: 0.2198, Loss G: 0.1269
2024-10-29 02:54:16,933: Step [120/257], Loss D: 0.1718, Loss G: 0.1875
2024-10-29 02:54:20,096: Step [140/257], Loss D: 0.2116, Loss G: 0.2863
2024-10-29 02:54:23,431: Step [160/257], Loss D: 0.2266, Loss G: 0.2982
2024-10-29 02:54:26,658: Step [180/257], Loss D: 0.2502, Loss G: 0.3054
2024-10-29 02:54:29,852: Step [200/257], Loss D: 0.2268, Loss G: 0.3707
2024-10-29 02:54:33,169: Step [220/257], Loss D: 0.1338, Loss G: 0.0620
2024-10-29 02:54:36,395: Step [240/257], Loss D: 0.2351, Loss G: 0.2520
2024-10-29 02:54:51,368: Test Loss: 0.6764, Accuracy: 0.8925
2024-10-29 02:54:51,369: DP:0.01, EO:0.04
2024-10-29 02:55:02,906: Step [20/257], Loss D: 0.7263, Loss G: -0.1514
2024-10-29 02:55:06,611: Step [40/257], Loss D: 0.3905, Loss G: 0.3273
2024-10-29 02:55:10,299: Step [60/257], Loss D: 0.2200, Loss G: 0.1661
2024-10-29 02:55:13,913: Step [80/257], Loss D: 0.2040, Loss G: 0.3814
2024-10-29 02:55:17,602: Step [100/257], Loss D: 0.1964, Loss G: 0.2855
2024-10-29 02:55:21,215: Step [120/257], Loss D: 0.3984, Loss G: 0.3905
2024-10-29 02:55:24,893: Step [140/257], Loss D: 0.1792, Loss G: 0.2854
2024-10-29 02:55:28,550: Step [160/257], Loss D: 0.1070, Loss G: 0.1546
2024-10-29 02:55:32,176: Step [180/257], Loss D: 0.1582, Loss G: 0.1861
2024-10-29 02:55:35,817: Step [200/257], Loss D: 0.1819, Loss G: 0.2530
2024-10-29 02:55:39,386: Step [220/257], Loss D: 0.0785, Loss G: 0.1863
2024-10-29 02:55:43,026: Step [240/257], Loss D: 0.1876, Loss G: 0.3506
2024-10-29 02:55:58,922: Test Loss: 0.6782, Accuracy: 0.8640
2024-10-29 02:55:58,923: DP:0.02, EO:0.12
2024-10-29 02:56:12,231: Step [20/257], Loss D: 0.1822, Loss G: 0.4408
2024-10-29 02:56:15,676: Step [40/257], Loss D: 0.1641, Loss G: 0.1399
2024-10-29 02:56:19,263: Step [60/257], Loss D: 0.2564, Loss G: 0.2974
2024-10-29 02:56:22,824: Step [80/257], Loss D: 0.2848, Loss G: 0.4697
2024-10-29 02:56:26,245: Step [100/257], Loss D: 0.1094, Loss G: 0.3363
2024-10-29 02:56:29,733: Step [120/257], Loss D: 0.1386, Loss G: 0.3245
2024-10-29 02:56:33,164: Step [140/257], Loss D: 0.2069, Loss G: 0.2737
2024-10-29 02:56:36,645: Step [160/257], Loss D: 0.1867, Loss G: 0.3035
2024-10-29 02:56:40,149: Step [180/257], Loss D: 0.1986, Loss G: 0.2006
2024-10-29 02:56:43,529: Step [200/257], Loss D: 0.2697, Loss G: -0.0022
2024-10-29 02:56:47,152: Step [220/257], Loss D: 0.1395, Loss G: 0.2998
2024-10-29 02:56:50,606: Step [240/257], Loss D: 0.1123, Loss G: 0.4139
2024-10-29 02:57:07,498: Test Loss: 0.6788, Accuracy: 0.8213
2024-10-29 02:57:07,499: DP:0.01, EO:0.24
2024-10-29 02:57:19,820: Step [20/257], Loss D: 0.0941, Loss G: 0.2370
2024-10-29 02:57:23,417: Step [40/257], Loss D: 0.2010, Loss G: 0.2203
2024-10-29 02:57:26,881: Step [60/257], Loss D: 0.1506, Loss G: 0.2857
2024-10-29 02:57:30,488: Step [80/257], Loss D: 0.2138, Loss G: 0.2864
2024-10-29 02:57:34,120: Step [100/257], Loss D: 0.1693, Loss G: 0.3539
2024-10-29 02:57:37,636: Step [120/257], Loss D: 0.0938, Loss G: 0.3291
2024-10-29 02:57:41,206: Step [140/257], Loss D: 0.2627, Loss G: 0.5329
2024-10-29 02:57:44,730: Step [160/257], Loss D: 0.1778, Loss G: 0.2092
2024-10-29 02:57:48,387: Step [180/257], Loss D: 0.1781, Loss G: 0.2620
2024-10-29 02:57:51,873: Step [200/257], Loss D: 0.1879, Loss G: 0.1403
2024-10-29 02:57:55,193: Step [220/257], Loss D: 0.0971, Loss G: 0.2016
2024-10-29 02:57:58,614: Step [240/257], Loss D: 0.0723, Loss G: 0.1847
2024-10-29 02:58:13,500: Test Loss: 0.6727, Accuracy: 0.8388
2024-10-29 02:58:13,501: DP:0.00, EO:0.24
2024-10-29 02:58:26,614: Step [20/257], Loss D: 0.2446, Loss G: -0.1085
2024-10-29 02:58:29,973: Step [40/257], Loss D: 0.1534, Loss G: 0.2046
2024-10-29 02:58:33,381: Step [60/257], Loss D: 0.1247, Loss G: 0.1027
2024-10-29 02:58:37,284: Step [80/257], Loss D: 0.1176, Loss G: 0.3957
2024-10-29 02:58:40,625: Step [100/257], Loss D: 0.2607, Loss G: 0.2278
2024-10-29 02:58:43,958: Step [120/257], Loss D: 0.1853, Loss G: 0.3250
2024-10-29 02:58:47,216: Step [140/257], Loss D: 0.0938, Loss G: 0.4451
2024-10-29 02:58:50,521: Step [160/257], Loss D: 0.2562, Loss G: 0.3430
2024-10-29 02:58:53,833: Step [180/257], Loss D: 0.1292, Loss G: 0.0275
2024-10-29 02:58:57,059: Step [200/257], Loss D: 0.1216, Loss G: 0.3237
2024-10-29 02:59:00,374: Step [220/257], Loss D: 0.2624, Loss G: 0.2001
2024-10-29 02:59:03,588: Step [240/257], Loss D: 0.0539, Loss G: 0.4145
2024-10-29 02:59:16,589: Test Loss: 0.6735, Accuracy: 0.8191
2024-10-29 02:59:16,589: DP:0.03, EO:0.06
2024-10-29 02:59:27,891: Step [20/257], Loss D: 0.1079, Loss G: 0.3287
2024-10-29 02:59:31,231: Step [40/257], Loss D: 0.0996, Loss G: 0.2360
2024-10-29 02:59:34,523: Step [60/257], Loss D: 0.1180, Loss G: 0.4169
2024-10-29 02:59:37,916: Step [80/257], Loss D: 0.1107, Loss G: 0.3262
2024-10-29 02:59:41,243: Step [100/257], Loss D: 0.1435, Loss G: 0.4380
2024-10-29 02:59:44,482: Step [120/257], Loss D: 0.2272, Loss G: 0.4438
2024-10-29 02:59:47,795: Step [140/257], Loss D: 0.1827, Loss G: 0.4251
2024-10-29 02:59:51,022: Step [160/257], Loss D: 0.0787, Loss G: 0.3323
2024-10-29 02:59:54,327: Step [180/257], Loss D: 0.3021, Loss G: 0.3040
2024-10-29 02:59:57,623: Step [200/257], Loss D: 0.2887, Loss G: 0.2896
2024-10-29 03:00:00,827: Step [220/257], Loss D: 0.2124, Loss G: 0.4845
2024-10-29 03:00:04,117: Step [240/257], Loss D: 0.1587, Loss G: 0.2787
2024-10-29 03:00:18,520: Test Loss: 0.6762, Accuracy: 0.8103
2024-10-29 03:00:18,520: DP:0.02, EO:0.08
2024-10-29 03:00:30,449: Step [20/257], Loss D: 0.1921, Loss G: 0.3800
2024-10-29 03:00:33,753: Step [40/257], Loss D: 0.0668, Loss G: 0.4192
2024-10-29 03:00:37,137: Step [60/257], Loss D: 0.4419, Loss G: 0.4020
2024-10-29 03:00:40,412: Step [80/257], Loss D: 0.1543, Loss G: 0.2953
2024-10-29 03:00:43,619: Step [100/257], Loss D: 0.1256, Loss G: 0.3768
2024-10-29 03:00:46,873: Step [120/257], Loss D: 0.2432, Loss G: 0.3891
2024-10-29 03:00:50,119: Step [140/257], Loss D: 0.1611, Loss G: 0.1164
2024-10-29 03:00:53,324: Step [160/257], Loss D: 0.1307, Loss G: 0.5747
2024-10-29 03:00:56,602: Step [180/257], Loss D: 0.2183, Loss G: 0.0526
2024-10-29 03:00:59,783: Step [200/257], Loss D: 0.1626, Loss G: 0.1976
2024-10-29 03:01:03,057: Step [220/257], Loss D: 0.2628, Loss G: 0.3331
2024-10-29 03:01:06,309: Step [240/257], Loss D: 0.0960, Loss G: 0.2618
2024-10-29 03:01:21,268: Test Loss: 0.6762, Accuracy: 0.7917
2024-10-29 03:01:21,269: DP:0.03, EO:0.04
2024-10-29 03:01:32,197: Step [20/257], Loss D: 0.1359, Loss G: 0.1126
2024-10-29 03:01:35,487: Step [40/257], Loss D: 0.1402, Loss G: 0.2796
2024-10-29 03:01:38,743: Step [60/257], Loss D: 0.0582, Loss G: 0.3217
2024-10-29 03:01:41,961: Step [80/257], Loss D: 0.2313, Loss G: 0.2514
2024-10-29 03:01:45,299: Step [100/257], Loss D: 0.1144, Loss G: 0.3605
2024-10-29 03:01:48,535: Step [120/257], Loss D: 0.1380, Loss G: 0.3316
2024-10-29 03:01:51,830: Step [140/257], Loss D: 0.1452, Loss G: 0.1018
2024-10-29 03:01:55,158: Step [160/257], Loss D: 0.1072, Loss G: 0.2894
2024-10-29 03:01:58,355: Step [180/257], Loss D: 0.1109, Loss G: 0.3321
2024-10-29 03:02:01,643: Step [200/257], Loss D: 0.0980, Loss G: 0.1812
2024-10-29 03:02:04,838: Step [220/257], Loss D: 0.2166, Loss G: 0.3536
2024-10-29 03:02:08,103: Step [240/257], Loss D: 0.0513, Loss G: 0.4927
2024-10-29 03:02:21,336: Test Loss: 0.6754, Accuracy: 0.6930
2024-10-29 03:02:21,336: DP:0.00, EO:0.18
2024-10-29 03:02:34,467: Step [20/257], Loss D: 0.1511, Loss G: 0.4310
2024-10-29 03:02:37,825: Step [40/257], Loss D: 0.2546, Loss G: 0.3699
2024-10-29 03:02:41,333: Step [60/257], Loss D: 0.0808, Loss G: 0.3748
2024-10-29 03:02:44,930: Step [80/257], Loss D: 0.1097, Loss G: 0.3804
2024-10-29 03:02:48,264: Step [100/257], Loss D: 0.1588, Loss G: 0.4069
2024-10-29 03:02:51,747: Step [120/257], Loss D: 0.1570, Loss G: 0.1905
2024-10-29 03:02:55,053: Step [140/257], Loss D: 0.2331, Loss G: 0.3357
2024-10-29 03:02:58,425: Step [160/257], Loss D: 0.2441, Loss G: 0.4898
2024-10-29 03:03:01,845: Step [180/257], Loss D: 0.2008, Loss G: 0.3229
2024-10-29 03:03:05,139: Step [200/257], Loss D: 0.1401, Loss G: 0.3096
2024-10-29 03:03:08,544: Step [220/257], Loss D: 0.1249, Loss G: 0.3537
2024-10-29 03:03:11,863: Step [240/257], Loss D: 0.1233, Loss G: 0.2794
2024-10-29 03:03:26,375: Test Loss: 0.6816, Accuracy: 0.7204
2024-10-29 03:03:26,375: DP:0.01, EO:0.15
2024-10-29 03:03:37,731: Step [20/257], Loss D: 0.1176, Loss G: 0.2240
2024-10-29 03:03:41,046: Step [40/257], Loss D: 0.0889, Loss G: 0.2482
2024-10-29 03:03:44,238: Step [60/257], Loss D: 0.1250, Loss G: 0.4760
2024-10-29 03:03:47,588: Step [80/257], Loss D: 0.0785, Loss G: 0.4872
2024-10-29 03:03:50,860: Step [100/257], Loss D: 0.2802, Loss G: 0.4597
2024-10-29 03:03:54,064: Step [120/257], Loss D: 0.1800, Loss G: 0.2369
2024-10-29 03:03:57,398: Step [140/257], Loss D: 0.1098, Loss G: 0.4619
2024-10-29 03:04:00,767: Step [160/257], Loss D: 0.1124, Loss G: 0.2826
2024-10-29 03:04:04,039: Step [180/257], Loss D: 0.1084, Loss G: 0.4871
2024-10-29 03:04:07,306: Step [200/257], Loss D: 0.1874, Loss G: 0.4950
2024-10-29 03:04:10,526: Step [220/257], Loss D: 0.1247, Loss G: -0.0827
2024-10-29 03:04:13,802: Step [240/257], Loss D: 0.0830, Loss G: 0.4649
2024-10-29 03:04:27,942: Test Loss: 0.6793, Accuracy: 0.7522
2024-10-29 03:04:27,943: DP:0.06, EO:0.00
2024-10-29 03:04:40,843: Step [20/257], Loss D: 0.0373, Loss G: 0.5118
2024-10-29 03:04:44,444: Step [40/257], Loss D: 0.3548, Loss G: 0.2440
2024-10-29 03:04:48,011: Step [60/257], Loss D: 0.0909, Loss G: 0.2542
2024-10-29 03:04:51,639: Step [80/257], Loss D: 0.1449, Loss G: 0.5146
2024-10-29 03:04:55,009: Step [100/257], Loss D: 0.0634, Loss G: 0.3742
2024-10-29 03:04:58,478: Step [120/257], Loss D: 0.1571, Loss G: 0.3071
2024-10-29 03:05:01,987: Step [140/257], Loss D: 0.1010, Loss G: 0.3768
2024-10-29 03:05:05,321: Step [160/257], Loss D: 0.1251, Loss G: 0.2587
2024-10-29 03:05:08,776: Step [180/257], Loss D: 0.0641, Loss G: 0.3371
2024-10-29 03:05:12,114: Step [200/257], Loss D: 0.1434, Loss G: 0.3051
2024-10-29 03:05:15,645: Step [220/257], Loss D: 0.2169, Loss G: 0.3198
2024-10-29 03:05:19,341: Step [240/257], Loss D: 0.1684, Loss G: 0.1570
2024-10-29 03:05:35,950: Test Loss: 0.6739, Accuracy: 0.7007
2024-10-29 03:05:35,951: DP:0.04, EO:0.08
2024-10-29 03:05:48,722: Step [20/257], Loss D: 0.0987, Loss G: 0.3509
2024-10-29 03:05:52,354: Step [40/257], Loss D: 0.0554, Loss G: 0.4439
2024-10-29 03:05:55,966: Step [60/257], Loss D: 0.0895, Loss G: 0.3226
2024-10-29 03:05:59,701: Step [80/257], Loss D: 0.0582, Loss G: 0.4615
2024-10-29 03:06:03,382: Step [100/257], Loss D: 0.1191, Loss G: 0.3639
2024-10-29 03:06:06,926: Step [120/257], Loss D: 0.1478, Loss G: 0.0622
2024-10-29 03:06:10,566: Step [140/257], Loss D: 0.1191, Loss G: 0.4176
2024-10-29 03:06:14,192: Step [160/257], Loss D: 0.2114, Loss G: 0.4104
2024-10-29 03:06:17,768: Step [180/257], Loss D: 0.0536, Loss G: 0.4778
2024-10-29 03:06:21,400: Step [200/257], Loss D: 0.0863, Loss G: 0.4722
2024-10-29 03:06:24,992: Step [220/257], Loss D: 0.0775, Loss G: 0.4713
2024-10-29 03:06:28,479: Step [240/257], Loss D: 0.0901, Loss G: 0.4436
2024-10-29 03:06:45,079: Test Loss: 0.6774, Accuracy: 0.6393
2024-10-29 03:06:45,079: DP:0.06, EO:0.25
2024-10-29 03:06:57,463: Step [20/257], Loss D: 0.0599, Loss G: 0.4404
2024-10-29 03:07:00,775: Step [40/257], Loss D: 0.1609, Loss G: 0.4291
2024-10-29 03:07:04,074: Step [60/257], Loss D: 0.0519, Loss G: 0.3980
2024-10-29 03:07:07,424: Step [80/257], Loss D: 0.0845, Loss G: 0.4653
2024-10-29 03:07:10,674: Step [100/257], Loss D: 0.0940, Loss G: 0.4687
2024-10-29 03:07:13,983: Step [120/257], Loss D: 0.1877, Loss G: 0.4972
2024-10-29 03:07:17,320: Step [140/257], Loss D: 0.0618, Loss G: 0.4499
2024-10-29 03:07:20,744: Step [160/257], Loss D: 0.0897, Loss G: 0.3925
2024-10-29 03:07:24,112: Step [180/257], Loss D: 0.1151, Loss G: 0.2173
2024-10-29 03:07:27,395: Step [200/257], Loss D: 0.0993, Loss G: 0.3537
2024-10-29 03:07:30,764: Step [220/257], Loss D: 0.1431, Loss G: 0.3389
2024-10-29 03:07:34,071: Step [240/257], Loss D: 0.0666, Loss G: 0.3820
2024-10-29 03:07:46,994: Test Loss: 0.6773, Accuracy: 0.6546
2024-10-29 03:07:46,995: DP:0.01, EO:0.21
2024-10-29 03:07:58,742: Step [20/257], Loss D: 0.1082, Loss G: 0.4728
2024-10-29 03:08:02,476: Step [40/257], Loss D: 0.1590, Loss G: 0.4776
2024-10-29 03:08:06,054: Step [60/257], Loss D: 0.1009, Loss G: 0.4863
2024-10-29 03:08:09,646: Step [80/257], Loss D: 0.2469, Loss G: 0.4701
2024-10-29 03:08:13,085: Step [100/257], Loss D: 0.0405, Loss G: 0.1461
2024-10-29 03:08:16,390: Step [120/257], Loss D: 0.1166, Loss G: 0.4236
2024-10-29 03:08:19,845: Step [140/257], Loss D: 0.0947, Loss G: 0.5206
2024-10-29 03:08:23,162: Step [160/257], Loss D: 0.1778, Loss G: 0.4442
2024-10-29 03:08:26,594: Step [180/257], Loss D: 0.0627, Loss G: 0.5546
2024-10-29 03:08:29,999: Step [200/257], Loss D: 0.0968, Loss G: 0.0951
2024-10-29 03:08:33,308: Step [220/257], Loss D: 0.0671, Loss G: 0.4329
2024-10-29 03:08:36,688: Step [240/257], Loss D: 0.2225, Loss G: 0.3080
2024-10-29 03:08:51,575: Test Loss: 0.6708, Accuracy: 0.7423
2024-10-29 03:08:51,575: DP:0.04, EO:0.11
2024-10-29 03:09:03,062: Step [20/257], Loss D: 0.0554, Loss G: 0.1727
2024-10-29 03:09:06,638: Step [40/257], Loss D: 0.5088, Loss G: 0.4524
2024-10-29 03:09:10,239: Step [60/257], Loss D: 0.0815, Loss G: 0.4130
2024-10-29 03:09:14,007: Step [80/257], Loss D: 0.0988, Loss G: 0.4890
2024-10-29 03:09:17,872: Step [100/257], Loss D: 0.0749, Loss G: 0.3849
2024-10-29 03:09:21,315: Step [120/257], Loss D: 0.0537, Loss G: 0.4110
2024-10-29 03:09:24,544: Step [140/257], Loss D: 0.1127, Loss G: 0.1927
2024-10-29 03:09:27,908: Step [160/257], Loss D: 0.1674, Loss G: 0.4840
2024-10-29 03:09:31,152: Step [180/257], Loss D: 0.0845, Loss G: 0.3995
2024-10-29 03:09:34,566: Step [200/257], Loss D: 0.2200, Loss G: 0.4180
2024-10-29 03:09:37,936: Step [220/257], Loss D: 0.2123, Loss G: 0.4086
2024-10-29 03:09:41,143: Step [240/257], Loss D: 0.1197, Loss G: 0.3993
2024-10-29 03:09:55,220: Test Loss: 0.6735, Accuracy: 0.7171
2024-10-29 03:09:55,220: DP:0.04, EO:0.08
2024-10-29 03:10:06,492: Step [20/257], Loss D: 0.0887, Loss G: 0.3076
2024-10-29 03:10:09,862: Step [40/257], Loss D: 0.2123, Loss G: 0.2161
2024-10-29 03:10:13,118: Step [60/257], Loss D: 0.0953, Loss G: 0.4782
2024-10-29 03:10:16,487: Step [80/257], Loss D: 0.0511, Loss G: 0.4951
2024-10-29 03:10:19,716: Step [100/257], Loss D: 0.1263, Loss G: 0.5881
2024-10-29 03:10:23,016: Step [120/257], Loss D: 0.0940, Loss G: 0.4878
2024-10-29 03:10:26,294: Step [140/257], Loss D: 0.1969, Loss G: 0.4483
2024-10-29 03:10:29,493: Step [160/257], Loss D: 0.0379, Loss G: 0.4384
2024-10-29 03:10:32,802: Step [180/257], Loss D: 0.1600, Loss G: 0.4648
2024-10-29 03:10:36,032: Step [200/257], Loss D: 0.1260, Loss G: 0.3528
2024-10-29 03:10:39,327: Step [220/257], Loss D: 0.0576, Loss G: 0.3615
2024-10-29 03:10:42,602: Step [240/257], Loss D: 0.1784, Loss G: 0.2691
2024-10-29 03:10:57,414: Test Loss: 0.6791, Accuracy: 0.6754
2024-10-29 03:10:57,415: DP:0.07, EO:0.10
2024-10-29 03:11:08,715: Step [20/257], Loss D: 0.1322, Loss G: 0.4709
2024-10-29 03:11:11,945: Step [40/257], Loss D: 0.0714, Loss G: 0.5214
2024-10-29 03:11:15,215: Step [60/257], Loss D: 0.0841, Loss G: 0.3960
2024-10-29 03:11:18,480: Step [80/257], Loss D: 0.1404, Loss G: 0.5275
2024-10-29 03:11:21,668: Step [100/257], Loss D: 0.0720, Loss G: 0.4268
2024-10-29 03:11:24,964: Step [120/257], Loss D: 0.1661, Loss G: 0.3621
2024-10-29 03:11:28,187: Step [140/257], Loss D: 0.1062, Loss G: 0.4314
2024-10-29 03:11:31,438: Step [160/257], Loss D: 0.0825, Loss G: 0.4462
2024-10-29 03:11:34,728: Step [180/257], Loss D: 0.0495, Loss G: 0.3697
2024-10-29 03:11:37,997: Step [200/257], Loss D: 0.0916, Loss G: 0.4701
2024-10-29 03:11:41,341: Step [220/257], Loss D: 0.1659, Loss G: 0.4304
2024-10-29 03:11:44,626: Step [240/257], Loss D: 0.1289, Loss G: 0.4078
2024-10-29 03:11:58,273: Test Loss: 0.6786, Accuracy: 0.7083
2024-10-29 03:11:58,274: DP:0.05, EO:0.07
2024-10-29 03:12:10,002: Step [20/257], Loss D: 0.0738, Loss G: 0.3559
2024-10-29 03:12:13,284: Step [40/257], Loss D: 0.1228, Loss G: 0.4709
2024-10-29 03:12:16,668: Step [60/257], Loss D: 0.0545, Loss G: 0.5862
2024-10-29 03:12:20,015: Step [80/257], Loss D: 0.1088, Loss G: 0.4051
2024-10-29 03:12:23,347: Step [100/257], Loss D: 0.0875, Loss G: 0.4736
2024-10-29 03:12:26,599: Step [120/257], Loss D: 0.0449, Loss G: 0.5329
2024-10-29 03:12:29,925: Step [140/257], Loss D: 0.1284, Loss G: 0.4722
2024-10-29 03:12:33,248: Step [160/257], Loss D: 0.1100, Loss G: 0.2734
2024-10-29 03:12:36,493: Step [180/257], Loss D: 0.1433, Loss G: 0.5035
2024-10-29 03:12:39,844: Step [200/257], Loss D: 0.1133, Loss G: 0.4145
2024-10-29 03:12:43,055: Step [220/257], Loss D: 0.0713, Loss G: 0.2637
2024-10-29 03:12:46,342: Step [240/257], Loss D: 0.2142, Loss G: 0.5547
2024-10-29 03:13:00,495: Test Loss: 0.6692, Accuracy: 0.7643
2024-10-29 03:13:00,495: DP:0.02, EO:0.03
2024-10-29 03:13:12,111: Step [20/257], Loss D: 0.0767, Loss G: 0.2934
2024-10-29 03:13:15,444: Step [40/257], Loss D: 0.0714, Loss G: 0.2925
2024-10-29 03:13:18,765: Step [60/257], Loss D: 0.1410, Loss G: 0.5306
2024-10-29 03:13:22,167: Step [80/257], Loss D: 0.0696, Loss G: 0.3646
2024-10-29 03:13:25,428: Step [100/257], Loss D: 0.0570, Loss G: 0.2854
2024-10-29 03:13:28,764: Step [120/257], Loss D: 0.0510, Loss G: 0.5038
2024-10-29 03:13:32,087: Step [140/257], Loss D: 0.0382, Loss G: 0.5394
2024-10-29 03:13:35,331: Step [160/257], Loss D: 0.0656, Loss G: 0.4768
2024-10-29 03:13:38,643: Step [180/257], Loss D: 0.0953, Loss G: 0.3868
2024-10-29 03:13:41,868: Step [200/257], Loss D: 0.0723, Loss G: 0.4282
2024-10-29 03:13:45,169: Step [220/257], Loss D: 0.0962, Loss G: 0.6106
2024-10-29 03:13:48,468: Step [240/257], Loss D: 0.0878, Loss G: 0.5124
2024-10-29 03:14:03,536: Test Loss: 0.6742, Accuracy: 0.7456
2024-10-29 03:14:03,536: DP:0.04, EO:0.14
2024-10-29 03:14:16,783: Step [20/257], Loss D: 0.0253, Loss G: 0.5595
2024-10-29 03:14:20,445: Step [40/257], Loss D: 0.0708, Loss G: 0.5144
2024-10-29 03:14:24,057: Step [60/257], Loss D: 0.0938, Loss G: 0.4197
2024-10-29 03:14:27,637: Step [80/257], Loss D: 0.0945, Loss G: 0.3990
2024-10-29 03:14:31,181: Step [100/257], Loss D: 0.1495, Loss G: 0.3717
2024-10-29 03:14:34,423: Step [120/257], Loss D: 0.0581, Loss G: 0.5124
2024-10-29 03:14:37,773: Step [140/257], Loss D: 0.0936, Loss G: 0.5165
2024-10-29 03:14:41,241: Step [160/257], Loss D: 0.1114, Loss G: 0.3485
2024-10-29 03:14:44,514: Step [180/257], Loss D: 0.1368, Loss G: 0.5005
2024-10-29 03:14:48,538: Step [200/257], Loss D: 0.0727, Loss G: 0.3913
2024-10-29 03:14:51,803: Step [220/257], Loss D: 0.1124, Loss G: 0.4475
2024-10-29 03:14:55,140: Step [240/257], Loss D: 0.1198, Loss G: 0.6043
2024-10-29 03:15:09,464: Test Loss: 0.6782, Accuracy: 0.6502
2024-10-29 03:15:09,464: DP:0.04, EO:0.12
2024-10-29 03:15:19,661: Step [20/257], Loss D: 0.0506, Loss G: 0.5606
2024-10-29 03:15:22,908: Step [40/257], Loss D: 0.1063, Loss G: 0.2064
2024-10-29 03:15:26,096: Step [60/257], Loss D: 0.1537, Loss G: 0.5533
2024-10-29 03:15:29,535: Step [80/257], Loss D: 0.2487, Loss G: 0.5326
2024-10-29 03:15:32,872: Step [100/257], Loss D: 0.0429, Loss G: 0.3463
2024-10-29 03:15:36,124: Step [120/257], Loss D: 0.0529, Loss G: 0.5000
2024-10-29 03:15:39,428: Step [140/257], Loss D: 0.1020, Loss G: 0.4964
2024-10-29 03:15:42,637: Step [160/257], Loss D: 0.0643, Loss G: 0.4773
2024-10-29 03:15:45,896: Step [180/257], Loss D: 0.0972, Loss G: 0.4088
2024-10-29 03:15:49,184: Step [200/257], Loss D: 0.0435, Loss G: 0.4771
2024-10-29 03:15:52,410: Step [220/257], Loss D: 0.0317, Loss G: 0.5592
2024-10-29 03:15:55,646: Step [240/257], Loss D: 0.0716, Loss G: 0.4610
2024-10-29 03:16:08,895: Test Loss: 0.6743, Accuracy: 0.6798
2024-10-29 03:16:08,895: DP:0.02, EO:0.07
2024-10-29 03:16:20,247: Step [20/257], Loss D: 0.1515, Loss G: 0.5187
2024-10-29 03:16:23,510: Step [40/257], Loss D: 0.0382, Loss G: 0.6148
2024-10-29 03:16:26,885: Step [60/257], Loss D: 0.1671, Loss G: 0.3696
2024-10-29 03:16:30,117: Step [80/257], Loss D: 0.0681, Loss G: 0.4573
2024-10-29 03:16:33,457: Step [100/257], Loss D: 0.1845, Loss G: 0.6018
2024-10-29 03:16:36,723: Step [120/257], Loss D: 0.1197, Loss G: 0.4377
2024-10-29 03:16:39,967: Step [140/257], Loss D: 0.1151, Loss G: 0.2502
2024-10-29 03:16:43,335: Step [160/257], Loss D: 0.1527, Loss G: 0.4417
2024-10-29 03:16:46,627: Step [180/257], Loss D: 0.0900, Loss G: 0.5579
2024-10-29 03:16:49,881: Step [200/257], Loss D: 0.1243, Loss G: 0.4286
2024-10-29 03:16:53,216: Step [220/257], Loss D: 0.1333, Loss G: 0.4406
2024-10-29 03:16:56,428: Step [240/257], Loss D: 0.0774, Loss G: 0.3247
2024-10-29 03:17:11,069: Test Loss: 0.6747, Accuracy: 0.7127
2024-10-29 03:17:11,070: DP:0.00, EO:0.00
2024-10-29 03:17:22,304: Step [20/257], Loss D: 0.0356, Loss G: 0.5414
2024-10-29 03:17:25,688: Step [40/257], Loss D: 0.0752, Loss G: 0.4083
2024-10-29 03:17:29,117: Step [60/257], Loss D: 0.1469, Loss G: 0.4744
2024-10-29 03:17:32,464: Step [80/257], Loss D: 0.0780, Loss G: 0.2663
2024-10-29 03:17:35,790: Step [100/257], Loss D: 0.0835, Loss G: 0.4696
2024-10-29 03:17:39,067: Step [120/257], Loss D: 0.0641, Loss G: 0.4083
2024-10-29 03:17:42,449: Step [140/257], Loss D: 0.0714, Loss G: 0.4576
2024-10-29 03:17:45,941: Step [160/257], Loss D: 0.0411, Loss G: 0.0954
2024-10-29 03:17:49,176: Step [180/257], Loss D: 0.0322, Loss G: 0.4086
2024-10-29 03:17:52,520: Step [200/257], Loss D: 0.0902, Loss G: 0.5249
2024-10-29 03:17:56,255: Step [220/257], Loss D: 0.0428, Loss G: 0.5052
2024-10-29 03:17:59,684: Step [240/257], Loss D: 0.0924, Loss G: 0.2525
2024-10-29 03:18:14,866: Test Loss: 0.6691, Accuracy: 0.7489
2024-10-29 03:18:14,867: DP:0.00, EO:0.06
2024-10-29 03:18:25,844: Step [20/257], Loss D: 0.0279, Loss G: 0.3970
2024-10-29 03:18:29,107: Step [40/257], Loss D: 0.0790, Loss G: 0.3407
2024-10-29 03:18:32,356: Step [60/257], Loss D: 0.1069, Loss G: 0.5022
2024-10-29 03:18:35,829: Step [80/257], Loss D: 0.0714, Loss G: 0.3471
2024-10-29 03:18:39,039: Step [100/257], Loss D: 0.0603, Loss G: 0.4350
2024-10-29 03:18:42,308: Step [120/257], Loss D: 0.0779, Loss G: 0.4566
2024-10-29 03:18:45,601: Step [140/257], Loss D: 0.0847, Loss G: 0.6091
2024-10-29 03:18:48,822: Step [160/257], Loss D: 0.0380, Loss G: 0.4794
2024-10-29 03:18:52,094: Step [180/257], Loss D: 0.0266, Loss G: 0.3662
2024-10-29 03:18:55,266: Step [200/257], Loss D: 0.0707, Loss G: 0.3684
2024-10-29 03:18:58,517: Step [220/257], Loss D: 0.0637, Loss G: 0.4700
2024-10-29 03:19:01,744: Step [240/257], Loss D: 0.0968, Loss G: 0.5370
2024-10-29 03:19:14,636: Test Loss: 0.6687, Accuracy: 0.7785
2024-10-29 03:19:14,637: DP:0.02, EO:0.08
2024-10-29 03:19:25,836: Step [20/257], Loss D: 0.0358, Loss G: 0.5848
2024-10-29 03:19:29,235: Step [40/257], Loss D: 0.0248, Loss G: 0.4785
2024-10-29 03:19:32,582: Step [60/257], Loss D: 0.0965, Loss G: 0.5674
2024-10-29 03:19:35,899: Step [80/257], Loss D: 0.5082, Loss G: 0.4202
2024-10-29 03:19:39,218: Step [100/257], Loss D: 0.0999, Loss G: 0.5767
2024-10-29 03:19:42,462: Step [120/257], Loss D: 0.0775, Loss G: 0.4796
2024-10-29 03:19:45,789: Step [140/257], Loss D: 0.0360, Loss G: 0.5025
2024-10-29 03:19:49,082: Step [160/257], Loss D: 0.0425, Loss G: 0.4838
2024-10-29 03:19:52,388: Step [180/257], Loss D: 0.1200, Loss G: 0.4547
2024-10-29 03:19:55,695: Step [200/257], Loss D: 0.1171, Loss G: 0.4830
2024-10-29 03:19:58,885: Step [220/257], Loss D: 0.1440, Loss G: 0.5701
2024-10-29 03:20:02,170: Step [240/257], Loss D: 0.0774, Loss G: 0.3681
2024-10-29 03:20:16,827: Test Loss: 0.6713, Accuracy: 0.7664
2024-10-29 03:20:16,827: DP:0.01, EO:0.01
2024-10-29 03:20:27,930: Step [20/257], Loss D: 0.1135, Loss G: 0.5191
2024-10-29 03:20:31,144: Step [40/257], Loss D: 0.1130, Loss G: 0.1918
2024-10-29 03:20:34,432: Step [60/257], Loss D: 0.0657, Loss G: 0.4767
2024-10-29 03:20:37,827: Step [80/257], Loss D: 0.1043, Loss G: 0.4922
2024-10-29 03:20:41,044: Step [100/257], Loss D: 0.0400, Loss G: 0.3037
2024-10-29 03:20:44,348: Step [120/257], Loss D: 0.0344, Loss G: 0.4209
2024-10-29 03:20:47,605: Step [140/257], Loss D: 0.0822, Loss G: 0.5221
2024-10-29 03:20:50,799: Step [160/257], Loss D: 0.1885, Loss G: 0.4458
2024-10-29 03:20:54,043: Step [180/257], Loss D: 0.0491, Loss G: 0.4147
2024-10-29 03:20:57,230: Step [200/257], Loss D: 0.0889, Loss G: 0.3670
2024-10-29 03:21:00,529: Step [220/257], Loss D: 0.0741, Loss G: 0.3293
2024-10-29 03:21:03,874: Step [240/257], Loss D: 0.1410, Loss G: 0.4505
2024-10-29 03:21:17,173: Test Loss: 0.6707, Accuracy: 0.7719
2024-10-29 03:21:17,173: DP:0.01, EO:0.04
2024-10-29 03:21:27,080: Step [20/257], Loss D: 0.0863, Loss G: 0.3657
2024-10-29 03:21:30,352: Step [40/257], Loss D: 0.0794, Loss G: 0.3514
2024-10-29 03:21:33,640: Step [60/257], Loss D: 0.0545, Loss G: 0.4794
2024-10-29 03:21:36,894: Step [80/257], Loss D: 0.0820, Loss G: 0.3819
2024-10-29 03:21:40,287: Step [100/257], Loss D: 0.1639, Loss G: 0.4414
2024-10-29 03:21:43,500: Step [120/257], Loss D: 0.1476, Loss G: 0.4995
2024-10-29 03:21:46,781: Step [140/257], Loss D: 0.0843, Loss G: 0.5226
2024-10-29 03:21:50,099: Step [160/257], Loss D: 0.0744, Loss G: 0.4055
2024-10-29 03:21:53,304: Step [180/257], Loss D: 0.0563, Loss G: 0.5125
2024-10-29 03:21:56,584: Step [200/257], Loss D: 0.0941, Loss G: 0.6032
2024-10-29 03:21:59,848: Step [220/257], Loss D: 0.1730, Loss G: 0.5274
2024-10-29 03:22:03,036: Step [240/257], Loss D: 0.0549, Loss G: 0.3902
2024-10-29 03:22:16,432: Test Loss: 0.6721, Accuracy: 0.7643
2024-10-29 03:22:16,432: DP:0.01, EO:0.01
2024-10-29 03:22:27,812: Step [20/257], Loss D: 0.0405, Loss G: 0.4378
2024-10-29 03:22:31,224: Step [40/257], Loss D: 0.0587, Loss G: 0.3906
2024-10-29 03:22:34,624: Step [60/257], Loss D: 0.0442, Loss G: 0.4227
2024-10-29 03:22:38,041: Step [80/257], Loss D: 0.0211, Loss G: 0.4651
2024-10-29 03:22:41,335: Step [100/257], Loss D: 0.0448, Loss G: 0.4618
2024-10-29 03:22:44,675: Step [120/257], Loss D: 0.0703, Loss G: 0.5206
2024-10-29 03:22:47,949: Step [140/257], Loss D: 0.1308, Loss G: 0.4090
2024-10-29 03:22:51,301: Step [160/257], Loss D: 0.1644, Loss G: 0.5564
2024-10-29 03:22:54,673: Step [180/257], Loss D: 0.0316, Loss G: 0.4602
2024-10-29 03:22:58,021: Step [200/257], Loss D: 0.1158, Loss G: 0.4062
2024-10-29 03:23:01,392: Step [220/257], Loss D: 0.0734, Loss G: 0.4666
2024-10-29 03:23:04,719: Step [240/257], Loss D: 0.0342, Loss G: 0.5040
2024-10-29 03:23:19,535: Test Loss: 0.6723, Accuracy: 0.7632
2024-10-29 03:23:19,536: DP:0.02, EO:0.01
2024-10-29 03:23:30,671: Step [20/257], Loss D: 0.0677, Loss G: 0.2012
2024-10-29 03:23:33,945: Step [40/257], Loss D: 0.0668, Loss G: 0.3630
2024-10-29 03:23:37,200: Step [60/257], Loss D: 0.0402, Loss G: 0.3645
2024-10-29 03:23:40,362: Step [80/257], Loss D: 0.0314, Loss G: 0.4808
2024-10-29 03:23:43,596: Step [100/257], Loss D: 0.0777, Loss G: 0.5629
2024-10-29 03:23:46,770: Step [120/257], Loss D: 0.0625, Loss G: 0.4838
2024-10-29 03:23:50,031: Step [140/257], Loss D: 0.0517, Loss G: 0.3787
2024-10-29 03:23:53,394: Step [160/257], Loss D: 0.0367, Loss G: 0.5558
2024-10-29 03:23:56,555: Step [180/257], Loss D: 0.1597, Loss G: 0.3951
2024-10-29 03:23:59,803: Step [200/257], Loss D: 0.1122, Loss G: 0.4777
2024-10-29 03:24:03,076: Step [220/257], Loss D: 0.0644, Loss G: 0.5853
2024-10-29 03:24:06,336: Step [240/257], Loss D: 0.0620, Loss G: 0.4715
2024-10-29 03:24:21,408: Test Loss: 0.6688, Accuracy: 0.7379
2024-10-29 03:24:21,409: DP:0.03, EO:0.03
2024-10-29 03:24:32,302: Step [20/257], Loss D: 0.0538, Loss G: 0.5549
2024-10-29 03:24:35,487: Step [40/257], Loss D: 0.1279, Loss G: 0.4536
2024-10-29 03:24:38,781: Step [60/257], Loss D: 0.0523, Loss G: 0.4017
2024-10-29 03:24:42,206: Step [80/257], Loss D: 0.0350, Loss G: 0.3974
2024-10-29 03:24:45,436: Step [100/257], Loss D: 0.0726, Loss G: 0.5439
2024-10-29 03:24:48,776: Step [120/257], Loss D: 0.1197, Loss G: 0.6222
2024-10-29 03:24:51,978: Step [140/257], Loss D: 0.0971, Loss G: 0.5048
2024-10-29 03:24:55,280: Step [160/257], Loss D: 0.0304, Loss G: 0.4925
2024-10-29 03:24:58,564: Step [180/257], Loss D: 0.0898, Loss G: 0.4464
2024-10-29 03:25:01,771: Step [200/257], Loss D: 0.0387, Loss G: 0.4720
2024-10-29 03:25:05,068: Step [220/257], Loss D: 0.0319, Loss G: 0.4564
2024-10-29 03:25:08,268: Step [240/257], Loss D: 0.0485, Loss G: 0.3636
2024-10-29 03:25:21,570: Test Loss: 0.6682, Accuracy: 0.7621
2024-10-29 03:25:21,570: DP:0.02, EO:0.06
2024-10-29 03:25:32,996: Step [20/257], Loss D: 0.0985, Loss G: 0.3646
2024-10-29 03:25:36,488: Step [40/257], Loss D: 0.0724, Loss G: 0.5050
2024-10-29 03:25:39,979: Step [60/257], Loss D: 0.0479, Loss G: 0.5975
2024-10-29 03:25:43,405: Step [80/257], Loss D: 0.0603, Loss G: 0.4317
2024-10-29 03:25:46,858: Step [100/257], Loss D: 0.0430, Loss G: 0.4246
2024-10-29 03:25:50,247: Step [120/257], Loss D: 0.0987, Loss G: 0.5022
2024-10-29 03:25:53,531: Step [140/257], Loss D: 0.0731, Loss G: 0.3724
2024-10-29 03:25:56,857: Step [160/257], Loss D: 0.0637, Loss G: 0.2647
2024-10-29 03:26:00,131: Step [180/257], Loss D: 0.0559, Loss G: 0.4650
2024-10-29 03:26:03,484: Step [200/257], Loss D: 0.0320, Loss G: 0.4934
2024-10-29 03:26:06,814: Step [220/257], Loss D: 0.0324, Loss G: 0.4395
2024-10-29 03:26:10,030: Step [240/257], Loss D: 0.0446, Loss G: 0.5352
2024-10-29 03:26:24,608: Test Loss: 0.6697, Accuracy: 0.7708
2024-10-29 03:26:24,609: DP:0.01, EO:0.04
2024-10-29 03:26:36,476: Step [20/257], Loss D: 0.0923, Loss G: 0.3575
2024-10-29 03:26:39,905: Step [40/257], Loss D: 0.0831, Loss G: 0.5346
2024-10-29 03:26:43,348: Step [60/257], Loss D: 0.0753, Loss G: 0.3939
2024-10-29 03:26:46,983: Step [80/257], Loss D: 0.0560, Loss G: 0.2530
2024-10-29 03:26:50,287: Step [100/257], Loss D: 0.0240, Loss G: 0.4422
2024-10-29 03:26:53,679: Step [120/257], Loss D: 0.1402, Loss G: 0.4541
2024-10-29 03:26:57,065: Step [140/257], Loss D: 0.0588, Loss G: 0.5575
2024-10-29 03:27:00,374: Step [160/257], Loss D: 0.0872, Loss G: 0.3764
2024-10-29 03:27:03,750: Step [180/257], Loss D: 0.0637, Loss G: 0.3924
2024-10-29 03:27:07,091: Step [200/257], Loss D: 0.0589, Loss G: 0.5337
2024-10-29 03:27:10,319: Step [220/257], Loss D: 0.0486, Loss G: 0.2703
2024-10-29 03:27:13,609: Step [240/257], Loss D: 0.0244, Loss G: 0.4522
2024-10-29 03:27:28,006: Test Loss: 0.6701, Accuracy: 0.7741
2024-10-29 03:27:28,007: DP:0.00, EO:0.10
2024-10-29 03:27:39,723: Step [20/257], Loss D: 0.0617, Loss G: 0.6248
2024-10-29 03:27:42,939: Step [40/257], Loss D: 0.0483, Loss G: 0.4631
2024-10-29 03:27:46,223: Step [60/257], Loss D: 0.0447, Loss G: 0.5973
2024-10-29 03:27:49,431: Step [80/257], Loss D: 0.0844, Loss G: 0.5131
2024-10-29 03:27:52,716: Step [100/257], Loss D: 0.0503, Loss G: 0.4537
2024-10-29 03:27:55,991: Step [120/257], Loss D: 0.0672, Loss G: 0.4008
2024-10-29 03:27:59,226: Step [140/257], Loss D: 0.0388, Loss G: 0.5100
2024-10-29 03:28:02,585: Step [160/257], Loss D: 0.0731, Loss G: 0.3870
2024-10-29 03:28:05,754: Step [180/257], Loss D: 0.0473, Loss G: 0.5080
2024-10-29 03:28:09,052: Step [200/257], Loss D: 0.0721, Loss G: 0.4518
2024-10-29 03:28:12,406: Step [220/257], Loss D: 0.0489, Loss G: 0.4721
2024-10-29 03:28:15,630: Step [240/257], Loss D: 0.0909, Loss G: 0.4683
2024-10-29 03:28:29,044: Test Loss: 0.6673, Accuracy: 0.7697
2024-10-29 03:28:29,044: DP:0.01, EO:0.10
2024-10-29 03:28:40,392: Step [20/257], Loss D: 0.1084, Loss G: 0.5292
2024-10-29 03:28:43,595: Step [40/257], Loss D: 0.0698, Loss G: 0.5217
2024-10-29 03:28:46,938: Step [60/257], Loss D: 0.0805, Loss G: 0.3914
2024-10-29 03:28:50,270: Step [80/257], Loss D: 0.0597, Loss G: 0.3396
2024-10-29 03:28:53,500: Step [100/257], Loss D: 0.0540, Loss G: 0.4278
2024-10-29 03:28:56,795: Step [120/257], Loss D: 0.0628, Loss G: 0.5874
2024-10-29 03:29:00,003: Step [140/257], Loss D: 0.0529, Loss G: 0.6457
2024-10-29 03:29:03,394: Step [160/257], Loss D: 0.0447, Loss G: 0.5755
2024-10-29 03:29:06,654: Step [180/257], Loss D: 0.0651, Loss G: 0.4966
2024-10-29 03:29:09,863: Step [200/257], Loss D: 0.0522, Loss G: 0.5688
2024-10-29 03:29:13,138: Step [220/257], Loss D: 0.0392, Loss G: 0.5711
2024-10-29 03:29:16,331: Step [240/257], Loss D: 0.1134, Loss G: 0.5258
2024-10-29 03:29:29,268: Test Loss: 0.6655, Accuracy: 0.7708
2024-10-29 03:29:29,268: DP:0.00, EO:0.18
2024-10-29 03:29:40,482: Step [20/257], Loss D: 0.1893, Loss G: 0.6071
2024-10-29 03:29:43,930: Step [40/257], Loss D: 0.0489, Loss G: 0.4901
2024-10-29 03:29:47,255: Step [60/257], Loss D: 0.0234, Loss G: 0.4250
2024-10-29 03:29:50,661: Step [80/257], Loss D: 0.0812, Loss G: 0.6022
2024-10-29 03:29:54,009: Step [100/257], Loss D: 0.1300, Loss G: 0.4819
2024-10-29 03:29:57,283: Step [120/257], Loss D: 0.0496, Loss G: 0.5513
2024-10-29 03:30:00,677: Step [140/257], Loss D: 0.0108, Loss G: 0.4193
2024-10-29 03:30:03,930: Step [160/257], Loss D: 0.0357, Loss G: 0.3197
2024-10-29 03:30:07,252: Step [180/257], Loss D: 0.0407, Loss G: 0.4873
2024-10-29 03:30:10,599: Step [200/257], Loss D: 0.0901, Loss G: 0.5970
2024-10-29 03:30:13,853: Step [220/257], Loss D: 0.2082, Loss G: 0.4571
2024-10-29 03:30:17,161: Step [240/257], Loss D: 0.0256, Loss G: 0.5033
2024-10-29 03:30:31,874: Test Loss: 0.6684, Accuracy: 0.7697
2024-10-29 03:30:31,874: DP:0.02, EO:0.11
2024-10-29 03:30:43,807: Step [20/257], Loss D: 0.0370, Loss G: 0.2757
2024-10-29 03:30:47,010: Step [40/257], Loss D: 0.0953, Loss G: 0.5626
2024-10-29 03:30:50,273: Step [60/257], Loss D: 0.0482, Loss G: 0.4652
2024-10-29 03:30:53,471: Step [80/257], Loss D: 0.0544, Loss G: 0.6174
2024-10-29 03:30:56,744: Step [100/257], Loss D: 0.1471, Loss G: 0.4054
2024-10-29 03:31:00,033: Step [120/257], Loss D: 0.0821, Loss G: 0.6960
2024-10-29 03:31:03,234: Step [140/257], Loss D: 0.0590, Loss G: 0.6101
2024-10-29 03:31:06,599: Step [160/257], Loss D: 0.0462, Loss G: 0.4788
2024-10-29 03:31:09,889: Step [180/257], Loss D: 0.0633, Loss G: 0.5884
2024-10-29 03:31:13,163: Step [200/257], Loss D: 0.3227, Loss G: 0.5876
2024-10-29 03:31:16,501: Step [220/257], Loss D: 0.0599, Loss G: 0.3999
2024-10-29 03:31:19,732: Step [240/257], Loss D: 0.0244, Loss G: 0.5039
2024-10-29 03:31:33,960: Test Loss: 0.6676, Accuracy: 0.7829
2024-10-29 03:31:33,960: DP:0.01, EO:0.04
2024-10-29 03:31:44,750: Step [20/257], Loss D: 0.1831, Loss G: 0.4180
2024-10-29 03:31:48,030: Step [40/257], Loss D: 0.0301, Loss G: 0.4054
2024-10-29 03:31:51,444: Step [60/257], Loss D: 0.0168, Loss G: 0.5434
2024-10-29 03:31:54,720: Step [80/257], Loss D: 0.0712, Loss G: 0.4071
2024-10-29 03:31:57,985: Step [100/257], Loss D: 0.0658, Loss G: 0.4986
2024-10-29 03:32:01,175: Step [120/257], Loss D: 0.0216, Loss G: 0.4522
2024-10-29 03:32:04,478: Step [140/257], Loss D: 0.1662, Loss G: 0.5784
2024-10-29 03:32:07,892: Step [160/257], Loss D: 0.1125, Loss G: 0.5588
2024-10-29 03:32:11,098: Step [180/257], Loss D: 0.0567, Loss G: 0.6122
2024-10-29 03:32:14,397: Step [200/257], Loss D: 0.0322, Loss G: 0.5534
2024-10-29 03:32:17,615: Step [220/257], Loss D: 0.0436, Loss G: 0.5306
2024-10-29 03:32:20,882: Step [240/257], Loss D: 0.0499, Loss G: 0.4487
2024-10-29 03:32:34,053: Test Loss: 0.6688, Accuracy: 0.7555
2024-10-29 03:32:34,054: DP:0.00, EO:0.04
2024-10-29 03:32:45,647: Step [20/257], Loss D: 0.0706, Loss G: 0.4953
2024-10-29 03:32:48,979: Step [40/257], Loss D: 0.1956, Loss G: 0.5394
2024-10-29 03:32:52,406: Step [60/257], Loss D: 0.0381, Loss G: 0.5813
2024-10-29 03:32:55,778: Step [80/257], Loss D: 0.0425, Loss G: 0.5099
2024-10-29 03:32:59,062: Step [100/257], Loss D: 0.0573, Loss G: 0.4776
2024-10-29 03:33:02,432: Step [120/257], Loss D: 0.0479, Loss G: 0.5156
2024-10-29 03:33:05,708: Step [140/257], Loss D: 0.1013, Loss G: 0.5924
2024-10-29 03:33:09,133: Step [160/257], Loss D: 0.0544, Loss G: 0.5101
2024-10-29 03:33:12,500: Step [180/257], Loss D: 0.0569, Loss G: 0.4269
2024-10-29 03:33:15,845: Step [200/257], Loss D: 0.0297, Loss G: 0.5483
2024-10-29 03:33:19,252: Step [220/257], Loss D: 0.0630, Loss G: 0.5129
2024-10-29 03:33:22,571: Step [240/257], Loss D: 0.0509, Loss G: 0.4567
2024-10-29 03:33:37,704: Test Loss: 0.6662, Accuracy: 0.7774
2024-10-29 03:33:37,704: DP:0.01, EO:0.00
2024-10-29 03:33:49,836: Step [20/257], Loss D: 0.0681, Loss G: 0.4779
2024-10-29 03:33:53,637: Step [40/257], Loss D: 0.1010, Loss G: 0.4843
2024-10-29 03:33:57,197: Step [60/257], Loss D: 0.0536, Loss G: 0.5423
2024-10-29 03:34:00,669: Step [80/257], Loss D: 0.0283, Loss G: 0.4335
2024-10-29 03:34:04,118: Step [100/257], Loss D: 0.0724, Loss G: 0.4442
2024-10-29 03:34:07,446: Step [120/257], Loss D: 0.0513, Loss G: 0.5978
2024-10-29 03:34:10,879: Step [140/257], Loss D: 0.0303, Loss G: 0.5504
2024-10-29 03:34:14,192: Step [160/257], Loss D: 0.1642, Loss G: 0.5065
2024-10-29 03:34:17,547: Step [180/257], Loss D: 0.0409, Loss G: 0.5476
2024-10-29 03:34:20,911: Step [200/257], Loss D: 0.0324, Loss G: 0.5302
2024-10-29 03:34:24,266: Step [220/257], Loss D: 0.0662, Loss G: 0.4557
2024-10-29 03:34:27,781: Step [240/257], Loss D: 0.0669, Loss G: 0.4262
2024-10-29 03:34:42,572: Test Loss: 0.6685, Accuracy: 0.7675
2024-10-29 03:34:42,573: DP:0.02, EO:0.15
2024-10-29 03:34:54,934: Step [20/257], Loss D: 0.0810, Loss G: 0.4584
2024-10-29 03:34:58,381: Step [40/257], Loss D: 0.0638, Loss G: 0.5041
2024-10-29 03:35:01,902: Step [60/257], Loss D: 0.0581, Loss G: 0.5396
2024-10-29 03:35:05,550: Step [80/257], Loss D: 0.0532, Loss G: 0.4575
2024-10-29 03:35:09,063: Step [100/257], Loss D: 0.0392, Loss G: 0.2848
2024-10-29 03:35:12,547: Step [120/257], Loss D: 0.0637, Loss G: 0.3196
2024-10-29 03:35:15,940: Step [140/257], Loss D: 0.0892, Loss G: 0.4653
2024-10-29 03:35:19,403: Step [160/257], Loss D: 0.0535, Loss G: 0.3996
2024-10-29 03:35:22,800: Step [180/257], Loss D: 0.1135, Loss G: 0.5489
2024-10-29 03:35:26,286: Step [200/257], Loss D: 0.0702, Loss G: 0.4363
2024-10-29 03:35:29,774: Step [220/257], Loss D: 0.0394, Loss G: 0.4520
2024-10-29 03:35:33,102: Step [240/257], Loss D: 0.0206, Loss G: 0.5210
2024-10-29 03:35:49,976: Test Loss: 0.6645, Accuracy: 0.7785
2024-10-29 03:35:49,977: DP:0.01, EO:0.03
2024-10-29 03:36:02,986: Step [20/257], Loss D: 0.0348, Loss G: 0.4341
2024-10-29 03:36:06,539: Step [40/257], Loss D: 0.0868, Loss G: 0.6958
2024-10-29 03:36:10,199: Step [60/257], Loss D: 0.0373, Loss G: 0.5977
2024-10-29 03:36:13,807: Step [80/257], Loss D: 0.0532, Loss G: 0.5244
2024-10-29 03:36:17,324: Step [100/257], Loss D: 0.0309, Loss G: 0.5895
2024-10-29 03:36:20,942: Step [120/257], Loss D: 0.0314, Loss G: 0.5558
2024-10-29 03:36:24,503: Step [140/257], Loss D: 0.0396, Loss G: 0.5263
2024-10-29 03:36:28,066: Step [160/257], Loss D: 0.0430, Loss G: 0.5133
2024-10-29 03:36:31,571: Step [180/257], Loss D: 0.0425, Loss G: 0.4093
2024-10-29 03:36:35,024: Step [200/257], Loss D: 0.0539, Loss G: 0.4752
2024-10-29 03:36:38,529: Step [220/257], Loss D: 0.0305, Loss G: 0.5570
2024-10-29 03:36:42,067: Step [240/257], Loss D: 0.0373, Loss G: 0.5965
2024-10-29 03:36:58,632: Test Loss: 0.6657, Accuracy: 0.7862
2024-10-29 03:36:58,632: DP:0.00, EO:0.06
2024-10-29 03:36:58,633: Training completed.
