2024-10-29 03:37:05,098: Namespace(device='cuda', alpha=0.8, beta=1.0, lr=0.0001, pretrain_epochs=10, num_epochs=50, noise_strength=0.3, no_adversarial=False, visualize=False, debug=True, no_cam=False, seed=42, threshold=0.5, positive_weight=1.05, dataset='mimic-cxr', feature='n03')
2024-10-29 03:37:05,209: Number of GPUs available: 8
2024-10-29 03:37:06,908: Number of samples in training dataset: 8199 | testing dataset:912
2024-10-29 03:37:06,926: positive weight: 17.1123
2024-10-29 03:37:35,043: Final Training Loss: 0.6907, Accuracy: 0.8147
2024-10-29 03:37:57,427: Final Training Loss: 0.6871, Accuracy: 0.8439
2024-10-29 03:38:20,476: Final Training Loss: 0.6806, Accuracy: 0.9050
2024-10-29 03:38:45,283: Final Training Loss: 0.6754, Accuracy: 0.9047
2024-10-29 03:39:10,790: Final Training Loss: 0.6727, Accuracy: 0.8736
2024-10-29 03:39:37,640: Final Training Loss: 0.6772, Accuracy: 0.8861
2024-10-29 03:40:05,915: Final Training Loss: 0.6682, Accuracy: 0.8929
2024-10-29 03:40:32,394: Final Training Loss: 0.6678, Accuracy: 0.8608
2024-10-29 03:40:58,759: Final Training Loss: 0.6630, Accuracy: 0.8508
2024-10-29 03:41:25,633: Final Training Loss: 0.6624, Accuracy: 0.8447
2024-10-29 03:41:35,698: Test Loss: 0.6614, Accuracy: 0.8366
2024-10-29 03:41:35,699: DP:0.02, EO:0.25
2024-10-29 03:41:47,024: Step [20/257], Loss D: 0.9281, Loss G: -0.7514
2024-10-29 03:41:50,848: Step [40/257], Loss D: 1.2726, Loss G: -0.3774
2024-10-29 03:41:54,620: Step [60/257], Loss D: 1.0711, Loss G: -0.7879
2024-10-29 03:41:58,332: Step [80/257], Loss D: 1.0358, Loss G: -0.4863
2024-10-29 03:42:02,132: Step [100/257], Loss D: 1.5601, Loss G: -1.4476
2024-10-29 03:42:05,840: Step [120/257], Loss D: 0.5914, Loss G: 0.0436
2024-10-29 03:42:09,626: Step [140/257], Loss D: 0.4467, Loss G: 0.0729
2024-10-29 03:42:13,399: Step [160/257], Loss D: 0.8030, Loss G: 0.0070
2024-10-29 03:42:17,097: Step [180/257], Loss D: 0.5260, Loss G: 0.1603
2024-10-29 03:42:20,854: Step [200/257], Loss D: 1.0174, Loss G: -0.6719
2024-10-29 03:42:24,538: Step [220/257], Loss D: 1.1639, Loss G: -0.4665
2024-10-29 03:42:28,306: Step [240/257], Loss D: 0.3268, Loss G: 0.0785
2024-10-29 03:42:42,467: Test Loss: 0.6763, Accuracy: 0.9189
2024-10-29 03:42:42,468: DP:0.06, EO:0.06
2024-10-29 03:42:53,262: Step [20/257], Loss D: 0.3667, Loss G: 0.0950
2024-10-29 03:42:56,776: Step [40/257], Loss D: 0.4462, Loss G: -0.1998
2024-10-29 03:43:00,194: Step [60/257], Loss D: 0.9590, Loss G: -0.4792
2024-10-29 03:43:03,764: Step [80/257], Loss D: 0.5986, Loss G: 0.1065
2024-10-29 03:43:07,197: Step [100/257], Loss D: 1.2409, Loss G: -0.7183
2024-10-29 03:43:10,706: Step [120/257], Loss D: 0.6829, Loss G: -0.3482
2024-10-29 03:43:14,191: Step [140/257], Loss D: 0.1640, Loss G: 0.2330
2024-10-29 03:43:17,587: Step [160/257], Loss D: 0.9219, Loss G: -0.0364
2024-10-29 03:43:21,076: Step [180/257], Loss D: 0.6482, Loss G: 0.3207
2024-10-29 03:43:24,481: Step [200/257], Loss D: 0.6776, Loss G: -0.1920
2024-10-29 03:43:27,968: Step [220/257], Loss D: 0.4646, Loss G: -0.7083
2024-10-29 03:43:31,440: Step [240/257], Loss D: 0.5040, Loss G: 0.1124
2024-10-29 03:43:45,201: Test Loss: 0.6775, Accuracy: 0.9507
2024-10-29 03:43:45,202: DP:0.00, EO:0.00
2024-10-29 03:43:56,081: Step [20/257], Loss D: 0.5418, Loss G: 0.0682
2024-10-29 03:43:59,646: Step [40/257], Loss D: 0.3357, Loss G: -0.1913
2024-10-29 03:44:03,233: Step [60/257], Loss D: 0.3044, Loss G: 0.0152
2024-10-29 03:44:06,654: Step [80/257], Loss D: 0.3395, Loss G: -0.1105
2024-10-29 03:44:10,124: Step [100/257], Loss D: 0.4165, Loss G: 0.2392
2024-10-29 03:44:13,521: Step [120/257], Loss D: 0.4253, Loss G: -0.1242
2024-10-29 03:44:17,004: Step [140/257], Loss D: 0.3486, Loss G: -0.3742
2024-10-29 03:44:20,481: Step [160/257], Loss D: 0.4075, Loss G: -0.4558
2024-10-29 03:44:23,876: Step [180/257], Loss D: 0.5483, Loss G: -0.0820
2024-10-29 03:44:27,334: Step [200/257], Loss D: 0.4840, Loss G: -0.2708
2024-10-29 03:44:30,715: Step [220/257], Loss D: 0.5326, Loss G: -0.5080
2024-10-29 03:44:34,214: Step [240/257], Loss D: 0.7181, Loss G: 0.0260
2024-10-29 03:44:47,810: Test Loss: 0.6738, Accuracy: 0.9507
2024-10-29 03:44:47,811: DP:0.01, EO:0.00
2024-10-29 03:44:58,970: Step [20/257], Loss D: 0.4713, Loss G: -0.0033
2024-10-29 03:45:02,501: Step [40/257], Loss D: 0.4104, Loss G: -0.0248
2024-10-29 03:45:05,931: Step [60/257], Loss D: 0.3748, Loss G: 0.0162
2024-10-29 03:45:09,449: Step [80/257], Loss D: 0.2433, Loss G: -0.0472
2024-10-29 03:45:12,923: Step [100/257], Loss D: 0.3682, Loss G: -0.1426
2024-10-29 03:45:16,337: Step [120/257], Loss D: 0.4081, Loss G: -0.1133
2024-10-29 03:45:19,824: Step [140/257], Loss D: 0.3809, Loss G: -0.1433
2024-10-29 03:45:23,221: Step [160/257], Loss D: 0.2141, Loss G: 0.2021
2024-10-29 03:45:26,712: Step [180/257], Loss D: 0.3657, Loss G: -0.0079
2024-10-29 03:45:30,257: Step [200/257], Loss D: 0.2398, Loss G: -0.1892
2024-10-29 03:45:33,675: Step [220/257], Loss D: 0.3265, Loss G: 0.4350
2024-10-29 03:45:37,175: Step [240/257], Loss D: 0.3795, Loss G: -0.0785
2024-10-29 03:45:51,096: Test Loss: 0.6901, Accuracy: 0.9430
2024-10-29 03:45:51,096: DP:0.00, EO:0.00
2024-10-29 03:46:01,773: Step [20/257], Loss D: 0.4463, Loss G: -0.5809
2024-10-29 03:46:05,151: Step [40/257], Loss D: 0.3903, Loss G: -0.1614
2024-10-29 03:46:08,626: Step [60/257], Loss D: 0.5016, Loss G: -0.1921
2024-10-29 03:46:11,977: Step [80/257], Loss D: 0.3287, Loss G: -0.1118
2024-10-29 03:46:15,480: Step [100/257], Loss D: 0.3776, Loss G: -0.6921
2024-10-29 03:46:18,952: Step [120/257], Loss D: 0.3884, Loss G: -0.0238
2024-10-29 03:46:22,321: Step [140/257], Loss D: 0.4156, Loss G: 0.0882
2024-10-29 03:46:25,771: Step [160/257], Loss D: 0.3860, Loss G: 0.0537
2024-10-29 03:46:29,136: Step [180/257], Loss D: 0.3994, Loss G: -0.1030
2024-10-29 03:46:32,549: Step [200/257], Loss D: 0.5714, Loss G: -0.0848
2024-10-29 03:46:35,972: Step [220/257], Loss D: 0.4144, Loss G: 0.0987
2024-10-29 03:46:39,355: Step [240/257], Loss D: 0.5886, Loss G: -0.3658
2024-10-29 03:46:53,225: Test Loss: 0.6744, Accuracy: 0.9485
2024-10-29 03:46:53,226: DP:0.00, EO:0.00
2024-10-29 03:47:03,896: Step [20/257], Loss D: 0.4463, Loss G: 0.2464
2024-10-29 03:47:07,341: Step [40/257], Loss D: 0.3858, Loss G: 0.0071
2024-10-29 03:47:10,732: Step [60/257], Loss D: 0.3729, Loss G: -0.0868
2024-10-29 03:47:14,156: Step [80/257], Loss D: 0.3238, Loss G: 0.1861
2024-10-29 03:47:17,668: Step [100/257], Loss D: 0.4264, Loss G: 0.1132
2024-10-29 03:47:21,024: Step [120/257], Loss D: 0.7215, Loss G: 0.1756
2024-10-29 03:47:24,571: Step [140/257], Loss D: 0.3597, Loss G: -0.0802
2024-10-29 03:47:27,966: Step [160/257], Loss D: 0.3608, Loss G: 0.1867
2024-10-29 03:47:31,454: Step [180/257], Loss D: 0.3330, Loss G: 0.0518
2024-10-29 03:47:34,947: Step [200/257], Loss D: 0.1834, Loss G: 0.2069
2024-10-29 03:47:38,335: Step [220/257], Loss D: 0.3514, Loss G: 0.1728
2024-10-29 03:47:41,808: Step [240/257], Loss D: 0.6015, Loss G: -0.0604
2024-10-29 03:47:55,630: Test Loss: 0.6682, Accuracy: 0.9419
2024-10-29 03:47:55,630: DP:0.02, EO:0.04
2024-10-29 03:48:06,807: Step [20/257], Loss D: 0.3413, Loss G: 0.1092
2024-10-29 03:48:10,335: Step [40/257], Loss D: 0.4481, Loss G: -0.1349
2024-10-29 03:48:13,945: Step [60/257], Loss D: 0.2263, Loss G: 0.2189
2024-10-29 03:48:17,459: Step [80/257], Loss D: 0.4557, Loss G: 0.0882
2024-10-29 03:48:20,988: Step [100/257], Loss D: 0.5299, Loss G: -0.1233
2024-10-29 03:48:24,589: Step [120/257], Loss D: 0.6112, Loss G: 0.0481
2024-10-29 03:48:28,015: Step [140/257], Loss D: 0.3887, Loss G: 0.1383
2024-10-29 03:48:31,541: Step [160/257], Loss D: 0.2989, Loss G: -0.0965
2024-10-29 03:48:34,968: Step [180/257], Loss D: 0.2832, Loss G: 0.1818
2024-10-29 03:48:38,457: Step [200/257], Loss D: 0.2354, Loss G: -0.6228
2024-10-29 03:48:42,006: Step [220/257], Loss D: 0.4088, Loss G: -0.3036
2024-10-29 03:48:45,439: Step [240/257], Loss D: 0.3514, Loss G: -0.3989
2024-10-29 03:48:59,191: Test Loss: 0.6790, Accuracy: 0.9364
2024-10-29 03:48:59,192: DP:0.01, EO:0.11
2024-10-29 03:49:09,977: Step [20/257], Loss D: 0.6162, Loss G: -0.0784
2024-10-29 03:49:13,379: Step [40/257], Loss D: 0.2082, Loss G: -0.4194
2024-10-29 03:49:16,898: Step [60/257], Loss D: 0.3704, Loss G: -0.0949
2024-10-29 03:49:20,376: Step [80/257], Loss D: 0.3347, Loss G: 0.0887
2024-10-29 03:49:23,756: Step [100/257], Loss D: 0.3863, Loss G: 0.1690
2024-10-29 03:49:27,202: Step [120/257], Loss D: 0.5770, Loss G: 0.0669
2024-10-29 03:49:30,566: Step [140/257], Loss D: 0.3892, Loss G: -0.0269
2024-10-29 03:49:34,010: Step [160/257], Loss D: 0.4287, Loss G: 0.1482
2024-10-29 03:49:37,470: Step [180/257], Loss D: 0.4452, Loss G: 0.2658
2024-10-29 03:49:40,846: Step [200/257], Loss D: 0.1748, Loss G: 0.0781
2024-10-29 03:49:44,295: Step [220/257], Loss D: 0.3118, Loss G: -0.1406
2024-10-29 03:49:47,654: Step [240/257], Loss D: 0.3554, Loss G: 0.1301
2024-10-29 03:50:01,679: Test Loss: 0.6618, Accuracy: 0.9221
2024-10-29 03:50:01,679: DP:0.01, EO:0.04
2024-10-29 03:50:12,353: Step [20/257], Loss D: 0.2061, Loss G: -0.0536
2024-10-29 03:50:15,875: Step [40/257], Loss D: 0.3457, Loss G: 0.2506
2024-10-29 03:50:19,323: Step [60/257], Loss D: 0.2814, Loss G: -0.2524
2024-10-29 03:50:22,828: Step [80/257], Loss D: 0.3706, Loss G: -0.1129
2024-10-29 03:50:26,280: Step [100/257], Loss D: 0.4241, Loss G: -0.0395
2024-10-29 03:50:29,704: Step [120/257], Loss D: 0.3143, Loss G: 0.0333
2024-10-29 03:50:33,224: Step [140/257], Loss D: 0.4743, Loss G: -0.1628
2024-10-29 03:50:36,636: Step [160/257], Loss D: 0.6103, Loss G: -0.1947
2024-10-29 03:50:40,130: Step [180/257], Loss D: 0.4526, Loss G: -0.1925
2024-10-29 03:50:43,710: Step [200/257], Loss D: 0.3906, Loss G: 0.1730
2024-10-29 03:50:47,196: Step [220/257], Loss D: 0.2697, Loss G: 0.0402
2024-10-29 03:50:50,639: Step [240/257], Loss D: 0.2850, Loss G: 0.1631
2024-10-29 03:51:04,358: Test Loss: 0.6662, Accuracy: 0.9331
2024-10-29 03:51:04,358: DP:0.00, EO:0.03
2024-10-29 03:51:15,130: Step [20/257], Loss D: 0.4898, Loss G: 0.1278
2024-10-29 03:51:18,548: Step [40/257], Loss D: 0.3582, Loss G: 0.2241
2024-10-29 03:51:22,054: Step [60/257], Loss D: 0.2364, Loss G: 0.0890
2024-10-29 03:51:25,449: Step [80/257], Loss D: 0.3013, Loss G: -0.1842
2024-10-29 03:51:28,923: Step [100/257], Loss D: 0.2135, Loss G: -0.1649
2024-10-29 03:51:32,405: Step [120/257], Loss D: 0.6315, Loss G: 0.3837
2024-10-29 03:51:35,799: Step [140/257], Loss D: 0.3905, Loss G: -0.0150
2024-10-29 03:51:39,266: Step [160/257], Loss D: 0.7490, Loss G: -0.3155
2024-10-29 03:51:42,671: Step [180/257], Loss D: 0.3817, Loss G: 0.0895
2024-10-29 03:51:46,340: Step [200/257], Loss D: 0.2880, Loss G: 0.0696
2024-10-29 03:51:49,837: Step [220/257], Loss D: 0.5910, Loss G: -0.3077
2024-10-29 03:51:53,248: Step [240/257], Loss D: 0.3791, Loss G: -0.2195
2024-10-29 03:52:07,463: Test Loss: 0.6683, Accuracy: 0.9309
2024-10-29 03:52:07,463: DP:0.01, EO:0.03
2024-10-29 03:52:18,106: Step [20/257], Loss D: 0.3462, Loss G: 0.2681
2024-10-29 03:52:21,596: Step [40/257], Loss D: 0.4602, Loss G: 0.0683
2024-10-29 03:52:25,109: Step [60/257], Loss D: 0.1942, Loss G: 0.2249
2024-10-29 03:52:28,537: Step [80/257], Loss D: 0.2491, Loss G: 0.1109
2024-10-29 03:52:32,007: Step [100/257], Loss D: 0.1909, Loss G: 0.2166
2024-10-29 03:52:35,398: Step [120/257], Loss D: 0.3216, Loss G: 0.0587
2024-10-29 03:52:38,843: Step [140/257], Loss D: 0.4018, Loss G: 0.1600
2024-10-29 03:52:42,289: Step [160/257], Loss D: 0.3831, Loss G: 0.0245
2024-10-29 03:52:45,643: Step [180/257], Loss D: 0.4363, Loss G: 0.3849
2024-10-29 03:52:49,071: Step [200/257], Loss D: 0.7003, Loss G: 0.0069
2024-10-29 03:52:52,461: Step [220/257], Loss D: 0.7062, Loss G: 0.1996
2024-10-29 03:52:55,890: Step [240/257], Loss D: 0.5799, Loss G: 0.1123
2024-10-29 03:53:09,591: Test Loss: 0.6650, Accuracy: 0.8662
2024-10-29 03:53:09,591: DP:0.02, EO:0.04
2024-10-29 03:53:20,541: Step [20/257], Loss D: 0.4343, Loss G: 0.1005
2024-10-29 03:53:24,009: Step [40/257], Loss D: 0.2347, Loss G: 0.2809
2024-10-29 03:53:27,558: Step [60/257], Loss D: 0.3946, Loss G: 0.0871
2024-10-29 03:53:31,107: Step [80/257], Loss D: 0.5500, Loss G: 0.1296
2024-10-29 03:53:34,566: Step [100/257], Loss D: 0.6422, Loss G: 0.0696
2024-10-29 03:53:38,096: Step [120/257], Loss D: 0.7116, Loss G: -0.3026
2024-10-29 03:53:41,619: Step [140/257], Loss D: 0.1467, Loss G: -0.1093
2024-10-29 03:53:45,153: Step [160/257], Loss D: 0.2083, Loss G: 0.2825
2024-10-29 03:53:48,682: Step [180/257], Loss D: 0.2034, Loss G: 0.1240
2024-10-29 03:53:52,118: Step [200/257], Loss D: 0.7273, Loss G: -0.2852
2024-10-29 03:53:55,607: Step [220/257], Loss D: 0.3442, Loss G: 0.3576
2024-10-29 03:53:59,001: Step [240/257], Loss D: 0.2323, Loss G: -0.0811
2024-10-29 03:54:12,683: Test Loss: 0.6760, Accuracy: 0.8520
2024-10-29 03:54:12,684: DP:0.00, EO:0.03
2024-10-29 03:54:23,727: Step [20/257], Loss D: 0.2453, Loss G: -0.2143
2024-10-29 03:54:27,282: Step [40/257], Loss D: 0.4243, Loss G: 0.0919
2024-10-29 03:54:30,743: Step [60/257], Loss D: 0.2703, Loss G: 0.0998
2024-10-29 03:54:34,247: Step [80/257], Loss D: 0.4006, Loss G: -0.0044
2024-10-29 03:54:37,729: Step [100/257], Loss D: 0.3028, Loss G: 0.3146
2024-10-29 03:54:41,147: Step [120/257], Loss D: 0.2452, Loss G: -0.0738
2024-10-29 03:54:44,663: Step [140/257], Loss D: 0.4407, Loss G: 0.1844
2024-10-29 03:54:48,152: Step [160/257], Loss D: 0.3799, Loss G: 0.2142
2024-10-29 03:54:51,599: Step [180/257], Loss D: 0.3098, Loss G: -0.0596
2024-10-29 03:54:55,084: Step [200/257], Loss D: 0.4115, Loss G: 0.0841
2024-10-29 03:54:58,525: Step [220/257], Loss D: 0.2924, Loss G: 0.0119
2024-10-29 03:55:01,980: Step [240/257], Loss D: 0.6072, Loss G: 0.1914
2024-10-29 03:55:16,181: Test Loss: 0.6631, Accuracy: 0.8366
2024-10-29 03:55:16,182: DP:0.05, EO:0.25
2024-10-29 03:55:27,344: Step [20/257], Loss D: 0.5269, Loss G: 0.0487
2024-10-29 03:55:30,881: Step [40/257], Loss D: 0.1369, Loss G: 0.0471
2024-10-29 03:55:34,318: Step [60/257], Loss D: 0.5655, Loss G: -0.0711
2024-10-29 03:55:37,881: Step [80/257], Loss D: 0.2572, Loss G: 0.2469
2024-10-29 03:55:41,300: Step [100/257], Loss D: 0.2805, Loss G: 0.0112
2024-10-29 03:55:44,783: Step [120/257], Loss D: 0.3164, Loss G: -0.1212
2024-10-29 03:55:48,251: Step [140/257], Loss D: 0.1588, Loss G: 0.1416
2024-10-29 03:55:51,665: Step [160/257], Loss D: 0.2261, Loss G: 0.1140
2024-10-29 03:55:55,149: Step [180/257], Loss D: 0.2810, Loss G: 0.1034
2024-10-29 03:55:58,573: Step [200/257], Loss D: 0.3249, Loss G: 0.3899
2024-10-29 03:56:02,032: Step [220/257], Loss D: 0.3369, Loss G: 0.0613
2024-10-29 03:56:05,496: Step [240/257], Loss D: 0.3836, Loss G: 0.2853
2024-10-29 03:56:19,889: Test Loss: 0.6583, Accuracy: 0.8904
2024-10-29 03:56:19,890: DP:0.04, EO:0.24
2024-10-29 03:56:30,656: Step [20/257], Loss D: 0.1644, Loss G: 0.2591
2024-10-29 03:56:34,230: Step [40/257], Loss D: 0.3225, Loss G: 0.0772
2024-10-29 03:56:37,766: Step [60/257], Loss D: 0.3786, Loss G: 0.2897
2024-10-29 03:56:41,174: Step [80/257], Loss D: 0.3125, Loss G: -0.0120
2024-10-29 03:56:44,678: Step [100/257], Loss D: 0.1619, Loss G: 0.2165
2024-10-29 03:56:48,080: Step [120/257], Loss D: 0.2876, Loss G: 0.0837
2024-10-29 03:56:51,531: Step [140/257], Loss D: 0.2907, Loss G: 0.2805
2024-10-29 03:56:54,992: Step [160/257], Loss D: 0.3801, Loss G: 0.2155
2024-10-29 03:56:58,357: Step [180/257], Loss D: 0.3282, Loss G: 0.2965
2024-10-29 03:57:01,804: Step [200/257], Loss D: 0.2774, Loss G: 0.0152
2024-10-29 03:57:05,157: Step [220/257], Loss D: 0.3300, Loss G: 0.1211
2024-10-29 03:57:08,606: Step [240/257], Loss D: 0.2718, Loss G: 0.0056
2024-10-29 03:57:22,460: Test Loss: 0.6588, Accuracy: 0.8860
2024-10-29 03:57:22,460: DP:0.03, EO:0.14
2024-10-29 03:57:33,669: Step [20/257], Loss D: 0.6211, Loss G: 0.1771
2024-10-29 03:57:37,263: Step [40/257], Loss D: 0.3667, Loss G: 0.1277
2024-10-29 03:57:40,730: Step [60/257], Loss D: 0.2789, Loss G: 0.0735
2024-10-29 03:57:44,278: Step [80/257], Loss D: 0.2682, Loss G: 0.1605
2024-10-29 03:57:47,718: Step [100/257], Loss D: 0.3018, Loss G: 0.1442
2024-10-29 03:57:51,207: Step [120/257], Loss D: 0.3102, Loss G: 0.2944
2024-10-29 03:57:54,709: Step [140/257], Loss D: 0.3907, Loss G: 0.1240
2024-10-29 03:57:58,170: Step [160/257], Loss D: 0.2852, Loss G: 0.2642
2024-10-29 03:58:01,662: Step [180/257], Loss D: 0.1597, Loss G: 0.3477
2024-10-29 03:58:05,155: Step [200/257], Loss D: 0.2621, Loss G: 0.2095
2024-10-29 03:58:08,555: Step [220/257], Loss D: 0.2525, Loss G: 0.2587
2024-10-29 03:58:12,010: Step [240/257], Loss D: 0.2297, Loss G: 0.3269
2024-10-29 03:58:25,697: Test Loss: 0.6722, Accuracy: 0.9134
2024-10-29 03:58:25,698: DP:0.02, EO:0.07
2024-10-29 03:58:36,626: Step [20/257], Loss D: 0.1958, Loss G: -0.1948
2024-10-29 03:58:40,125: Step [40/257], Loss D: 0.7613, Loss G: 0.1088
2024-10-29 03:58:43,682: Step [60/257], Loss D: 0.2255, Loss G: 0.1125
2024-10-29 03:58:47,084: Step [80/257], Loss D: 0.5664, Loss G: 0.1984
2024-10-29 03:58:50,551: Step [100/257], Loss D: 0.2622, Loss G: -0.0729
2024-10-29 03:58:54,001: Step [120/257], Loss D: 0.1871, Loss G: -0.0987
2024-10-29 03:58:57,449: Step [140/257], Loss D: 0.3041, Loss G: 0.1942
2024-10-29 03:59:00,909: Step [160/257], Loss D: 0.2631, Loss G: 0.1461
2024-10-29 03:59:04,289: Step [180/257], Loss D: 0.2504, Loss G: -0.3730
2024-10-29 03:59:07,736: Step [200/257], Loss D: 0.3240, Loss G: 0.1800
2024-10-29 03:59:11,117: Step [220/257], Loss D: 0.3070, Loss G: 0.0755
2024-10-29 03:59:14,559: Step [240/257], Loss D: 0.3563, Loss G: 0.1705
2024-10-29 03:59:28,233: Test Loss: 0.6530, Accuracy: 0.8717
2024-10-29 03:59:28,234: DP:0.05, EO:0.19
2024-10-29 03:59:39,290: Step [20/257], Loss D: 0.3000, Loss G: 0.0761
2024-10-29 03:59:42,694: Step [40/257], Loss D: 0.4370, Loss G: -0.7657
2024-10-29 03:59:46,151: Step [60/257], Loss D: 0.4090, Loss G: 0.3541
2024-10-29 03:59:49,614: Step [80/257], Loss D: 0.4984, Loss G: 0.2437
2024-10-29 03:59:53,008: Step [100/257], Loss D: 0.3315, Loss G: 0.0440
2024-10-29 03:59:56,486: Step [120/257], Loss D: 0.2186, Loss G: 0.2025
2024-10-29 03:59:59,869: Step [140/257], Loss D: 0.2716, Loss G: 0.1385
2024-10-29 04:00:03,371: Step [160/257], Loss D: 0.1266, Loss G: 0.1583
2024-10-29 04:00:06,811: Step [180/257], Loss D: 0.2545, Loss G: 0.4094
2024-10-29 04:00:10,163: Step [200/257], Loss D: 0.5119, Loss G: 0.3147
2024-10-29 04:00:13,585: Step [220/257], Loss D: 0.2670, Loss G: 0.3024
2024-10-29 04:00:17,011: Step [240/257], Loss D: 0.3354, Loss G: 0.1885
2024-10-29 04:00:30,775: Test Loss: 0.6614, Accuracy: 0.8706
2024-10-29 04:00:30,776: DP:0.02, EO:0.10
2024-10-29 04:00:41,448: Step [20/257], Loss D: 0.4234, Loss G: 0.1195
2024-10-29 04:00:44,927: Step [40/257], Loss D: 0.1994, Loss G: 0.0457
2024-10-29 04:00:48,387: Step [60/257], Loss D: 0.1511, Loss G: 0.0516
2024-10-29 04:00:51,771: Step [80/257], Loss D: 0.3179, Loss G: 0.1683
2024-10-29 04:00:55,222: Step [100/257], Loss D: 0.3310, Loss G: 0.3695
2024-10-29 04:00:58,617: Step [120/257], Loss D: 0.4037, Loss G: 0.2541
2024-10-29 04:01:02,090: Step [140/257], Loss D: 0.1882, Loss G: 0.2855
2024-10-29 04:01:05,549: Step [160/257], Loss D: 0.2891, Loss G: 0.1292
2024-10-29 04:01:08,919: Step [180/257], Loss D: 0.1349, Loss G: 0.3856
2024-10-29 04:01:12,404: Step [200/257], Loss D: 0.2420, Loss G: 0.3267
2024-10-29 04:01:15,863: Step [220/257], Loss D: 0.2065, Loss G: 0.4208
2024-10-29 04:01:19,317: Step [240/257], Loss D: 0.3231, Loss G: 0.2348
2024-10-29 04:01:33,360: Test Loss: 0.6665, Accuracy: 0.9167
2024-10-29 04:01:33,361: DP:0.02, EO:0.11
2024-10-29 04:01:44,675: Step [20/257], Loss D: 0.4298, Loss G: 0.1231
2024-10-29 04:01:48,026: Step [40/257], Loss D: 0.5478, Loss G: 0.1489
2024-10-29 04:01:51,523: Step [60/257], Loss D: 0.2350, Loss G: 0.2021
2024-10-29 04:01:55,010: Step [80/257], Loss D: 0.4111, Loss G: 0.1127
2024-10-29 04:01:58,393: Step [100/257], Loss D: 0.2022, Loss G: 0.2870
2024-10-29 04:02:01,838: Step [120/257], Loss D: 0.4996, Loss G: 0.0106
2024-10-29 04:02:05,226: Step [140/257], Loss D: 0.1956, Loss G: 0.0237
2024-10-29 04:02:08,664: Step [160/257], Loss D: 0.1379, Loss G: 0.0945
2024-10-29 04:02:12,152: Step [180/257], Loss D: 0.1654, Loss G: 0.2119
2024-10-29 04:02:15,581: Step [200/257], Loss D: 0.1144, Loss G: 0.1111
2024-10-29 04:02:19,117: Step [220/257], Loss D: 0.3406, Loss G: 0.0819
2024-10-29 04:02:22,578: Step [240/257], Loss D: 0.4706, Loss G: 0.0741
2024-10-29 04:02:36,399: Test Loss: 0.6670, Accuracy: 0.9035
2024-10-29 04:02:36,399: DP:0.03, EO:0.03
2024-10-29 04:02:47,619: Step [20/257], Loss D: 0.2773, Loss G: 0.1542
2024-10-29 04:02:51,138: Step [40/257], Loss D: 0.1299, Loss G: 0.1051
2024-10-29 04:02:54,637: Step [60/257], Loss D: 0.2374, Loss G: 0.2181
2024-10-29 04:02:58,020: Step [80/257], Loss D: 0.3238, Loss G: 0.2843
2024-10-29 04:03:01,571: Step [100/257], Loss D: 0.1326, Loss G: 0.3394
2024-10-29 04:03:05,030: Step [120/257], Loss D: 0.4032, Loss G: 0.2353
2024-10-29 04:03:08,398: Step [140/257], Loss D: 0.2123, Loss G: 0.1493
2024-10-29 04:03:11,853: Step [160/257], Loss D: 0.2156, Loss G: 0.1623
2024-10-29 04:03:15,191: Step [180/257], Loss D: 0.2226, Loss G: -0.0203
2024-10-29 04:03:18,607: Step [200/257], Loss D: 0.3931, Loss G: 0.1366
2024-10-29 04:03:22,052: Step [220/257], Loss D: 0.1753, Loss G: 0.0477
2024-10-29 04:03:25,372: Step [240/257], Loss D: 0.3354, Loss G: -0.1557
2024-10-29 04:03:39,293: Test Loss: 0.6717, Accuracy: 0.9057
2024-10-29 04:03:39,294: DP:0.02, EO:0.07
2024-10-29 04:03:49,853: Step [20/257], Loss D: 0.5899, Loss G: 0.2098
2024-10-29 04:03:53,267: Step [40/257], Loss D: 0.1246, Loss G: -0.0199
2024-10-29 04:03:56,748: Step [60/257], Loss D: 0.4950, Loss G: 0.1209
2024-10-29 04:04:00,215: Step [80/257], Loss D: 0.1152, Loss G: 0.1471
2024-10-29 04:04:03,569: Step [100/257], Loss D: 0.2232, Loss G: 0.1040
2024-10-29 04:04:06,982: Step [120/257], Loss D: 0.2632, Loss G: 0.4688
2024-10-29 04:04:10,418: Step [140/257], Loss D: 0.2330, Loss G: 0.1045
2024-10-29 04:04:13,822: Step [160/257], Loss D: 0.1879, Loss G: 0.1289
2024-10-29 04:04:17,314: Step [180/257], Loss D: 0.2608, Loss G: 0.2625
2024-10-29 04:04:20,735: Step [200/257], Loss D: 0.2685, Loss G: 0.3500
2024-10-29 04:04:24,215: Step [220/257], Loss D: 0.2835, Loss G: 0.2548
2024-10-29 04:04:27,683: Step [240/257], Loss D: 0.2373, Loss G: 0.1190
2024-10-29 04:04:41,369: Test Loss: 0.6826, Accuracy: 0.9232
2024-10-29 04:04:41,369: DP:0.01, EO:0.00
2024-10-29 04:04:52,539: Step [20/257], Loss D: 0.4609, Loss G: 0.1157
2024-10-29 04:04:56,113: Step [40/257], Loss D: 0.1374, Loss G: 0.3604
2024-10-29 04:04:59,582: Step [60/257], Loss D: 0.2820, Loss G: 0.2444
2024-10-29 04:05:03,092: Step [80/257], Loss D: 0.2368, Loss G: 0.0392
2024-10-29 04:05:06,549: Step [100/257], Loss D: 0.1951, Loss G: 0.2951
2024-10-29 04:05:09,914: Step [120/257], Loss D: 0.2705, Loss G: 0.2512
2024-10-29 04:05:13,375: Step [140/257], Loss D: 0.2416, Loss G: 0.1154
2024-10-29 04:05:16,779: Step [160/257], Loss D: 0.2669, Loss G: 0.2727
2024-10-29 04:05:20,229: Step [180/257], Loss D: 0.2620, Loss G: 0.2509
2024-10-29 04:05:23,653: Step [200/257], Loss D: 0.2022, Loss G: -0.0067
2024-10-29 04:05:27,009: Step [220/257], Loss D: 0.1855, Loss G: 0.1934
2024-10-29 04:05:30,437: Step [240/257], Loss D: 0.1314, Loss G: 0.0869
2024-10-29 04:05:43,802: Test Loss: 0.6862, Accuracy: 0.9145
2024-10-29 04:05:43,803: DP:0.02, EO:0.01
2024-10-29 04:05:55,029: Step [20/257], Loss D: 0.3668, Loss G: 0.2501
2024-10-29 04:05:58,513: Step [40/257], Loss D: 0.1722, Loss G: -0.0203
2024-10-29 04:06:02,080: Step [60/257], Loss D: 0.2868, Loss G: 0.3900
2024-10-29 04:06:05,524: Step [80/257], Loss D: 0.2718, Loss G: 0.2556
2024-10-29 04:06:09,047: Step [100/257], Loss D: 0.2059, Loss G: 0.0337
2024-10-29 04:06:12,562: Step [120/257], Loss D: 0.2546, Loss G: -0.0044
2024-10-29 04:06:16,005: Step [140/257], Loss D: 0.2059, Loss G: 0.2136
2024-10-29 04:06:19,497: Step [160/257], Loss D: 0.3582, Loss G: 0.1740
2024-10-29 04:06:22,909: Step [180/257], Loss D: 0.1741, Loss G: 0.1635
2024-10-29 04:06:26,408: Step [200/257], Loss D: 0.1280, Loss G: 0.2319
2024-10-29 04:06:29,928: Step [220/257], Loss D: 0.5124, Loss G: 0.1805
2024-10-29 04:06:33,332: Step [240/257], Loss D: 0.1555, Loss G: 0.0928
2024-10-29 04:06:47,265: Test Loss: 0.6863, Accuracy: 0.9123
2024-10-29 04:06:47,266: DP:0.03, EO:0.07
2024-10-29 04:06:58,352: Step [20/257], Loss D: 0.3189, Loss G: -0.0160
2024-10-29 04:07:01,786: Step [40/257], Loss D: 0.1867, Loss G: 0.3812
2024-10-29 04:07:05,161: Step [60/257], Loss D: 0.2156, Loss G: 0.2581
2024-10-29 04:07:08,596: Step [80/257], Loss D: 0.2779, Loss G: 0.3105
2024-10-29 04:07:11,955: Step [100/257], Loss D: 0.3573, Loss G: 0.2941
2024-10-29 04:07:15,394: Step [120/257], Loss D: 0.2876, Loss G: 0.2990
2024-10-29 04:07:18,848: Step [140/257], Loss D: 0.1655, Loss G: 0.2244
2024-10-29 04:07:22,204: Step [160/257], Loss D: 0.2909, Loss G: 0.1695
2024-10-29 04:07:25,615: Step [180/257], Loss D: 0.3903, Loss G: 0.0264
2024-10-29 04:07:28,965: Step [200/257], Loss D: 0.3807, Loss G: 0.2211
2024-10-29 04:07:32,355: Step [220/257], Loss D: 0.1563, Loss G: 0.3333
2024-10-29 04:07:35,766: Step [240/257], Loss D: 0.1904, Loss G: 0.2055
2024-10-29 04:07:49,174: Test Loss: 0.6682, Accuracy: 0.9101
2024-10-29 04:07:49,174: DP:0.01, EO:0.01
2024-10-29 04:07:59,981: Step [20/257], Loss D: 0.1314, Loss G: 0.2792
2024-10-29 04:08:03,378: Step [40/257], Loss D: 0.2501, Loss G: 0.1668
2024-10-29 04:08:06,848: Step [60/257], Loss D: 0.1769, Loss G: 0.4068
2024-10-29 04:08:10,294: Step [80/257], Loss D: 0.2066, Loss G: 0.4185
2024-10-29 04:08:13,645: Step [100/257], Loss D: 0.1771, Loss G: 0.2160
2024-10-29 04:08:17,069: Step [120/257], Loss D: 0.1740, Loss G: 0.2729
2024-10-29 04:08:20,430: Step [140/257], Loss D: 0.1226, Loss G: 0.1848
2024-10-29 04:08:23,935: Step [160/257], Loss D: 0.1576, Loss G: 0.0970
2024-10-29 04:08:27,381: Step [180/257], Loss D: 0.2356, Loss G: 0.3301
2024-10-29 04:08:30,752: Step [200/257], Loss D: 0.3809, Loss G: 0.0834
2024-10-29 04:08:34,196: Step [220/257], Loss D: 0.1717, Loss G: 0.3262
2024-10-29 04:08:37,565: Step [240/257], Loss D: 0.1064, Loss G: 0.2914
2024-10-29 04:08:51,138: Test Loss: 0.6650, Accuracy: 0.9079
2024-10-29 04:08:51,138: DP:0.00, EO:0.14
2024-10-29 04:09:01,813: Step [20/257], Loss D: 0.2532, Loss G: 0.2682
2024-10-29 04:09:05,457: Step [40/257], Loss D: 0.2166, Loss G: 0.2038
2024-10-29 04:09:08,937: Step [60/257], Loss D: 0.2924, Loss G: 0.3720
2024-10-29 04:09:12,357: Step [80/257], Loss D: 0.2195, Loss G: 0.1584
2024-10-29 04:09:15,794: Step [100/257], Loss D: 0.3407, Loss G: 0.3427
2024-10-29 04:09:19,130: Step [120/257], Loss D: 0.1876, Loss G: 0.3011
2024-10-29 04:09:22,580: Step [140/257], Loss D: 0.1758, Loss G: 0.4017
2024-10-29 04:09:26,041: Step [160/257], Loss D: 0.4206, Loss G: 0.2679
2024-10-29 04:09:29,423: Step [180/257], Loss D: 0.1894, Loss G: 0.2999
2024-10-29 04:09:32,869: Step [200/257], Loss D: 0.1178, Loss G: 0.2514
2024-10-29 04:09:36,257: Step [220/257], Loss D: 0.1551, Loss G: 0.2149
2024-10-29 04:09:39,662: Step [240/257], Loss D: 0.2007, Loss G: 0.3967
2024-10-29 04:09:53,527: Test Loss: 0.6644, Accuracy: 0.9046
2024-10-29 04:09:53,528: DP:0.01, EO:0.19
2024-10-29 04:10:04,436: Step [20/257], Loss D: 0.3564, Loss G: 0.3425
2024-10-29 04:10:07,909: Step [40/257], Loss D: 0.3276, Loss G: 0.1573
2024-10-29 04:10:11,320: Step [60/257], Loss D: 0.1605, Loss G: 0.2761
2024-10-29 04:10:14,757: Step [80/257], Loss D: 0.1190, Loss G: 0.3124
2024-10-29 04:10:18,131: Step [100/257], Loss D: 0.2095, Loss G: 0.2416
2024-10-29 04:10:21,564: Step [120/257], Loss D: 0.1406, Loss G: 0.1645
2024-10-29 04:10:25,018: Step [140/257], Loss D: 0.3138, Loss G: 0.3401
2024-10-29 04:10:28,369: Step [160/257], Loss D: 0.1206, Loss G: 0.1749
2024-10-29 04:10:31,794: Step [180/257], Loss D: 0.2245, Loss G: 0.2656
2024-10-29 04:10:35,157: Step [200/257], Loss D: 0.1922, Loss G: 0.3819
2024-10-29 04:10:38,577: Step [220/257], Loss D: 0.2957, Loss G: -0.0416
2024-10-29 04:10:42,092: Step [240/257], Loss D: 0.1432, Loss G: 0.1727
2024-10-29 04:10:56,812: Test Loss: 0.6597, Accuracy: 0.8904
2024-10-29 04:10:56,812: DP:0.03, EO:0.15
2024-10-29 04:11:07,564: Step [20/257], Loss D: 0.2868, Loss G: 0.2455
2024-10-29 04:11:11,086: Step [40/257], Loss D: 0.2052, Loss G: 0.2507
2024-10-29 04:11:14,580: Step [60/257], Loss D: 0.3699, Loss G: 0.1849
2024-10-29 04:11:18,032: Step [80/257], Loss D: 0.3959, Loss G: 0.3286
2024-10-29 04:11:21,513: Step [100/257], Loss D: 0.2401, Loss G: 0.0905
2024-10-29 04:11:24,922: Step [120/257], Loss D: 0.1520, Loss G: 0.1726
2024-10-29 04:11:28,416: Step [140/257], Loss D: 0.3389, Loss G: 0.0407
2024-10-29 04:11:31,896: Step [160/257], Loss D: 0.2337, Loss G: 0.2025
2024-10-29 04:11:35,315: Step [180/257], Loss D: 0.2231, Loss G: 0.3070
2024-10-29 04:11:38,803: Step [200/257], Loss D: 0.3333, Loss G: 0.0993
2024-10-29 04:11:42,222: Step [220/257], Loss D: 0.1671, Loss G: 0.3445
2024-10-29 04:11:45,678: Step [240/257], Loss D: 0.1469, Loss G: 0.2437
2024-10-29 04:11:59,298: Test Loss: 0.6785, Accuracy: 0.8882
2024-10-29 04:11:59,298: DP:0.00, EO:0.01
2024-10-29 04:12:09,885: Step [20/257], Loss D: 0.3259, Loss G: -0.2629
2024-10-29 04:12:13,382: Step [40/257], Loss D: 0.2253, Loss G: 0.2542
2024-10-29 04:12:16,812: Step [60/257], Loss D: 0.3200, Loss G: 0.2618
2024-10-29 04:12:20,294: Step [80/257], Loss D: 0.6185, Loss G: -0.0825
2024-10-29 04:12:23,732: Step [100/257], Loss D: 0.3246, Loss G: 0.3755
2024-10-29 04:12:27,073: Step [120/257], Loss D: 0.1736, Loss G: 0.2622
2024-10-29 04:12:30,537: Step [140/257], Loss D: 0.1607, Loss G: 0.3935
2024-10-29 04:12:33,910: Step [160/257], Loss D: 0.1641, Loss G: 0.2828
2024-10-29 04:12:37,368: Step [180/257], Loss D: 0.3679, Loss G: 0.0526
2024-10-29 04:12:40,888: Step [200/257], Loss D: 0.1110, Loss G: 0.1535
2024-10-29 04:12:44,342: Step [220/257], Loss D: 0.3184, Loss G: 0.2191
2024-10-29 04:12:47,838: Step [240/257], Loss D: 0.2275, Loss G: 0.2467
2024-10-29 04:13:02,116: Test Loss: 0.6795, Accuracy: 0.8816
2024-10-29 04:13:02,116: DP:0.02, EO:0.01
2024-10-29 04:13:13,551: Step [20/257], Loss D: 0.1545, Loss G: 0.2595
2024-10-29 04:13:16,975: Step [40/257], Loss D: 0.1157, Loss G: 0.2224
2024-10-29 04:13:20,457: Step [60/257], Loss D: 0.1718, Loss G: 0.1590
2024-10-29 04:13:23,975: Step [80/257], Loss D: 0.2279, Loss G: 0.0751
2024-10-29 04:13:27,468: Step [100/257], Loss D: 0.2903, Loss G: 0.4032
2024-10-29 04:13:31,027: Step [120/257], Loss D: 0.1645, Loss G: 0.1065
2024-10-29 04:13:34,443: Step [140/257], Loss D: 0.1903, Loss G: 0.3717
2024-10-29 04:13:37,918: Step [160/257], Loss D: 0.1844, Loss G: 0.2396
2024-10-29 04:13:41,348: Step [180/257], Loss D: 0.2627, Loss G: 0.2599
2024-10-29 04:13:44,816: Step [200/257], Loss D: 0.3599, Loss G: 0.2416
2024-10-29 04:13:48,327: Step [220/257], Loss D: 0.2891, Loss G: 0.2176
2024-10-29 04:13:51,740: Step [240/257], Loss D: 0.2081, Loss G: 0.3680
2024-10-29 04:14:05,694: Test Loss: 0.6725, Accuracy: 0.9079
2024-10-29 04:14:05,694: DP:0.01, EO:0.07
2024-10-29 04:14:16,387: Step [20/257], Loss D: 0.1769, Loss G: 0.2306
2024-10-29 04:14:19,835: Step [40/257], Loss D: 0.4448, Loss G: 0.2941
2024-10-29 04:14:23,343: Step [60/257], Loss D: 0.1357, Loss G: 0.3156
2024-10-29 04:14:26,851: Step [80/257], Loss D: 0.1960, Loss G: 0.2513
2024-10-29 04:14:30,305: Step [100/257], Loss D: 0.1198, Loss G: 0.1003
2024-10-29 04:14:33,672: Step [120/257], Loss D: 0.2528, Loss G: 0.2769
2024-10-29 04:14:37,102: Step [140/257], Loss D: 0.1930, Loss G: 0.3106
2024-10-29 04:14:40,447: Step [160/257], Loss D: 0.1553, Loss G: 0.4084
2024-10-29 04:14:43,883: Step [180/257], Loss D: 0.2565, Loss G: 0.4632
2024-10-29 04:14:47,314: Step [200/257], Loss D: 0.1463, Loss G: 0.2627
2024-10-29 04:14:50,646: Step [220/257], Loss D: 0.2565, Loss G: 0.4663
2024-10-29 04:14:54,028: Step [240/257], Loss D: 0.0905, Loss G: 0.3087
2024-10-29 04:15:07,868: Test Loss: 0.6588, Accuracy: 0.9090
2024-10-29 04:15:07,869: DP:0.01, EO:0.08
2024-10-29 04:15:18,502: Step [20/257], Loss D: 0.2239, Loss G: 0.2402
2024-10-29 04:15:21,865: Step [40/257], Loss D: 0.1195, Loss G: 0.3212
2024-10-29 04:15:25,355: Step [60/257], Loss D: 0.2274, Loss G: 0.0387
2024-10-29 04:15:28,781: Step [80/257], Loss D: 0.1525, Loss G: 0.1014
2024-10-29 04:15:32,230: Step [100/257], Loss D: 0.1673, Loss G: 0.3454
2024-10-29 04:15:35,709: Step [120/257], Loss D: 0.1928, Loss G: 0.3393
2024-10-29 04:15:39,082: Step [140/257], Loss D: 0.2403, Loss G: 0.2470
2024-10-29 04:15:42,507: Step [160/257], Loss D: 0.0912, Loss G: 0.3761
2024-10-29 04:15:45,863: Step [180/257], Loss D: 0.2275, Loss G: 0.3078
2024-10-29 04:15:49,281: Step [200/257], Loss D: 0.1472, Loss G: 0.2011
2024-10-29 04:15:52,768: Step [220/257], Loss D: 0.2169, Loss G: 0.2677
2024-10-29 04:15:56,166: Step [240/257], Loss D: 0.1486, Loss G: 0.3053
2024-10-29 04:16:09,716: Test Loss: 0.6573, Accuracy: 0.9068
2024-10-29 04:16:09,717: DP:0.02, EO:0.24
2024-10-29 04:16:20,718: Step [20/257], Loss D: 0.1744, Loss G: -0.0055
2024-10-29 04:16:24,150: Step [40/257], Loss D: 0.1494, Loss G: 0.2877
2024-10-29 04:16:27,699: Step [60/257], Loss D: 0.1915, Loss G: 0.4383
2024-10-29 04:16:31,210: Step [80/257], Loss D: 0.1510, Loss G: 0.1710
2024-10-29 04:16:34,567: Step [100/257], Loss D: 0.1033, Loss G: 0.3815
2024-10-29 04:16:38,073: Step [120/257], Loss D: 0.1681, Loss G: 0.0945
2024-10-29 04:16:41,486: Step [140/257], Loss D: 0.1588, Loss G: 0.4500
2024-10-29 04:16:45,004: Step [160/257], Loss D: 0.1913, Loss G: 0.3952
2024-10-29 04:16:48,462: Step [180/257], Loss D: 0.1252, Loss G: 0.4548
2024-10-29 04:16:51,855: Step [200/257], Loss D: 0.2167, Loss G: 0.3806
2024-10-29 04:16:55,324: Step [220/257], Loss D: 0.1300, Loss G: -0.1440
2024-10-29 04:16:58,715: Step [240/257], Loss D: 0.1681, Loss G: 0.2140
2024-10-29 04:17:12,824: Test Loss: 0.6605, Accuracy: 0.9024
2024-10-29 04:17:12,824: DP:0.02, EO:0.08
2024-10-29 04:17:23,934: Step [20/257], Loss D: 0.2491, Loss G: 0.1361
2024-10-29 04:17:27,577: Step [40/257], Loss D: 0.2031, Loss G: 0.2284
2024-10-29 04:17:31,062: Step [60/257], Loss D: 0.1495, Loss G: 0.3175
2024-10-29 04:17:34,574: Step [80/257], Loss D: 0.1723, Loss G: 0.3034
2024-10-29 04:17:38,098: Step [100/257], Loss D: 0.3395, Loss G: 0.2348
2024-10-29 04:17:41,538: Step [120/257], Loss D: 0.2868, Loss G: 0.2142
2024-10-29 04:17:45,018: Step [140/257], Loss D: 0.1925, Loss G: 0.1139
2024-10-29 04:17:48,378: Step [160/257], Loss D: 0.1440, Loss G: 0.3077
2024-10-29 04:17:51,815: Step [180/257], Loss D: 0.1627, Loss G: 0.1726
2024-10-29 04:17:55,283: Step [200/257], Loss D: 0.1757, Loss G: 0.1206
2024-10-29 04:17:58,655: Step [220/257], Loss D: 0.2185, Loss G: 0.2136
2024-10-29 04:18:02,081: Step [240/257], Loss D: 0.4389, Loss G: 0.2045
2024-10-29 04:18:15,927: Test Loss: 0.6582, Accuracy: 0.9046
2024-10-29 04:18:15,927: DP:0.03, EO:0.14
2024-10-29 04:18:26,900: Step [20/257], Loss D: 0.3505, Loss G: 0.3845
2024-10-29 04:18:30,310: Step [40/257], Loss D: 0.1385, Loss G: 0.3786
2024-10-29 04:18:33,843: Step [60/257], Loss D: 0.1338, Loss G: 0.1208
2024-10-29 04:18:37,269: Step [80/257], Loss D: 0.1321, Loss G: 0.4520
2024-10-29 04:18:40,735: Step [100/257], Loss D: 0.1612, Loss G: 0.3188
2024-10-29 04:18:44,218: Step [120/257], Loss D: 0.1622, Loss G: 0.4326
2024-10-29 04:18:47,615: Step [140/257], Loss D: 0.3945, Loss G: 0.2912
2024-10-29 04:18:51,090: Step [160/257], Loss D: 0.2376, Loss G: 0.4501
2024-10-29 04:18:54,486: Step [180/257], Loss D: 0.1762, Loss G: 0.2594
2024-10-29 04:18:57,967: Step [200/257], Loss D: 0.1712, Loss G: 0.2036
2024-10-29 04:19:01,404: Step [220/257], Loss D: 0.1406, Loss G: 0.3051
2024-10-29 04:19:04,793: Step [240/257], Loss D: 0.1923, Loss G: 0.2171
2024-10-29 04:19:18,678: Test Loss: 0.6510, Accuracy: 0.8871
2024-10-29 04:19:18,678: DP:0.03, EO:0.25
2024-10-29 04:19:29,320: Step [20/257], Loss D: 0.2502, Loss G: 0.4094
2024-10-29 04:19:32,845: Step [40/257], Loss D: 0.3649, Loss G: 0.2607
2024-10-29 04:19:36,340: Step [60/257], Loss D: 0.1990, Loss G: 0.3660
2024-10-29 04:19:39,765: Step [80/257], Loss D: 0.2692, Loss G: 0.3219
2024-10-29 04:19:43,218: Step [100/257], Loss D: 0.2599, Loss G: 0.2392
2024-10-29 04:19:46,598: Step [120/257], Loss D: 0.1871, Loss G: 0.4407
2024-10-29 04:19:50,055: Step [140/257], Loss D: 0.2218, Loss G: 0.2216
2024-10-29 04:19:53,576: Step [160/257], Loss D: 0.2203, Loss G: 0.1348
2024-10-29 04:19:56,958: Step [180/257], Loss D: 0.1590, Loss G: 0.3319
2024-10-29 04:20:00,431: Step [200/257], Loss D: 0.3813, Loss G: 0.2674
2024-10-29 04:20:03,822: Step [220/257], Loss D: 0.3348, Loss G: 0.1494
2024-10-29 04:20:07,098: Step [240/257], Loss D: 0.3190, Loss G: -0.0361
2024-10-29 04:20:20,931: Test Loss: 0.6576, Accuracy: 0.9057
2024-10-29 04:20:20,931: DP:0.03, EO:0.12
2024-10-29 04:20:32,127: Step [20/257], Loss D: 0.1423, Loss G: 0.1388
2024-10-29 04:20:35,674: Step [40/257], Loss D: 0.1857, Loss G: 0.3732
2024-10-29 04:20:39,100: Step [60/257], Loss D: 0.2826, Loss G: 0.3987
2024-10-29 04:20:42,587: Step [80/257], Loss D: 0.1403, Loss G: 0.3870
2024-10-29 04:20:45,975: Step [100/257], Loss D: 0.1970, Loss G: 0.2238
2024-10-29 04:20:49,422: Step [120/257], Loss D: 0.2552, Loss G: -0.0634
2024-10-29 04:20:52,876: Step [140/257], Loss D: 0.2398, Loss G: 0.2637
2024-10-29 04:20:56,291: Step [160/257], Loss D: 0.3637, Loss G: 0.2051
2024-10-29 04:20:59,733: Step [180/257], Loss D: 0.1197, Loss G: 0.3238
2024-10-29 04:21:03,104: Step [200/257], Loss D: 0.2445, Loss G: 0.2062
2024-10-29 04:21:06,524: Step [220/257], Loss D: 0.1775, Loss G: 0.2444
2024-10-29 04:21:09,911: Step [240/257], Loss D: 0.3185, Loss G: 0.0308
2024-10-29 04:21:23,770: Test Loss: 0.6524, Accuracy: 0.8882
2024-10-29 04:21:23,770: DP:0.04, EO:0.19
2024-10-29 04:21:34,269: Step [20/257], Loss D: 0.2102, Loss G: 0.3400
2024-10-29 04:21:37,763: Step [40/257], Loss D: 0.2615, Loss G: 0.2671
2024-10-29 04:21:41,212: Step [60/257], Loss D: 0.1566, Loss G: 0.2865
2024-10-29 04:21:44,641: Step [80/257], Loss D: 0.1839, Loss G: 0.1947
2024-10-29 04:21:48,071: Step [100/257], Loss D: 0.1630, Loss G: 0.3060
2024-10-29 04:21:51,468: Step [120/257], Loss D: 0.1610, Loss G: 0.2547
2024-10-29 04:21:54,766: Step [140/257], Loss D: 0.2956, Loss G: 0.1935
2024-10-29 04:21:58,150: Step [160/257], Loss D: 0.3494, Loss G: 0.4201
2024-10-29 04:22:01,462: Step [180/257], Loss D: 0.1267, Loss G: 0.0387
2024-10-29 04:22:04,855: Step [200/257], Loss D: 0.1899, Loss G: 0.3206
2024-10-29 04:22:08,232: Step [220/257], Loss D: 0.1346, Loss G: 0.3358
2024-10-29 04:22:11,526: Step [240/257], Loss D: 0.1017, Loss G: 0.3338
2024-10-29 04:22:25,188: Test Loss: 0.6590, Accuracy: 0.8871
2024-10-29 04:22:25,189: DP:0.04, EO:0.19
2024-10-29 04:22:35,992: Step [20/257], Loss D: 0.3030, Loss G: 0.2244
2024-10-29 04:22:39,538: Step [40/257], Loss D: 0.2006, Loss G: 0.3674
2024-10-29 04:22:42,948: Step [60/257], Loss D: 0.5668, Loss G: -0.0102
2024-10-29 04:22:46,475: Step [80/257], Loss D: 0.1541, Loss G: 0.2892
2024-10-29 04:22:49,990: Step [100/257], Loss D: 0.1856, Loss G: 0.0270
2024-10-29 04:22:53,423: Step [120/257], Loss D: 0.1168, Loss G: 0.2304
2024-10-29 04:22:56,886: Step [140/257], Loss D: 0.1910, Loss G: 0.1803
2024-10-29 04:23:00,260: Step [160/257], Loss D: 0.1370, Loss G: 0.3902
2024-10-29 04:23:03,675: Step [180/257], Loss D: 0.2555, Loss G: 0.4492
2024-10-29 04:23:07,097: Step [200/257], Loss D: 0.1388, Loss G: 0.3868
2024-10-29 04:23:10,475: Step [220/257], Loss D: 0.1727, Loss G: 0.2438
2024-10-29 04:23:13,915: Step [240/257], Loss D: 0.3937, Loss G: 0.2431
2024-10-29 04:23:27,319: Test Loss: 0.6579, Accuracy: 0.8925
2024-10-29 04:23:27,320: DP:0.05, EO:0.18
2024-10-29 04:23:38,005: Step [20/257], Loss D: 0.1581, Loss G: 0.1522
2024-10-29 04:23:41,403: Step [40/257], Loss D: 0.3432, Loss G: 0.5426
2024-10-29 04:23:44,990: Step [60/257], Loss D: 0.1151, Loss G: 0.3856
2024-10-29 04:23:48,420: Step [80/257], Loss D: 0.0977, Loss G: 0.3572
2024-10-29 04:23:51,899: Step [100/257], Loss D: 0.1258, Loss G: 0.3096
2024-10-29 04:23:55,386: Step [120/257], Loss D: 0.2504, Loss G: 0.3050
2024-10-29 04:23:58,787: Step [140/257], Loss D: 0.1520, Loss G: 0.2472
2024-10-29 04:24:02,237: Step [160/257], Loss D: 0.0760, Loss G: 0.1147
2024-10-29 04:24:05,623: Step [180/257], Loss D: 0.2437, Loss G: 0.3112
2024-10-29 04:24:09,078: Step [200/257], Loss D: 0.1124, Loss G: 0.3739
2024-10-29 04:24:12,512: Step [220/257], Loss D: 0.1755, Loss G: 0.2783
2024-10-29 04:24:15,875: Step [240/257], Loss D: 0.1653, Loss G: 0.4153
2024-10-29 04:24:29,797: Test Loss: 0.6568, Accuracy: 0.8969
2024-10-29 04:24:29,797: DP:0.04, EO:0.24
2024-10-29 04:24:40,596: Step [20/257], Loss D: 0.1246, Loss G: 0.3375
2024-10-29 04:24:44,122: Step [40/257], Loss D: 0.2068, Loss G: 0.1151
2024-10-29 04:24:47,629: Step [60/257], Loss D: 0.1622, Loss G: -0.2148
2024-10-29 04:24:51,119: Step [80/257], Loss D: 0.4189, Loss G: 0.3975
2024-10-29 04:24:54,581: Step [100/257], Loss D: 0.2221, Loss G: -0.0582
2024-10-29 04:24:57,969: Step [120/257], Loss D: 0.1288, Loss G: 0.2103
2024-10-29 04:25:01,401: Step [140/257], Loss D: 0.1379, Loss G: -0.2213
2024-10-29 04:25:04,817: Step [160/257], Loss D: 0.0706, Loss G: 0.3955
2024-10-29 04:25:08,297: Step [180/257], Loss D: 0.0599, Loss G: 0.4917
2024-10-29 04:25:11,751: Step [200/257], Loss D: 0.2242, Loss G: 0.4684
2024-10-29 04:25:15,148: Step [220/257], Loss D: 0.0963, Loss G: 0.3035
2024-10-29 04:25:18,603: Step [240/257], Loss D: 0.2858, Loss G: 0.4525
2024-10-29 04:25:32,970: Test Loss: 0.6532, Accuracy: 0.9002
2024-10-29 04:25:32,970: DP:0.04, EO:0.18
2024-10-29 04:25:43,628: Step [20/257], Loss D: 0.1398, Loss G: 0.3237
2024-10-29 04:25:47,023: Step [40/257], Loss D: 0.1346, Loss G: 0.2575
2024-10-29 04:25:50,646: Step [60/257], Loss D: 0.3042, Loss G: 0.3354
2024-10-29 04:25:54,090: Step [80/257], Loss D: 0.2365, Loss G: 0.0798
2024-10-29 04:25:57,585: Step [100/257], Loss D: 0.1984, Loss G: 0.2938
2024-10-29 04:26:01,067: Step [120/257], Loss D: 0.1721, Loss G: 0.1484
2024-10-29 04:26:04,454: Step [140/257], Loss D: 0.1388, Loss G: 0.3855
2024-10-29 04:26:07,918: Step [160/257], Loss D: 0.1763, Loss G: 0.3517
2024-10-29 04:26:11,368: Step [180/257], Loss D: 0.2446, Loss G: 0.1065
2024-10-29 04:26:14,759: Step [200/257], Loss D: 0.1323, Loss G: 0.3268
2024-10-29 04:26:18,254: Step [220/257], Loss D: 0.1247, Loss G: 0.4104
2024-10-29 04:26:21,632: Step [240/257], Loss D: 0.1658, Loss G: 0.1693
2024-10-29 04:26:35,188: Test Loss: 0.6513, Accuracy: 0.8904
2024-10-29 04:26:35,188: DP:0.05, EO:0.21
2024-10-29 04:26:46,074: Step [20/257], Loss D: 0.2728, Loss G: 0.4548
2024-10-29 04:26:49,559: Step [40/257], Loss D: 0.1459, Loss G: 0.2431
2024-10-29 04:26:52,975: Step [60/257], Loss D: 0.0939, Loss G: 0.2166
2024-10-29 04:26:56,448: Step [80/257], Loss D: 0.2727, Loss G: 0.3123
2024-10-29 04:26:59,858: Step [100/257], Loss D: 0.1640, Loss G: 0.3965
2024-10-29 04:27:03,310: Step [120/257], Loss D: 0.2304, Loss G: 0.2661
2024-10-29 04:27:06,751: Step [140/257], Loss D: 0.2089, Loss G: 0.2843
2024-10-29 04:27:09,967: Step [160/257], Loss D: 0.1020, Loss G: 0.3426
2024-10-29 04:27:13,295: Step [180/257], Loss D: 0.1889, Loss G: 0.2220
2024-10-29 04:27:16,618: Step [200/257], Loss D: 0.1786, Loss G: 0.4933
2024-10-29 04:27:19,949: Step [220/257], Loss D: 0.1391, Loss G: 0.4686
2024-10-29 04:27:23,372: Step [240/257], Loss D: 0.1553, Loss G: 0.2228
2024-10-29 04:27:37,087: Test Loss: 0.6549, Accuracy: 0.8871
2024-10-29 04:27:37,087: DP:0.05, EO:0.19
2024-10-29 04:27:47,731: Step [20/257], Loss D: 0.1784, Loss G: 0.2074
2024-10-29 04:27:51,148: Step [40/257], Loss D: 0.1514, Loss G: 0.2619
2024-10-29 04:27:54,637: Step [60/257], Loss D: 0.2242, Loss G: -0.1649
2024-10-29 04:27:58,124: Step [80/257], Loss D: 0.0954, Loss G: 0.4017
2024-10-29 04:28:01,551: Step [100/257], Loss D: 0.1539, Loss G: 0.3482
2024-10-29 04:28:05,006: Step [120/257], Loss D: 0.1943, Loss G: 0.3567
2024-10-29 04:28:08,411: Step [140/257], Loss D: 0.1571, Loss G: 0.3213
2024-10-29 04:28:11,884: Step [160/257], Loss D: 0.1800, Loss G: 0.2945
2024-10-29 04:28:15,368: Step [180/257], Loss D: 0.0998, Loss G: 0.3139
2024-10-29 04:28:18,762: Step [200/257], Loss D: 0.2400, Loss G: 0.3293
2024-10-29 04:28:22,240: Step [220/257], Loss D: 0.1467, Loss G: 0.3606
2024-10-29 04:28:25,654: Step [240/257], Loss D: 0.2426, Loss G: 0.2720
2024-10-29 04:28:39,861: Test Loss: 0.6560, Accuracy: 0.8717
2024-10-29 04:28:39,862: DP:0.04, EO:0.19
2024-10-29 04:28:50,879: Step [20/257], Loss D: 0.0589, Loss G: 0.4378
2024-10-29 04:28:54,419: Step [40/257], Loss D: 0.1514, Loss G: 0.3639
2024-10-29 04:28:57,941: Step [60/257], Loss D: 0.1955, Loss G: 0.2835
2024-10-29 04:29:01,399: Step [80/257], Loss D: 0.2130, Loss G: 0.4664
2024-10-29 04:29:04,859: Step [100/257], Loss D: 0.1506, Loss G: -0.0774
2024-10-29 04:29:08,274: Step [120/257], Loss D: 0.1641, Loss G: -0.1698
2024-10-29 04:29:11,773: Step [140/257], Loss D: 0.1290, Loss G: 0.3810
2024-10-29 04:29:15,305: Step [160/257], Loss D: 0.0540, Loss G: 0.0312
2024-10-29 04:29:18,739: Step [180/257], Loss D: 0.4162, Loss G: 0.0751
2024-10-29 04:29:22,244: Step [200/257], Loss D: 0.0488, Loss G: 0.4151
2024-10-29 04:29:25,708: Step [220/257], Loss D: 0.0891, Loss G: 0.1993
2024-10-29 04:29:29,169: Step [240/257], Loss D: 0.1252, Loss G: 0.3632
2024-10-29 04:29:42,661: Test Loss: 0.6544, Accuracy: 0.8936
2024-10-29 04:29:42,661: DP:0.03, EO:0.21
2024-10-29 04:29:54,029: Step [20/257], Loss D: 0.1376, Loss G: 0.4322
2024-10-29 04:29:57,451: Step [40/257], Loss D: 0.1674, Loss G: 0.3783
2024-10-29 04:30:00,934: Step [60/257], Loss D: 0.1771, Loss G: 0.3044
2024-10-29 04:30:04,400: Step [80/257], Loss D: 0.1316, Loss G: 0.4128
2024-10-29 04:30:07,777: Step [100/257], Loss D: 0.1529, Loss G: 0.4006
2024-10-29 04:30:11,215: Step [120/257], Loss D: 0.1455, Loss G: 0.3798
2024-10-29 04:30:14,621: Step [140/257], Loss D: 0.0996, Loss G: 0.2552
2024-10-29 04:30:18,098: Step [160/257], Loss D: 0.1707, Loss G: 0.3923
2024-10-29 04:30:21,567: Step [180/257], Loss D: 0.1905, Loss G: 0.3192
2024-10-29 04:30:24,950: Step [200/257], Loss D: 0.0683, Loss G: 0.2896
2024-10-29 04:30:28,414: Step [220/257], Loss D: 0.1593, Loss G: 0.3806
2024-10-29 04:30:31,919: Step [240/257], Loss D: 0.1412, Loss G: 0.3660
2024-10-29 04:30:46,029: Test Loss: 0.6592, Accuracy: 0.8761
2024-10-29 04:30:46,029: DP:0.06, EO:0.19
2024-10-29 04:30:57,079: Step [20/257], Loss D: 0.5690, Loss G: 0.2467
2024-10-29 04:31:00,581: Step [40/257], Loss D: 0.1493, Loss G: 0.2485
2024-10-29 04:31:04,122: Step [60/257], Loss D: 0.1765, Loss G: -0.0075
2024-10-29 04:31:07,500: Step [80/257], Loss D: 0.2885, Loss G: 0.1974
2024-10-29 04:31:10,977: Step [100/257], Loss D: 0.1674, Loss G: 0.2739
2024-10-29 04:31:14,409: Step [120/257], Loss D: 0.2915, Loss G: 0.3999
2024-10-29 04:31:17,925: Step [140/257], Loss D: 0.2789, Loss G: 0.3221
2024-10-29 04:31:21,412: Step [160/257], Loss D: 0.1442, Loss G: 0.3142
2024-10-29 04:31:24,819: Step [180/257], Loss D: 0.1572, Loss G: 0.2919
2024-10-29 04:31:28,374: Step [200/257], Loss D: 0.2820, Loss G: 0.2803
2024-10-29 04:31:31,811: Step [220/257], Loss D: 0.1188, Loss G: 0.1733
2024-10-29 04:31:35,274: Step [240/257], Loss D: 0.0976, Loss G: -0.0826
2024-10-29 04:31:49,748: Test Loss: 0.6566, Accuracy: 0.8728
2024-10-29 04:31:49,749: DP:0.06, EO:0.19
2024-10-29 04:32:00,482: Step [20/257], Loss D: 0.1399, Loss G: 0.3036
2024-10-29 04:32:03,961: Step [40/257], Loss D: 0.1701, Loss G: 0.2999
2024-10-29 04:32:07,345: Step [60/257], Loss D: 0.1498, Loss G: 0.5882
2024-10-29 04:32:10,890: Step [80/257], Loss D: 0.0999, Loss G: 0.2441
2024-10-29 04:32:14,279: Step [100/257], Loss D: 0.1790, Loss G: 0.3222
2024-10-29 04:32:17,767: Step [120/257], Loss D: 0.1446, Loss G: 0.4370
2024-10-29 04:32:21,246: Step [140/257], Loss D: 0.3143, Loss G: 0.3733
2024-10-29 04:32:24,612: Step [160/257], Loss D: 0.1358, Loss G: 0.0766
2024-10-29 04:32:28,096: Step [180/257], Loss D: 0.3245, Loss G: 0.2967
2024-10-29 04:32:31,472: Step [200/257], Loss D: 0.2409, Loss G: 0.3874
2024-10-29 04:32:34,949: Step [220/257], Loss D: 0.1194, Loss G: 0.4360
2024-10-29 04:32:38,399: Step [240/257], Loss D: 0.1248, Loss G: 0.2220
2024-10-29 04:32:52,272: Test Loss: 0.6550, Accuracy: 0.8695
2024-10-29 04:32:52,273: DP:0.05, EO:0.14
2024-10-29 04:33:02,889: Step [20/257], Loss D: 0.1323, Loss G: 0.2854
2024-10-29 04:33:06,333: Step [40/257], Loss D: 0.1943, Loss G: 0.2519
2024-10-29 04:33:09,765: Step [60/257], Loss D: 0.2133, Loss G: 0.2155
2024-10-29 04:33:13,095: Step [80/257], Loss D: 0.1773, Loss G: 0.3763
2024-10-29 04:33:16,524: Step [100/257], Loss D: 0.0943, Loss G: 0.4469
2024-10-29 04:33:19,858: Step [120/257], Loss D: 0.1496, Loss G: 0.3359
2024-10-29 04:33:23,264: Step [140/257], Loss D: 0.1488, Loss G: 0.2747
2024-10-29 04:33:26,743: Step [160/257], Loss D: 0.4370, Loss G: 0.0602
2024-10-29 04:33:30,114: Step [180/257], Loss D: 0.1893, Loss G: 0.0526
2024-10-29 04:33:33,507: Step [200/257], Loss D: 0.1887, Loss G: 0.4046
2024-10-29 04:33:36,827: Step [220/257], Loss D: 0.1716, Loss G: 0.2335
2024-10-29 04:33:40,207: Step [240/257], Loss D: 0.1727, Loss G: 0.3749
2024-10-29 04:33:53,890: Test Loss: 0.6542, Accuracy: 0.8695
2024-10-29 04:33:53,890: DP:0.04, EO:0.15
2024-10-29 04:33:53,890: Training completed.
