2024-10-29 04:34:01,243: Namespace(device='cuda', alpha=0.8, beta=1.0, lr=0.0001, pretrain_epochs=10, num_epochs=50, noise_strength=0.4, no_adversarial=False, visualize=False, debug=True, no_cam=False, seed=42, threshold=0.5, positive_weight=1.05, dataset='mimic-cxr', feature='n04')
2024-10-29 04:34:01,343: Number of GPUs available: 8
2024-10-29 04:34:03,065: Number of samples in training dataset: 8199 | testing dataset:912
2024-10-29 04:34:03,081: positive weight: 17.1123
2024-10-29 04:34:30,426: Final Training Loss: 0.6928, Accuracy: 0.8347
2024-10-29 04:34:52,842: Final Training Loss: 0.6895, Accuracy: 0.8639
2024-10-29 04:35:15,741: Final Training Loss: 0.6869, Accuracy: 0.8200
2024-10-29 04:35:38,951: Final Training Loss: 0.6779, Accuracy: 0.9034
2024-10-29 04:36:03,700: Final Training Loss: 0.6734, Accuracy: 0.8833
2024-10-29 04:36:28,365: Final Training Loss: 0.6744, Accuracy: 0.8786
2024-10-29 04:36:54,232: Final Training Loss: 0.6697, Accuracy: 0.8345
2024-10-29 04:37:19,918: Final Training Loss: 0.6661, Accuracy: 0.8671
2024-10-29 04:37:46,975: Final Training Loss: 0.6650, Accuracy: 0.8564
2024-10-29 04:38:14,225: Final Training Loss: 0.6537, Accuracy: 0.8621
2024-10-29 04:38:25,046: Test Loss: 0.6673, Accuracy: 0.8224
2024-10-29 04:38:25,047: DP:0.07, EO:0.18
2024-10-29 04:38:36,832: Step [20/257], Loss D: 0.8433, Loss G: -0.5203
2024-10-29 04:38:40,082: Step [40/257], Loss D: 0.6404, Loss G: -0.2564
2024-10-29 04:38:43,464: Step [60/257], Loss D: 0.6174, Loss G: -0.2626
2024-10-29 04:38:46,757: Step [80/257], Loss D: 0.4950, Loss G: -0.3351
2024-10-29 04:38:50,124: Step [100/257], Loss D: 0.5169, Loss G: -0.3624
2024-10-29 04:38:53,486: Step [120/257], Loss D: 0.5967, Loss G: -0.0371
2024-10-29 04:38:56,765: Step [140/257], Loss D: 0.5179, Loss G: -0.3850
2024-10-29 04:39:00,127: Step [160/257], Loss D: 0.5111, Loss G: -0.1145
2024-10-29 04:39:03,519: Step [180/257], Loss D: 0.3872, Loss G: -0.2461
2024-10-29 04:39:06,832: Step [200/257], Loss D: 0.4999, Loss G: -0.3455
2024-10-29 04:39:10,175: Step [220/257], Loss D: 0.6005, Loss G: -0.2250
2024-10-29 04:39:13,448: Step [240/257], Loss D: 0.7113, Loss G: -0.5836
2024-10-29 04:39:28,620: Test Loss: 0.6825, Accuracy: 0.9452
2024-10-29 04:39:28,620: DP:0.01, EO:0.00
2024-10-29 04:39:40,082: Step [20/257], Loss D: 0.6249, Loss G: -0.2344
2024-10-29 04:39:43,484: Step [40/257], Loss D: 0.6068, Loss G: -0.2305
2024-10-29 04:39:46,875: Step [60/257], Loss D: 0.7432, Loss G: -0.2901
2024-10-29 04:39:50,113: Step [80/257], Loss D: 0.8157, Loss G: -0.1591
2024-10-29 04:39:53,448: Step [100/257], Loss D: 0.4738, Loss G: -0.1028
2024-10-29 04:39:56,673: Step [120/257], Loss D: 0.5462, Loss G: -0.3631
2024-10-29 04:39:59,949: Step [140/257], Loss D: 0.4833, Loss G: -0.1311
2024-10-29 04:40:03,277: Step [160/257], Loss D: 0.5061, Loss G: -0.0731
2024-10-29 04:40:06,519: Step [180/257], Loss D: 0.5683, Loss G: -0.3242
2024-10-29 04:40:09,835: Step [200/257], Loss D: 0.6412, Loss G: -0.3113
2024-10-29 04:40:13,065: Step [220/257], Loss D: 0.3929, Loss G: -0.2228
2024-10-29 04:40:16,347: Step [240/257], Loss D: 0.5282, Loss G: -0.3613
2024-10-29 04:40:29,411: Test Loss: 0.6693, Accuracy: 0.9243
2024-10-29 04:40:29,412: DP:0.01, EO:0.03
2024-10-29 04:40:40,753: Step [20/257], Loss D: 0.4650, Loss G: -0.1602
2024-10-29 04:40:44,154: Step [40/257], Loss D: 0.5595, Loss G: -0.2871
2024-10-29 04:40:47,452: Step [60/257], Loss D: 0.5262, Loss G: -0.3559
2024-10-29 04:40:50,813: Step [80/257], Loss D: 0.7300, Loss G: -0.4398
2024-10-29 04:40:54,119: Step [100/257], Loss D: 0.5403, Loss G: -0.2583
2024-10-29 04:40:57,435: Step [120/257], Loss D: 0.5856, Loss G: -0.1544
2024-10-29 04:41:00,860: Step [140/257], Loss D: 0.3226, Loss G: -0.4830
2024-10-29 04:41:04,154: Step [160/257], Loss D: 0.5305, Loss G: -0.3828
2024-10-29 04:41:07,472: Step [180/257], Loss D: 0.6709, Loss G: -0.1885
2024-10-29 04:41:10,704: Step [200/257], Loss D: 0.5065, Loss G: 0.0118
2024-10-29 04:41:13,982: Step [220/257], Loss D: 0.3403, Loss G: -0.2785
2024-10-29 04:41:17,298: Step [240/257], Loss D: 0.5995, Loss G: -0.0688
2024-10-29 04:41:32,287: Test Loss: 0.6683, Accuracy: 0.9320
2024-10-29 04:41:32,288: DP:0.01, EO:0.01
2024-10-29 04:41:43,437: Step [20/257], Loss D: 0.3564, Loss G: -0.3178
2024-10-29 04:41:46,813: Step [40/257], Loss D: 0.3725, Loss G: 0.0241
2024-10-29 04:41:50,413: Step [60/257], Loss D: 0.3920, Loss G: -0.1054
2024-10-29 04:41:53,751: Step [80/257], Loss D: 0.7246, Loss G: -0.1342
2024-10-29 04:41:57,109: Step [100/257], Loss D: 0.4683, Loss G: -0.2163
2024-10-29 04:42:00,371: Step [120/257], Loss D: 0.4964, Loss G: 0.1440
2024-10-29 04:42:03,677: Step [140/257], Loss D: 0.4701, Loss G: -0.0655
2024-10-29 04:42:07,108: Step [160/257], Loss D: 0.5051, Loss G: -0.3981
2024-10-29 04:42:10,422: Step [180/257], Loss D: 0.3798, Loss G: -0.1092
2024-10-29 04:42:13,760: Step [200/257], Loss D: 0.4649, Loss G: -0.0569
2024-10-29 04:42:16,995: Step [220/257], Loss D: 0.4107, Loss G: -0.4582
2024-10-29 04:42:20,304: Step [240/257], Loss D: 0.5783, Loss G: -0.2938
2024-10-29 04:42:34,597: Test Loss: 0.6665, Accuracy: 0.9375
2024-10-29 04:42:34,598: DP:0.01, EO:0.04
2024-10-29 04:42:45,268: Step [20/257], Loss D: 0.4272, Loss G: -0.2148
2024-10-29 04:42:48,588: Step [40/257], Loss D: 0.4465, Loss G: -0.1403
2024-10-29 04:42:51,877: Step [60/257], Loss D: 0.2848, Loss G: -0.2893
2024-10-29 04:42:55,333: Step [80/257], Loss D: 0.4158, Loss G: 0.0442
2024-10-29 04:42:58,644: Step [100/257], Loss D: 0.6995, Loss G: -0.2760
2024-10-29 04:43:01,889: Step [120/257], Loss D: 0.3909, Loss G: -0.1415
2024-10-29 04:43:05,147: Step [140/257], Loss D: 0.4691, Loss G: -0.2156
2024-10-29 04:43:08,351: Step [160/257], Loss D: 0.3612, Loss G: -0.1290
2024-10-29 04:43:11,632: Step [180/257], Loss D: 0.4669, Loss G: -0.1301
2024-10-29 04:43:14,942: Step [200/257], Loss D: 0.4181, Loss G: -0.1883
2024-10-29 04:43:18,227: Step [220/257], Loss D: 0.6273, Loss G: -0.2755
2024-10-29 04:43:21,537: Step [240/257], Loss D: 0.6647, Loss G: -0.2017
2024-10-29 04:43:36,321: Test Loss: 0.6499, Accuracy: 0.9254
2024-10-29 04:43:36,322: DP:0.00, EO:0.01
2024-10-29 04:43:47,849: Step [20/257], Loss D: 0.4727, Loss G: -0.4168
2024-10-29 04:43:51,179: Step [40/257], Loss D: 0.3281, Loss G: -0.1678
2024-10-29 04:43:54,543: Step [60/257], Loss D: 0.3542, Loss G: -0.2801
2024-10-29 04:43:57,816: Step [80/257], Loss D: 1.5739, Loss G: -0.1950
2024-10-29 04:44:01,097: Step [100/257], Loss D: 0.7752, Loss G: -0.3258
2024-10-29 04:44:04,400: Step [120/257], Loss D: 0.6429, Loss G: -0.1438
2024-10-29 04:44:07,624: Step [140/257], Loss D: 0.5839, Loss G: -0.4975
2024-10-29 04:44:10,955: Step [160/257], Loss D: 0.5716, Loss G: -0.3698
2024-10-29 04:44:14,259: Step [180/257], Loss D: 0.3164, Loss G: -0.2170
2024-10-29 04:44:17,472: Step [200/257], Loss D: 0.4611, Loss G: -0.3327
2024-10-29 04:44:20,760: Step [220/257], Loss D: 0.4166, Loss G: -0.0261
2024-10-29 04:44:23,968: Step [240/257], Loss D: 0.7077, Loss G: -0.2145
2024-10-29 04:44:37,631: Test Loss: 0.6543, Accuracy: 0.7982
2024-10-29 04:44:37,632: DP:0.07, EO:0.49
2024-10-29 04:44:49,163: Step [20/257], Loss D: 0.3048, Loss G: -0.4074
2024-10-29 04:44:52,585: Step [40/257], Loss D: 0.4067, Loss G: -0.0881
2024-10-29 04:44:56,074: Step [60/257], Loss D: 0.3173, Loss G: -0.1244
2024-10-29 04:44:59,376: Step [80/257], Loss D: 0.5836, Loss G: -0.0367
2024-10-29 04:45:02,719: Step [100/257], Loss D: 0.5650, Loss G: -0.1128
2024-10-29 04:45:06,033: Step [120/257], Loss D: 0.3808, Loss G: -0.2415
2024-10-29 04:45:09,421: Step [140/257], Loss D: 0.3458, Loss G: -0.1980
2024-10-29 04:45:12,783: Step [160/257], Loss D: 0.5337, Loss G: -0.0090
2024-10-29 04:45:16,036: Step [180/257], Loss D: 0.2938, Loss G: -0.2752
2024-10-29 04:45:19,343: Step [200/257], Loss D: 0.3823, Loss G: -0.2027
2024-10-29 04:45:22,625: Step [220/257], Loss D: 0.8777, Loss G: -0.2039
2024-10-29 04:45:25,924: Step [240/257], Loss D: 0.8820, Loss G: -0.2639
2024-10-29 04:45:40,463: Test Loss: 0.6560, Accuracy: 0.8684
2024-10-29 04:45:40,463: DP:0.01, EO:0.29
2024-10-29 04:45:51,091: Step [20/257], Loss D: 0.4980, Loss G: -0.3539
2024-10-29 04:45:54,445: Step [40/257], Loss D: 0.3523, Loss G: 0.0002
2024-10-29 04:45:57,805: Step [60/257], Loss D: 0.4856, Loss G: -0.1135
2024-10-29 04:46:01,499: Step [80/257], Loss D: 0.4406, Loss G: -0.2968
2024-10-29 04:46:04,820: Step [100/257], Loss D: 0.4557, Loss G: 0.0418
2024-10-29 04:46:08,170: Step [120/257], Loss D: 0.3504, Loss G: 0.0446
2024-10-29 04:46:11,489: Step [140/257], Loss D: 0.4318, Loss G: 0.0782
2024-10-29 04:46:14,801: Step [160/257], Loss D: 0.4578, Loss G: 0.1360
2024-10-29 04:46:18,149: Step [180/257], Loss D: 0.2856, Loss G: -0.0280
2024-10-29 04:46:21,428: Step [200/257], Loss D: 0.6090, Loss G: -0.1739
2024-10-29 04:46:24,814: Step [220/257], Loss D: 0.4512, Loss G: -0.1378
2024-10-29 04:46:28,180: Step [240/257], Loss D: 0.5458, Loss G: -0.2937
2024-10-29 04:46:42,547: Test Loss: 0.6502, Accuracy: 0.8816
2024-10-29 04:46:42,547: DP:0.03, EO:0.21
2024-10-29 04:46:53,935: Step [20/257], Loss D: 0.4465, Loss G: -0.1436
2024-10-29 04:46:57,220: Step [40/257], Loss D: 0.5108, Loss G: -0.3880
2024-10-29 04:47:00,572: Step [60/257], Loss D: 0.5494, Loss G: 0.1735
2024-10-29 04:47:03,971: Step [80/257], Loss D: 0.4613, Loss G: -0.1845
2024-10-29 04:47:07,337: Step [100/257], Loss D: 0.2935, Loss G: -0.0956
2024-10-29 04:47:10,690: Step [120/257], Loss D: 0.3733, Loss G: -0.0033
2024-10-29 04:47:13,946: Step [140/257], Loss D: 0.3845, Loss G: -0.0863
2024-10-29 04:47:17,261: Step [160/257], Loss D: 0.4655, Loss G: -0.2978
2024-10-29 04:47:20,521: Step [180/257], Loss D: 0.4814, Loss G: 0.1205
2024-10-29 04:47:23,820: Step [200/257], Loss D: 0.6669, Loss G: -0.1902
2024-10-29 04:47:27,196: Step [220/257], Loss D: 0.2848, Loss G: -0.6668
2024-10-29 04:47:30,455: Step [240/257], Loss D: 0.3090, Loss G: -0.0951
2024-10-29 04:47:44,959: Test Loss: 0.6667, Accuracy: 0.9430
2024-10-29 04:47:44,959: DP:0.00, EO:0.00
2024-10-29 04:47:56,371: Step [20/257], Loss D: 0.4437, Loss G: 0.0141
2024-10-29 04:47:59,602: Step [40/257], Loss D: 0.2544, Loss G: -0.1704
2024-10-29 04:48:02,986: Step [60/257], Loss D: 0.4548, Loss G: 0.1069
2024-10-29 04:48:06,410: Step [80/257], Loss D: 0.3357, Loss G: -0.0641
2024-10-29 04:48:09,627: Step [100/257], Loss D: 0.5012, Loss G: -0.1233
2024-10-29 04:48:12,875: Step [120/257], Loss D: 0.5565, Loss G: 0.0129
2024-10-29 04:48:16,052: Step [140/257], Loss D: 0.4374, Loss G: -0.2163
2024-10-29 04:48:19,329: Step [160/257], Loss D: 0.2690, Loss G: -0.2238
2024-10-29 04:48:22,596: Step [180/257], Loss D: 0.4719, Loss G: -0.1463
2024-10-29 04:48:25,818: Step [200/257], Loss D: 0.4334, Loss G: -0.1586
2024-10-29 04:48:29,100: Step [220/257], Loss D: 0.3828, Loss G: -0.2042
2024-10-29 04:48:32,277: Step [240/257], Loss D: 0.4527, Loss G: 0.0746
2024-10-29 04:48:45,714: Test Loss: 0.6556, Accuracy: 0.9265
2024-10-29 04:48:45,715: DP:0.01, EO:0.07
2024-10-29 04:48:57,028: Step [20/257], Loss D: 0.4515, Loss G: 0.0645
2024-10-29 04:49:00,439: Step [40/257], Loss D: 0.2770, Loss G: -0.0375
2024-10-29 04:49:03,705: Step [60/257], Loss D: 0.5160, Loss G: -0.0145
2024-10-29 04:49:07,183: Step [80/257], Loss D: 0.3731, Loss G: -0.0306
2024-10-29 04:49:10,580: Step [100/257], Loss D: 0.2696, Loss G: -0.1237
2024-10-29 04:49:13,937: Step [120/257], Loss D: 0.3720, Loss G: 0.1391
2024-10-29 04:49:17,296: Step [140/257], Loss D: 0.3526, Loss G: 0.0986
2024-10-29 04:49:20,559: Step [160/257], Loss D: 0.4443, Loss G: 0.0323
2024-10-29 04:49:23,933: Step [180/257], Loss D: 0.9840, Loss G: 0.0450
2024-10-29 04:49:27,296: Step [200/257], Loss D: 0.1921, Loss G: -0.1862
2024-10-29 04:49:30,532: Step [220/257], Loss D: 0.3319, Loss G: -0.0407
2024-10-29 04:49:33,797: Step [240/257], Loss D: 0.5695, Loss G: 0.0897
2024-10-29 04:49:49,154: Test Loss: 0.6627, Accuracy: 0.9463
2024-10-29 04:49:49,154: DP:0.00, EO:0.06
2024-10-29 04:50:00,872: Step [20/257], Loss D: 0.2485, Loss G: -0.3409
2024-10-29 04:50:04,096: Step [40/257], Loss D: 0.3141, Loss G: -0.0249
2024-10-29 04:50:07,368: Step [60/257], Loss D: 0.4931, Loss G: -0.1263
2024-10-29 04:50:10,677: Step [80/257], Loss D: 0.2959, Loss G: -0.1817
2024-10-29 04:50:13,978: Step [100/257], Loss D: 0.1904, Loss G: 0.0917
2024-10-29 04:50:17,336: Step [120/257], Loss D: 0.5518, Loss G: 0.1572
2024-10-29 04:50:20,642: Step [140/257], Loss D: 0.2448, Loss G: -0.2054
2024-10-29 04:50:23,927: Step [160/257], Loss D: 0.2333, Loss G: 0.0555
2024-10-29 04:50:27,191: Step [180/257], Loss D: 0.5328, Loss G: -0.0165
2024-10-29 04:50:30,420: Step [200/257], Loss D: 0.5225, Loss G: 0.0308
2024-10-29 04:50:33,785: Step [220/257], Loss D: 0.3845, Loss G: -0.0726
2024-10-29 04:50:37,146: Step [240/257], Loss D: 0.3885, Loss G: -0.0219
2024-10-29 04:50:52,324: Test Loss: 0.6872, Accuracy: 0.9529
2024-10-29 04:50:52,325: DP:0.00, EO:0.00
2024-10-29 04:51:04,601: Step [20/257], Loss D: 0.3677, Loss G: -0.0793
2024-10-29 04:51:08,085: Step [40/257], Loss D: 0.3137, Loss G: -0.1077
2024-10-29 04:51:11,394: Step [60/257], Loss D: 0.3236, Loss G: -0.4095
2024-10-29 04:51:14,612: Step [80/257], Loss D: 0.2317, Loss G: -0.1361
2024-10-29 04:51:17,908: Step [100/257], Loss D: 0.4772, Loss G: -0.2418
2024-10-29 04:51:21,120: Step [120/257], Loss D: 0.2103, Loss G: -0.0521
2024-10-29 04:51:24,400: Step [140/257], Loss D: 0.3591, Loss G: -0.1916
2024-10-29 04:51:27,745: Step [160/257], Loss D: 0.3240, Loss G: -0.1638
2024-10-29 04:51:30,970: Step [180/257], Loss D: 0.3470, Loss G: 0.0118
2024-10-29 04:51:34,256: Step [200/257], Loss D: 0.3659, Loss G: -0.1315
2024-10-29 04:51:37,576: Step [220/257], Loss D: 0.2529, Loss G: 0.0013
2024-10-29 04:51:40,888: Step [240/257], Loss D: 0.2841, Loss G: -0.2194
2024-10-29 04:51:55,587: Test Loss: 0.6787, Accuracy: 0.9474
2024-10-29 04:51:55,588: DP:0.01, EO:0.00
2024-10-29 04:52:06,920: Step [20/257], Loss D: 0.4742, Loss G: 0.1688
2024-10-29 04:52:10,199: Step [40/257], Loss D: 0.5000, Loss G: -0.2413
2024-10-29 04:52:13,526: Step [60/257], Loss D: 0.6938, Loss G: -0.0051
2024-10-29 04:52:17,016: Step [80/257], Loss D: 0.2680, Loss G: -0.2858
2024-10-29 04:52:20,314: Step [100/257], Loss D: 0.4077, Loss G: 0.2464
2024-10-29 04:52:23,638: Step [120/257], Loss D: 0.2671, Loss G: 0.0112
2024-10-29 04:52:27,033: Step [140/257], Loss D: 0.2281, Loss G: -0.0826
2024-10-29 04:52:30,371: Step [160/257], Loss D: 0.6011, Loss G: -0.0474
2024-10-29 04:52:33,697: Step [180/257], Loss D: 0.6028, Loss G: 0.0178
2024-10-29 04:52:37,048: Step [200/257], Loss D: 0.3768, Loss G: -0.0518
2024-10-29 04:52:40,287: Step [220/257], Loss D: 0.3281, Loss G: 0.0124
2024-10-29 04:52:43,572: Step [240/257], Loss D: 0.4770, Loss G: 0.2867
2024-10-29 04:52:58,360: Test Loss: 0.6727, Accuracy: 0.9221
2024-10-29 04:52:58,360: DP:0.03, EO:0.07
2024-10-29 04:53:09,642: Step [20/257], Loss D: 0.3770, Loss G: 0.0616
2024-10-29 04:53:12,872: Step [40/257], Loss D: 0.2440, Loss G: -0.5896
2024-10-29 04:53:16,189: Step [60/257], Loss D: 0.4217, Loss G: -0.1744
2024-10-29 04:53:19,529: Step [80/257], Loss D: 0.6890, Loss G: 0.0413
2024-10-29 04:53:22,833: Step [100/257], Loss D: 0.4858, Loss G: -0.0400
2024-10-29 04:53:26,133: Step [120/257], Loss D: 0.5148, Loss G: -0.0090
2024-10-29 04:53:29,352: Step [140/257], Loss D: 0.5586, Loss G: -0.4452
2024-10-29 04:53:32,632: Step [160/257], Loss D: 0.3218, Loss G: 0.0634
2024-10-29 04:53:35,848: Step [180/257], Loss D: 0.2496, Loss G: -0.1100
2024-10-29 04:53:39,163: Step [200/257], Loss D: 0.5972, Loss G: -0.4439
2024-10-29 04:53:42,434: Step [220/257], Loss D: 0.3901, Loss G: 0.2260
2024-10-29 04:53:45,623: Step [240/257], Loss D: 0.2902, Loss G: -0.3547
2024-10-29 04:53:59,002: Test Loss: 0.6707, Accuracy: 0.8805
2024-10-29 04:53:59,003: DP:0.02, EO:0.01
2024-10-29 04:54:10,701: Step [20/257], Loss D: 0.3169, Loss G: -0.1663
2024-10-29 04:54:14,109: Step [40/257], Loss D: 0.4597, Loss G: 0.0809
2024-10-29 04:54:17,427: Step [60/257], Loss D: 0.3022, Loss G: -0.1598
2024-10-29 04:54:20,805: Step [80/257], Loss D: 0.2530, Loss G: 0.1069
2024-10-29 04:54:24,224: Step [100/257], Loss D: 0.2558, Loss G: -0.1365
2024-10-29 04:54:27,588: Step [120/257], Loss D: 0.2594, Loss G: -0.0984
2024-10-29 04:54:30,932: Step [140/257], Loss D: 0.3368, Loss G: -0.6896
2024-10-29 04:54:34,221: Step [160/257], Loss D: 0.4137, Loss G: -0.0665
2024-10-29 04:54:37,586: Step [180/257], Loss D: 0.5028, Loss G: 0.1118
2024-10-29 04:54:40,852: Step [200/257], Loss D: 0.2806, Loss G: -0.4446
2024-10-29 04:54:44,208: Step [220/257], Loss D: 0.4264, Loss G: -0.0527
2024-10-29 04:54:47,548: Step [240/257], Loss D: 0.2391, Loss G: 0.0437
2024-10-29 04:55:02,179: Test Loss: 0.6674, Accuracy: 0.9265
2024-10-29 04:55:02,179: DP:0.00, EO:0.03
2024-10-29 04:55:13,791: Step [20/257], Loss D: 0.3044, Loss G: -0.2621
2024-10-29 04:55:17,117: Step [40/257], Loss D: 0.3893, Loss G: -0.0010
2024-10-29 04:55:20,563: Step [60/257], Loss D: 0.5239, Loss G: -0.1891
2024-10-29 04:55:24,035: Step [80/257], Loss D: 0.3247, Loss G: 0.0895
2024-10-29 04:55:27,474: Step [100/257], Loss D: 0.4267, Loss G: -0.1108
2024-10-29 04:55:30,788: Step [120/257], Loss D: 0.3539, Loss G: 0.1832
2024-10-29 04:55:34,135: Step [140/257], Loss D: 0.2257, Loss G: -0.1518
2024-10-29 04:55:37,465: Step [160/257], Loss D: 0.6108, Loss G: 0.1692
2024-10-29 04:55:40,696: Step [180/257], Loss D: 0.3961, Loss G: -0.0393
2024-10-29 04:55:43,983: Step [200/257], Loss D: 0.2611, Loss G: -0.0832
2024-10-29 04:55:47,205: Step [220/257], Loss D: 0.2948, Loss G: -0.4718
2024-10-29 04:55:50,568: Step [240/257], Loss D: 0.2981, Loss G: -0.0121
2024-10-29 04:56:05,441: Test Loss: 0.6709, Accuracy: 0.8465
2024-10-29 04:56:05,441: DP:0.05, EO:0.25
2024-10-29 04:56:16,710: Step [20/257], Loss D: 0.6531, Loss G: -0.3135
2024-10-29 04:56:19,934: Step [40/257], Loss D: 0.2960, Loss G: -0.0973
2024-10-29 04:56:23,323: Step [60/257], Loss D: 0.3194, Loss G: 0.0976
2024-10-29 04:56:26,693: Step [80/257], Loss D: 0.5772, Loss G: -0.1395
2024-10-29 04:56:29,910: Step [100/257], Loss D: 0.2474, Loss G: 0.0694
2024-10-29 04:56:33,190: Step [120/257], Loss D: 0.5153, Loss G: 0.0937
2024-10-29 04:56:36,488: Step [140/257], Loss D: 0.2523, Loss G: -0.3417
2024-10-29 04:56:39,746: Step [160/257], Loss D: 0.2738, Loss G: -0.2809
2024-10-29 04:56:43,040: Step [180/257], Loss D: 0.2103, Loss G: -0.1576
2024-10-29 04:56:46,243: Step [200/257], Loss D: 0.4430, Loss G: -0.1648
2024-10-29 04:56:49,511: Step [220/257], Loss D: 0.3338, Loss G: -0.0304
2024-10-29 04:56:52,749: Step [240/257], Loss D: 0.6927, Loss G: 0.0000
2024-10-29 04:57:06,100: Test Loss: 0.6716, Accuracy: 0.8454
2024-10-29 04:57:06,100: DP:0.05, EO:0.01
2024-10-29 04:57:18,149: Step [20/257], Loss D: 0.4653, Loss G: -0.2961
2024-10-29 04:57:21,568: Step [40/257], Loss D: 0.6375, Loss G: 0.1193
2024-10-29 04:57:24,908: Step [60/257], Loss D: 0.4737, Loss G: -0.0236
2024-10-29 04:57:28,378: Step [80/257], Loss D: 0.4092, Loss G: -0.2047
2024-10-29 04:57:31,775: Step [100/257], Loss D: 0.3359, Loss G: -0.0120
2024-10-29 04:57:35,093: Step [120/257], Loss D: 0.5179, Loss G: 0.1590
2024-10-29 04:57:38,451: Step [140/257], Loss D: 0.2515, Loss G: -0.2082
2024-10-29 04:57:41,688: Step [160/257], Loss D: 0.5651, Loss G: -0.0047
2024-10-29 04:57:45,093: Step [180/257], Loss D: 0.3865, Loss G: 0.0984
2024-10-29 04:57:48,421: Step [200/257], Loss D: 0.4595, Loss G: -0.4479
2024-10-29 04:57:51,713: Step [220/257], Loss D: 0.5669, Loss G: 0.1828
2024-10-29 04:57:54,992: Step [240/257], Loss D: 0.6504, Loss G: 0.0698
2024-10-29 04:58:10,163: Test Loss: 0.6685, Accuracy: 0.8487
2024-10-29 04:58:10,163: DP:0.02, EO:0.03
2024-10-29 04:58:21,710: Step [20/257], Loss D: 0.8437, Loss G: -0.0666
2024-10-29 04:58:25,033: Step [40/257], Loss D: 0.5401, Loss G: 0.1388
2024-10-29 04:58:28,433: Step [60/257], Loss D: 0.4202, Loss G: 0.0827
2024-10-29 04:58:32,040: Step [80/257], Loss D: 0.2723, Loss G: 0.0273
2024-10-29 04:58:35,454: Step [100/257], Loss D: 0.4523, Loss G: 0.0502
2024-10-29 04:58:38,803: Step [120/257], Loss D: 0.7358, Loss G: 0.0728
2024-10-29 04:58:42,113: Step [140/257], Loss D: 0.4029, Loss G: -0.1498
2024-10-29 04:58:45,575: Step [160/257], Loss D: 0.5749, Loss G: 0.0885
2024-10-29 04:58:48,901: Step [180/257], Loss D: 0.3456, Loss G: -0.0897
2024-10-29 04:58:52,246: Step [200/257], Loss D: 0.2749, Loss G: -0.4085
2024-10-29 04:58:55,668: Step [220/257], Loss D: 0.3794, Loss G: 0.0385
2024-10-29 04:58:58,939: Step [240/257], Loss D: 0.2577, Loss G: 0.0746
2024-10-29 04:59:13,580: Test Loss: 0.6718, Accuracy: 0.8618
2024-10-29 04:59:13,581: DP:0.01, EO:0.01
2024-10-29 04:59:25,063: Step [20/257], Loss D: 0.3906, Loss G: 0.0561
2024-10-29 04:59:28,430: Step [40/257], Loss D: 0.3042, Loss G: -0.0118
2024-10-29 04:59:31,771: Step [60/257], Loss D: 0.4746, Loss G: 0.1467
2024-10-29 04:59:35,193: Step [80/257], Loss D: 0.6006, Loss G: 0.0685
2024-10-29 04:59:38,509: Step [100/257], Loss D: 0.9121, Loss G: 0.1262
2024-10-29 04:59:41,849: Step [120/257], Loss D: 0.2728, Loss G: 0.0276
2024-10-29 04:59:45,196: Step [140/257], Loss D: 0.6717, Loss G: -0.1059
2024-10-29 04:59:48,469: Step [160/257], Loss D: 0.4300, Loss G: 0.1181
2024-10-29 04:59:51,788: Step [180/257], Loss D: 0.4692, Loss G: -0.3175
2024-10-29 04:59:55,101: Step [200/257], Loss D: 0.2496, Loss G: -0.0712
2024-10-29 04:59:58,337: Step [220/257], Loss D: 0.4533, Loss G: -0.1090
2024-10-29 05:00:01,614: Step [240/257], Loss D: 0.1346, Loss G: -0.3220
2024-10-29 05:00:16,475: Test Loss: 0.6729, Accuracy: 0.8498
2024-10-29 05:00:16,475: DP:0.03, EO:0.06
2024-10-29 05:00:28,068: Step [20/257], Loss D: 0.3899, Loss G: 0.2101
2024-10-29 05:00:31,385: Step [40/257], Loss D: 0.2747, Loss G: 0.1417
2024-10-29 05:00:34,788: Step [60/257], Loss D: 0.2906, Loss G: 0.1683
2024-10-29 05:00:38,162: Step [80/257], Loss D: 0.2639, Loss G: 0.1348
2024-10-29 05:00:41,585: Step [100/257], Loss D: 0.1984, Loss G: -0.3366
2024-10-29 05:00:44,949: Step [120/257], Loss D: 0.6020, Loss G: 0.1521
2024-10-29 05:00:48,221: Step [140/257], Loss D: 0.3194, Loss G: 0.0122
2024-10-29 05:00:51,648: Step [160/257], Loss D: 0.3519, Loss G: -0.0929
2024-10-29 05:00:54,960: Step [180/257], Loss D: 0.4269, Loss G: -0.1656
2024-10-29 05:00:58,318: Step [200/257], Loss D: 0.3036, Loss G: -0.0500
2024-10-29 05:01:01,650: Step [220/257], Loss D: 0.3665, Loss G: -0.1986
2024-10-29 05:01:04,945: Step [240/257], Loss D: 0.1889, Loss G: -0.0522
2024-10-29 05:01:19,603: Test Loss: 0.6726, Accuracy: 0.8311
2024-10-29 05:01:19,604: DP:0.03, EO:0.07
2024-10-29 05:01:31,265: Step [20/257], Loss D: 0.4756, Loss G: 0.0786
2024-10-29 05:01:34,549: Step [40/257], Loss D: 0.2584, Loss G: -0.2005
2024-10-29 05:01:37,921: Step [60/257], Loss D: 0.1771, Loss G: -0.1620
2024-10-29 05:01:41,348: Step [80/257], Loss D: 0.2925, Loss G: 0.0184
2024-10-29 05:01:44,626: Step [100/257], Loss D: 0.3512, Loss G: 0.1392
2024-10-29 05:01:47,996: Step [120/257], Loss D: 0.2564, Loss G: 0.1164
2024-10-29 05:01:51,285: Step [140/257], Loss D: 0.6632, Loss G: 0.0412
2024-10-29 05:01:54,598: Step [160/257], Loss D: 0.2758, Loss G: 0.2061
2024-10-29 05:01:57,902: Step [180/257], Loss D: 0.2865, Loss G: -0.1586
2024-10-29 05:02:01,111: Step [200/257], Loss D: 0.3311, Loss G: 0.0349
2024-10-29 05:02:04,430: Step [220/257], Loss D: 0.3803, Loss G: -0.0557
2024-10-29 05:02:07,717: Step [240/257], Loss D: 0.2564, Loss G: 0.1236
2024-10-29 05:02:22,498: Test Loss: 0.6714, Accuracy: 0.8673
2024-10-29 05:02:22,498: DP:0.00, EO:0.04
2024-10-29 05:02:32,863: Step [20/257], Loss D: 0.3067, Loss G: -0.1212
2024-10-29 05:02:36,227: Step [40/257], Loss D: 0.2410, Loss G: 0.1495
2024-10-29 05:02:39,528: Step [60/257], Loss D: 0.4599, Loss G: 0.0094
2024-10-29 05:02:42,976: Step [80/257], Loss D: 0.4108, Loss G: -0.1028
2024-10-29 05:02:46,323: Step [100/257], Loss D: 0.3780, Loss G: -0.7825
2024-10-29 05:02:49,549: Step [120/257], Loss D: 0.3166, Loss G: 0.1610
2024-10-29 05:02:52,849: Step [140/257], Loss D: 0.1768, Loss G: 0.0173
2024-10-29 05:02:56,104: Step [160/257], Loss D: 0.3797, Loss G: -0.2974
2024-10-29 05:02:59,421: Step [180/257], Loss D: 0.3769, Loss G: -0.2721
2024-10-29 05:03:02,751: Step [200/257], Loss D: 0.2546, Loss G: 0.1288
2024-10-29 05:03:05,998: Step [220/257], Loss D: 0.3479, Loss G: 0.1121
2024-10-29 05:03:09,268: Step [240/257], Loss D: 0.3556, Loss G: -0.0161
2024-10-29 05:03:23,448: Test Loss: 0.6734, Accuracy: 0.8728
2024-10-29 05:03:23,448: DP:0.01, EO:0.10
2024-10-29 05:03:35,116: Step [20/257], Loss D: 0.2031, Loss G: -0.1326
2024-10-29 05:03:38,356: Step [40/257], Loss D: 0.2393, Loss G: 0.1615
2024-10-29 05:03:41,674: Step [60/257], Loss D: 0.2627, Loss G: 0.1422
2024-10-29 05:03:45,071: Step [80/257], Loss D: 0.2405, Loss G: 0.0819
2024-10-29 05:03:48,413: Step [100/257], Loss D: 0.3141, Loss G: -0.0993
2024-10-29 05:03:51,720: Step [120/257], Loss D: 0.4448, Loss G: -0.0911
2024-10-29 05:03:54,949: Step [140/257], Loss D: 0.3297, Loss G: -0.0605
2024-10-29 05:03:58,263: Step [160/257], Loss D: 0.2332, Loss G: -0.1100
2024-10-29 05:04:01,618: Step [180/257], Loss D: 0.3149, Loss G: 0.1590
2024-10-29 05:04:04,854: Step [200/257], Loss D: 0.3708, Loss G: 0.1883
2024-10-29 05:04:08,158: Step [220/257], Loss D: 0.3343, Loss G: -0.0380
2024-10-29 05:04:11,406: Step [240/257], Loss D: 0.3705, Loss G: 0.2503
2024-10-29 05:04:26,091: Test Loss: 0.6708, Accuracy: 0.8268
2024-10-29 05:04:26,092: DP:0.04, EO:0.01
2024-10-29 05:04:37,784: Step [20/257], Loss D: 0.4031, Loss G: 0.1821
2024-10-29 05:04:41,026: Step [40/257], Loss D: 0.1395, Loss G: 0.2298
2024-10-29 05:04:44,291: Step [60/257], Loss D: 0.2573, Loss G: 0.1773
2024-10-29 05:04:47,684: Step [80/257], Loss D: 0.2576, Loss G: 0.0559
2024-10-29 05:04:51,002: Step [100/257], Loss D: 0.1996, Loss G: 0.2453
2024-10-29 05:04:54,263: Step [120/257], Loss D: 0.3069, Loss G: 0.0296
2024-10-29 05:04:57,553: Step [140/257], Loss D: 0.4525, Loss G: 0.2659
2024-10-29 05:05:00,877: Step [160/257], Loss D: 0.6203, Loss G: 0.0700
2024-10-29 05:05:04,216: Step [180/257], Loss D: 0.2978, Loss G: 0.0281
2024-10-29 05:05:07,502: Step [200/257], Loss D: 0.4328, Loss G: 0.1532
2024-10-29 05:05:10,726: Step [220/257], Loss D: 0.3599, Loss G: -0.0486
2024-10-29 05:05:13,978: Step [240/257], Loss D: 0.2591, Loss G: 0.1729
2024-10-29 05:05:28,705: Test Loss: 0.6770, Accuracy: 0.7511
2024-10-29 05:05:28,705: DP:0.07, EO:0.04
2024-10-29 05:05:40,361: Step [20/257], Loss D: 0.1883, Loss G: -0.0452
2024-10-29 05:05:43,629: Step [40/257], Loss D: 0.2899, Loss G: -0.3601
2024-10-29 05:05:46,938: Step [60/257], Loss D: 0.2877, Loss G: -0.1123
2024-10-29 05:05:50,302: Step [80/257], Loss D: 0.7895, Loss G: -0.0353
2024-10-29 05:05:53,529: Step [100/257], Loss D: 0.5561, Loss G: 0.0284
2024-10-29 05:05:56,785: Step [120/257], Loss D: 0.3107, Loss G: -0.2836
2024-10-29 05:05:59,989: Step [140/257], Loss D: 0.2931, Loss G: -0.0353
2024-10-29 05:06:03,276: Step [160/257], Loss D: 0.1755, Loss G: 0.0321
2024-10-29 05:06:06,556: Step [180/257], Loss D: 0.2807, Loss G: 0.0936
2024-10-29 05:06:09,767: Step [200/257], Loss D: 0.3443, Loss G: 0.3154
2024-10-29 05:06:13,051: Step [220/257], Loss D: 0.3608, Loss G: 0.1898
2024-10-29 05:06:16,262: Step [240/257], Loss D: 0.3154, Loss G: -0.2008
2024-10-29 05:06:30,552: Test Loss: 0.6740, Accuracy: 0.8136
2024-10-29 05:06:30,552: DP:0.05, EO:0.25
2024-10-29 05:06:41,949: Step [20/257], Loss D: 0.2592, Loss G: 0.2198
2024-10-29 05:06:45,372: Step [40/257], Loss D: 0.2226, Loss G: 0.1174
2024-10-29 05:06:48,739: Step [60/257], Loss D: 0.3667, Loss G: 0.1150
2024-10-29 05:06:52,185: Step [80/257], Loss D: 0.3434, Loss G: 0.0067
2024-10-29 05:06:55,492: Step [100/257], Loss D: 0.2218, Loss G: 0.1253
2024-10-29 05:06:58,772: Step [120/257], Loss D: 0.3953, Loss G: -0.1075
2024-10-29 05:07:02,072: Step [140/257], Loss D: 0.4034, Loss G: 0.1548
2024-10-29 05:07:05,357: Step [160/257], Loss D: 0.3201, Loss G: 0.3097
2024-10-29 05:07:08,696: Step [180/257], Loss D: 0.2851, Loss G: 0.0670
2024-10-29 05:07:12,070: Step [200/257], Loss D: 0.2708, Loss G: 0.2798
2024-10-29 05:07:15,299: Step [220/257], Loss D: 0.3653, Loss G: -0.0288
2024-10-29 05:07:18,594: Step [240/257], Loss D: 0.2756, Loss G: 0.0475
2024-10-29 05:07:33,946: Test Loss: 0.6721, Accuracy: 0.8443
2024-10-29 05:07:33,946: DP:0.03, EO:0.10
2024-10-29 05:07:45,161: Step [20/257], Loss D: 0.4281, Loss G: -0.2833
2024-10-29 05:07:48,394: Step [40/257], Loss D: 0.2611, Loss G: 0.2253
2024-10-29 05:07:51,761: Step [60/257], Loss D: 0.2248, Loss G: 0.0503
2024-10-29 05:07:55,116: Step [80/257], Loss D: 0.5707, Loss G: 0.0518
2024-10-29 05:07:58,453: Step [100/257], Loss D: 0.2837, Loss G: 0.2969
2024-10-29 05:08:01,828: Step [120/257], Loss D: 0.3473, Loss G: 0.2136
2024-10-29 05:08:05,034: Step [140/257], Loss D: 0.2420, Loss G: 0.1622
2024-10-29 05:08:08,410: Step [160/257], Loss D: 0.3617, Loss G: 0.2297
2024-10-29 05:08:11,658: Step [180/257], Loss D: 0.4718, Loss G: -0.0616
2024-10-29 05:08:14,968: Step [200/257], Loss D: 0.2334, Loss G: -0.3316
2024-10-29 05:08:18,369: Step [220/257], Loss D: 0.4437, Loss G: 0.0583
2024-10-29 05:08:21,620: Step [240/257], Loss D: 0.4038, Loss G: -0.1089
2024-10-29 05:08:35,880: Test Loss: 0.6655, Accuracy: 0.8553
2024-10-29 05:08:35,881: DP:0.01, EO:0.19
2024-10-29 05:08:48,031: Step [20/257], Loss D: 0.3758, Loss G: 0.2850
2024-10-29 05:08:51,273: Step [40/257], Loss D: 0.1784, Loss G: 0.1633
2024-10-29 05:08:54,668: Step [60/257], Loss D: 0.4721, Loss G: 0.1789
2024-10-29 05:08:58,027: Step [80/257], Loss D: 0.2946, Loss G: -0.1237
2024-10-29 05:09:01,293: Step [100/257], Loss D: 0.2463, Loss G: 0.1963
2024-10-29 05:09:04,555: Step [120/257], Loss D: 0.3866, Loss G: -0.0379
2024-10-29 05:09:07,802: Step [140/257], Loss D: 0.1573, Loss G: 0.0094
2024-10-29 05:09:10,996: Step [160/257], Loss D: 0.2448, Loss G: 0.3301
2024-10-29 05:09:14,248: Step [180/257], Loss D: 0.5202, Loss G: 0.2261
2024-10-29 05:09:17,433: Step [200/257], Loss D: 0.4842, Loss G: 0.0030
2024-10-29 05:09:20,753: Step [220/257], Loss D: 0.4357, Loss G: -0.1816
2024-10-29 05:09:24,083: Step [240/257], Loss D: 0.2692, Loss G: -0.0003
2024-10-29 05:09:38,434: Test Loss: 0.6789, Accuracy: 0.7873
2024-10-29 05:09:38,435: DP:0.07, EO:0.06
2024-10-29 05:09:49,818: Step [20/257], Loss D: 0.5921, Loss G: -0.0358
2024-10-29 05:09:53,246: Step [40/257], Loss D: 0.1724, Loss G: 0.1131
2024-10-29 05:09:56,592: Step [60/257], Loss D: 0.2397, Loss G: 0.0672
2024-10-29 05:09:59,934: Step [80/257], Loss D: 0.2789, Loss G: -0.5598
2024-10-29 05:10:03,233: Step [100/257], Loss D: 0.1316, Loss G: -0.1378
2024-10-29 05:10:06,543: Step [120/257], Loss D: 0.3307, Loss G: 0.2170
2024-10-29 05:10:09,762: Step [140/257], Loss D: 0.2744, Loss G: 0.0359
2024-10-29 05:10:13,054: Step [160/257], Loss D: 0.2405, Loss G: -0.6844
2024-10-29 05:10:16,281: Step [180/257], Loss D: 0.3373, Loss G: 0.0013
2024-10-29 05:10:19,590: Step [200/257], Loss D: 0.4068, Loss G: 0.0880
2024-10-29 05:10:22,921: Step [220/257], Loss D: 0.3660, Loss G: 0.1931
2024-10-29 05:10:26,140: Step [240/257], Loss D: 0.3930, Loss G: 0.1679
2024-10-29 05:10:39,615: Test Loss: 0.6741, Accuracy: 0.8158
2024-10-29 05:10:39,615: DP:0.05, EO:0.11
2024-10-29 05:10:51,228: Step [20/257], Loss D: 0.2685, Loss G: -0.2099
2024-10-29 05:10:54,534: Step [40/257], Loss D: 0.2336, Loss G: -0.0532
2024-10-29 05:10:58,218: Step [60/257], Loss D: 0.2117, Loss G: 0.1331
2024-10-29 05:11:01,739: Step [80/257], Loss D: 0.3409, Loss G: 0.0559
2024-10-29 05:11:05,027: Step [100/257], Loss D: 0.1420, Loss G: 0.1462
2024-10-29 05:11:08,378: Step [120/257], Loss D: 0.4867, Loss G: 0.1975
2024-10-29 05:11:11,673: Step [140/257], Loss D: 0.2636, Loss G: 0.2214
2024-10-29 05:11:15,009: Step [160/257], Loss D: 0.2432, Loss G: -0.3630
2024-10-29 05:11:18,322: Step [180/257], Loss D: 0.5465, Loss G: 0.0717
2024-10-29 05:11:21,562: Step [200/257], Loss D: 0.2709, Loss G: 0.2283
2024-10-29 05:11:24,925: Step [220/257], Loss D: 0.3256, Loss G: 0.3776
2024-10-29 05:11:28,170: Step [240/257], Loss D: 0.6625, Loss G: 0.1136
2024-10-29 05:11:43,064: Test Loss: 0.6746, Accuracy: 0.8268
2024-10-29 05:11:43,064: DP:0.04, EO:0.15
2024-10-29 05:11:54,208: Step [20/257], Loss D: 0.4910, Loss G: 0.3591
2024-10-29 05:11:57,572: Step [40/257], Loss D: 0.2339, Loss G: 0.1993
2024-10-29 05:12:01,062: Step [60/257], Loss D: 0.2144, Loss G: -0.0937
2024-10-29 05:12:04,474: Step [80/257], Loss D: 0.4027, Loss G: 0.0159
2024-10-29 05:12:07,844: Step [100/257], Loss D: 0.2959, Loss G: -0.0335
2024-10-29 05:12:11,099: Step [120/257], Loss D: 0.3379, Loss G: -0.1163
2024-10-29 05:12:14,399: Step [140/257], Loss D: 0.3574, Loss G: 0.0421
2024-10-29 05:12:17,726: Step [160/257], Loss D: 0.3936, Loss G: -0.2416
2024-10-29 05:12:21,046: Step [180/257], Loss D: 0.2830, Loss G: 0.1508
2024-10-29 05:12:24,519: Step [200/257], Loss D: 0.4357, Loss G: 0.1386
2024-10-29 05:12:27,831: Step [220/257], Loss D: 0.2522, Loss G: 0.3078
2024-10-29 05:12:31,129: Step [240/257], Loss D: 0.2295, Loss G: 0.1183
2024-10-29 05:12:46,078: Test Loss: 0.6729, Accuracy: 0.8169
2024-10-29 05:12:46,079: DP:0.05, EO:0.21
2024-10-29 05:12:58,159: Step [20/257], Loss D: 0.1901, Loss G: 0.0212
2024-10-29 05:13:01,491: Step [40/257], Loss D: 0.1704, Loss G: -0.1890
2024-10-29 05:13:04,812: Step [60/257], Loss D: 0.3291, Loss G: -0.0580
2024-10-29 05:13:08,124: Step [80/257], Loss D: 0.1847, Loss G: -0.0408
2024-10-29 05:13:11,425: Step [100/257], Loss D: 0.4080, Loss G: 0.2616
2024-10-29 05:13:14,727: Step [120/257], Loss D: 0.1336, Loss G: 0.3600
2024-10-29 05:13:17,980: Step [140/257], Loss D: 0.1188, Loss G: 0.2225
2024-10-29 05:13:21,277: Step [160/257], Loss D: 0.3095, Loss G: 0.1315
2024-10-29 05:13:24,585: Step [180/257], Loss D: 0.6790, Loss G: -0.1022
2024-10-29 05:13:27,816: Step [200/257], Loss D: 0.2566, Loss G: 0.1003
2024-10-29 05:13:31,116: Step [220/257], Loss D: 0.4059, Loss G: 0.0197
2024-10-29 05:13:34,361: Step [240/257], Loss D: 0.4532, Loss G: 0.1584
2024-10-29 05:13:47,675: Test Loss: 0.6691, Accuracy: 0.8180
2024-10-29 05:13:47,675: DP:0.06, EO:0.14
2024-10-29 05:13:58,064: Step [20/257], Loss D: 0.1599, Loss G: 0.0337
2024-10-29 05:14:01,449: Step [40/257], Loss D: 0.2526, Loss G: 0.1551
2024-10-29 05:14:04,902: Step [60/257], Loss D: 0.3257, Loss G: 0.0869
2024-10-29 05:14:08,220: Step [80/257], Loss D: 0.1450, Loss G: -0.2832
2024-10-29 05:14:11,514: Step [100/257], Loss D: 0.2438, Loss G: 0.1644
2024-10-29 05:14:14,776: Step [120/257], Loss D: 0.2606, Loss G: -0.0300
2024-10-29 05:14:18,047: Step [140/257], Loss D: 0.2997, Loss G: 0.1766
2024-10-29 05:14:21,314: Step [160/257], Loss D: 0.2530, Loss G: -0.1133
2024-10-29 05:14:24,514: Step [180/257], Loss D: 0.4540, Loss G: 0.0719
2024-10-29 05:14:27,812: Step [200/257], Loss D: 0.2024, Loss G: 0.1864
2024-10-29 05:14:31,059: Step [220/257], Loss D: 0.2326, Loss G: -0.1050
2024-10-29 05:14:34,355: Step [240/257], Loss D: 0.3829, Loss G: 0.2450
2024-10-29 05:14:49,250: Test Loss: 0.6708, Accuracy: 0.8224
2024-10-29 05:14:49,251: DP:0.04, EO:0.11
2024-10-29 05:14:59,786: Step [20/257], Loss D: 0.3680, Loss G: 0.1009
2024-10-29 05:15:03,229: Step [40/257], Loss D: 0.4764, Loss G: 0.1318
2024-10-29 05:15:06,540: Step [60/257], Loss D: 0.2478, Loss G: 0.1088
2024-10-29 05:15:10,059: Step [80/257], Loss D: 0.5920, Loss G: 0.0299
2024-10-29 05:15:13,336: Step [100/257], Loss D: 0.2620, Loss G: 0.2418
2024-10-29 05:15:16,643: Step [120/257], Loss D: 0.2154, Loss G: 0.1407
2024-10-29 05:15:19,986: Step [140/257], Loss D: 0.2917, Loss G: 0.0175
2024-10-29 05:15:23,222: Step [160/257], Loss D: 0.4200, Loss G: -0.2159
2024-10-29 05:15:26,523: Step [180/257], Loss D: 0.2637, Loss G: 0.0841
2024-10-29 05:15:29,865: Step [200/257], Loss D: 0.4870, Loss G: -0.0234
2024-10-29 05:15:33,221: Step [220/257], Loss D: 0.2007, Loss G: -0.1142
2024-10-29 05:15:36,538: Step [240/257], Loss D: 0.2050, Loss G: 0.1699
2024-10-29 05:15:51,726: Test Loss: 0.6720, Accuracy: 0.8311
2024-10-29 05:15:51,727: DP:0.02, EO:0.12
2024-10-29 05:16:02,997: Step [20/257], Loss D: 0.3494, Loss G: 0.0850
2024-10-29 05:16:06,289: Step [40/257], Loss D: 0.3768, Loss G: 0.1562
2024-10-29 05:16:09,636: Step [60/257], Loss D: 0.4304, Loss G: 0.1853
2024-10-29 05:16:12,968: Step [80/257], Loss D: 0.3635, Loss G: -0.2551
2024-10-29 05:16:16,252: Step [100/257], Loss D: 0.2097, Loss G: 0.0334
2024-10-29 05:16:19,516: Step [120/257], Loss D: 0.2186, Loss G: -0.0121
2024-10-29 05:16:22,708: Step [140/257], Loss D: 0.6201, Loss G: 0.1554
2024-10-29 05:16:25,960: Step [160/257], Loss D: 0.1177, Loss G: 0.1631
2024-10-29 05:16:29,142: Step [180/257], Loss D: 0.4671, Loss G: -0.0156
2024-10-29 05:16:32,410: Step [200/257], Loss D: 0.4872, Loss G: 0.2129
2024-10-29 05:16:35,668: Step [220/257], Loss D: 0.2029, Loss G: 0.2225
2024-10-29 05:16:38,842: Step [240/257], Loss D: 0.3938, Loss G: 0.0780
2024-10-29 05:16:52,369: Test Loss: 0.6684, Accuracy: 0.8377
2024-10-29 05:16:52,369: DP:0.02, EO:0.22
2024-10-29 05:17:03,919: Step [20/257], Loss D: 0.2452, Loss G: 0.1217
2024-10-29 05:17:07,371: Step [40/257], Loss D: 0.2393, Loss G: -0.0682
2024-10-29 05:17:10,871: Step [60/257], Loss D: 0.2142, Loss G: 0.1621
2024-10-29 05:17:14,398: Step [80/257], Loss D: 0.4205, Loss G: 0.2645
2024-10-29 05:17:17,690: Step [100/257], Loss D: 0.2938, Loss G: 0.1509
2024-10-29 05:17:21,095: Step [120/257], Loss D: 0.3667, Loss G: 0.0165
2024-10-29 05:17:24,539: Step [140/257], Loss D: 0.3373, Loss G: 0.1527
2024-10-29 05:17:27,843: Step [160/257], Loss D: 0.4843, Loss G: 0.3326
2024-10-29 05:17:31,231: Step [180/257], Loss D: 0.4514, Loss G: 0.1929
2024-10-29 05:17:34,466: Step [200/257], Loss D: 0.2329, Loss G: 0.2478
2024-10-29 05:17:37,780: Step [220/257], Loss D: 0.4500, Loss G: -0.0781
2024-10-29 05:17:41,460: Step [240/257], Loss D: 0.3213, Loss G: 0.2842
2024-10-29 05:17:56,466: Test Loss: 0.6696, Accuracy: 0.8289
2024-10-29 05:17:56,467: DP:0.01, EO:0.11
2024-10-29 05:18:08,012: Step [20/257], Loss D: 0.2445, Loss G: -0.5349
2024-10-29 05:18:11,303: Step [40/257], Loss D: 0.6213, Loss G: -0.0916
2024-10-29 05:18:14,657: Step [60/257], Loss D: 0.2113, Loss G: -0.0308
2024-10-29 05:18:18,040: Step [80/257], Loss D: 0.2283, Loss G: 0.0949
2024-10-29 05:18:21,376: Step [100/257], Loss D: 0.3021, Loss G: 0.1680
2024-10-29 05:18:24,628: Step [120/257], Loss D: 0.4922, Loss G: 0.2394
2024-10-29 05:18:27,939: Step [140/257], Loss D: 0.2469, Loss G: -0.2042
2024-10-29 05:18:31,179: Step [160/257], Loss D: 0.2723, Loss G: 0.1271
2024-10-29 05:18:34,490: Step [180/257], Loss D: 0.2403, Loss G: 0.0102
2024-10-29 05:18:37,830: Step [200/257], Loss D: 0.3565, Loss G: -0.0110
2024-10-29 05:18:41,087: Step [220/257], Loss D: 0.2864, Loss G: 0.0979
2024-10-29 05:18:44,415: Step [240/257], Loss D: 0.3954, Loss G: -0.0050
2024-10-29 05:18:57,803: Test Loss: 0.6691, Accuracy: 0.8268
2024-10-29 05:18:57,803: DP:0.01, EO:0.22
2024-10-29 05:19:09,770: Step [20/257], Loss D: 0.5137, Loss G: 0.0700
2024-10-29 05:19:13,026: Step [40/257], Loss D: 0.2041, Loss G: 0.1571
2024-10-29 05:19:16,346: Step [60/257], Loss D: 0.2037, Loss G: -0.3822
2024-10-29 05:19:19,596: Step [80/257], Loss D: 0.5298, Loss G: -0.4843
2024-10-29 05:19:22,981: Step [100/257], Loss D: 0.2294, Loss G: -0.0089
2024-10-29 05:19:26,324: Step [120/257], Loss D: 0.1701, Loss G: 0.0633
2024-10-29 05:19:29,579: Step [140/257], Loss D: 0.3495, Loss G: 0.1836
2024-10-29 05:19:32,882: Step [160/257], Loss D: 0.2475, Loss G: 0.1080
2024-10-29 05:19:36,097: Step [180/257], Loss D: 0.2495, Loss G: -0.0617
2024-10-29 05:19:39,438: Step [200/257], Loss D: 0.1393, Loss G: 0.0213
2024-10-29 05:19:42,758: Step [220/257], Loss D: 0.4035, Loss G: 0.1653
2024-10-29 05:19:45,978: Step [240/257], Loss D: 0.4520, Loss G: -0.0745
2024-10-29 05:20:01,100: Test Loss: 0.6699, Accuracy: 0.8421
2024-10-29 05:20:01,101: DP:0.00, EO:0.11
2024-10-29 05:20:13,264: Step [20/257], Loss D: 0.3110, Loss G: 0.2105
2024-10-29 05:20:16,680: Step [40/257], Loss D: 0.3518, Loss G: 0.1612
2024-10-29 05:20:20,500: Step [60/257], Loss D: 0.3883, Loss G: 0.1197
2024-10-29 05:20:24,223: Step [80/257], Loss D: 0.2452, Loss G: -0.2011
2024-10-29 05:20:27,508: Step [100/257], Loss D: 0.2775, Loss G: -0.1149
2024-10-29 05:20:30,864: Step [120/257], Loss D: 0.2704, Loss G: 0.2531
2024-10-29 05:20:34,235: Step [140/257], Loss D: 0.2556, Loss G: 0.2454
2024-10-29 05:20:37,529: Step [160/257], Loss D: 0.4020, Loss G: 0.1720
2024-10-29 05:20:40,906: Step [180/257], Loss D: 0.3517, Loss G: -0.0438
2024-10-29 05:20:44,144: Step [200/257], Loss D: 0.2703, Loss G: 0.2147
2024-10-29 05:20:47,493: Step [220/257], Loss D: 0.2023, Loss G: 0.0558
2024-10-29 05:20:50,851: Step [240/257], Loss D: 0.2493, Loss G: -0.1205
2024-10-29 05:21:05,447: Test Loss: 0.6719, Accuracy: 0.8213
2024-10-29 05:21:05,447: DP:0.02, EO:0.12
2024-10-29 05:21:17,005: Step [20/257], Loss D: 0.4750, Loss G: 0.1769
2024-10-29 05:21:20,235: Step [40/257], Loss D: 0.4024, Loss G: 0.3205
2024-10-29 05:21:23,598: Step [60/257], Loss D: 0.2846, Loss G: 0.2671
2024-10-29 05:21:26,960: Step [80/257], Loss D: 0.2501, Loss G: 0.2099
2024-10-29 05:21:30,176: Step [100/257], Loss D: 0.4327, Loss G: 0.0153
2024-10-29 05:21:33,462: Step [120/257], Loss D: 0.4044, Loss G: -0.1451
2024-10-29 05:21:36,691: Step [140/257], Loss D: 0.3252, Loss G: 0.3559
2024-10-29 05:21:39,962: Step [160/257], Loss D: 0.2122, Loss G: 0.0421
2024-10-29 05:21:43,275: Step [180/257], Loss D: 0.3208, Loss G: 0.0977
2024-10-29 05:21:46,506: Step [200/257], Loss D: 0.3876, Loss G: 0.1728
2024-10-29 05:21:49,950: Step [220/257], Loss D: 0.4661, Loss G: -0.1043
2024-10-29 05:21:53,315: Step [240/257], Loss D: 0.3046, Loss G: 0.0734
2024-10-29 05:22:07,721: Test Loss: 0.6674, Accuracy: 0.8399
2024-10-29 05:22:07,721: DP:0.01, EO:0.17
2024-10-29 05:22:19,226: Step [20/257], Loss D: 0.2956, Loss G: 0.3571
2024-10-29 05:22:22,636: Step [40/257], Loss D: 0.2771, Loss G: 0.0923
2024-10-29 05:22:25,982: Step [60/257], Loss D: 0.1750, Loss G: 0.1908
2024-10-29 05:22:29,302: Step [80/257], Loss D: 0.2731, Loss G: -0.1836
2024-10-29 05:22:32,572: Step [100/257], Loss D: 0.3199, Loss G: -0.2076
2024-10-29 05:22:35,807: Step [120/257], Loss D: 0.2644, Loss G: 0.1058
2024-10-29 05:22:39,103: Step [140/257], Loss D: 0.4026, Loss G: 0.1698
2024-10-29 05:22:42,419: Step [160/257], Loss D: 0.4186, Loss G: 0.3516
2024-10-29 05:22:45,639: Step [180/257], Loss D: 0.4180, Loss G: 0.3009
2024-10-29 05:22:48,957: Step [200/257], Loss D: 0.2764, Loss G: 0.3079
2024-10-29 05:22:52,202: Step [220/257], Loss D: 0.5740, Loss G: 0.3028
2024-10-29 05:22:55,474: Step [240/257], Loss D: 0.2721, Loss G: -0.0097
2024-10-29 05:23:08,830: Test Loss: 0.6650, Accuracy: 0.8487
2024-10-29 05:23:08,830: DP:0.01, EO:0.17
2024-10-29 05:23:20,390: Step [20/257], Loss D: 0.2809, Loss G: -0.0122
2024-10-29 05:23:23,681: Step [40/257], Loss D: 0.2829, Loss G: 0.2072
2024-10-29 05:23:27,086: Step [60/257], Loss D: 0.1877, Loss G: 0.0110
2024-10-29 05:23:30,429: Step [80/257], Loss D: 0.1295, Loss G: 0.1781
2024-10-29 05:23:33,691: Step [100/257], Loss D: 0.3446, Loss G: -0.0009
2024-10-29 05:23:36,979: Step [120/257], Loss D: 0.2445, Loss G: 0.2817
2024-10-29 05:23:40,240: Step [140/257], Loss D: 0.2617, Loss G: 0.1938
2024-10-29 05:23:43,528: Step [160/257], Loss D: 0.2843, Loss G: 0.0402
2024-10-29 05:23:46,802: Step [180/257], Loss D: 0.1627, Loss G: -0.1066
2024-10-29 05:23:50,020: Step [200/257], Loss D: 0.5323, Loss G: -0.1330
2024-10-29 05:23:53,332: Step [220/257], Loss D: 0.1878, Loss G: 0.0410
2024-10-29 05:23:56,542: Step [240/257], Loss D: 0.2747, Loss G: 0.4152
2024-10-29 05:24:11,749: Test Loss: 0.6642, Accuracy: 0.8377
2024-10-29 05:24:11,749: DP:0.00, EO:0.22
2024-10-29 05:24:23,345: Step [20/257], Loss D: 0.2644, Loss G: 0.1503
2024-10-29 05:24:27,061: Step [40/257], Loss D: 0.3650, Loss G: 0.1631
2024-10-29 05:24:30,562: Step [60/257], Loss D: 0.4349, Loss G: 0.1225
2024-10-29 05:24:34,696: Step [80/257], Loss D: 0.2206, Loss G: 0.0608
2024-10-29 05:24:38,103: Step [100/257], Loss D: 0.3054, Loss G: 0.0320
2024-10-29 05:24:41,396: Step [120/257], Loss D: 0.3152, Loss G: 0.1254
2024-10-29 05:24:44,778: Step [140/257], Loss D: 0.2626, Loss G: 0.0946
2024-10-29 05:24:48,119: Step [160/257], Loss D: 0.2521, Loss G: 0.3368
2024-10-29 05:24:51,540: Step [180/257], Loss D: 0.3290, Loss G: 0.2205
2024-10-29 05:24:54,957: Step [200/257], Loss D: 0.3812, Loss G: 0.1496
2024-10-29 05:24:58,352: Step [220/257], Loss D: 0.2281, Loss G: 0.1565
2024-10-29 05:25:01,765: Step [240/257], Loss D: 0.2243, Loss G: 0.2630
2024-10-29 05:25:16,397: Test Loss: 0.6633, Accuracy: 0.8509
2024-10-29 05:25:16,398: DP:0.02, EO:0.17
2024-10-29 05:25:27,812: Step [20/257], Loss D: 0.2711, Loss G: 0.1517
2024-10-29 05:25:31,062: Step [40/257], Loss D: 0.4220, Loss G: 0.2266
2024-10-29 05:25:34,435: Step [60/257], Loss D: 0.3698, Loss G: 0.3634
2024-10-29 05:25:37,856: Step [80/257], Loss D: 0.2507, Loss G: 0.0652
2024-10-29 05:25:41,133: Step [100/257], Loss D: 0.1997, Loss G: 0.0447
2024-10-29 05:25:44,500: Step [120/257], Loss D: 0.2431, Loss G: 0.1115
2024-10-29 05:25:47,793: Step [140/257], Loss D: 0.3079, Loss G: 0.1750
2024-10-29 05:25:51,180: Step [160/257], Loss D: 0.1787, Loss G: 0.0614
2024-10-29 05:25:54,515: Step [180/257], Loss D: 0.2773, Loss G: 0.1475
2024-10-29 05:25:57,747: Step [200/257], Loss D: 0.2872, Loss G: 0.1153
2024-10-29 05:26:01,119: Step [220/257], Loss D: 0.2757, Loss G: 0.1336
2024-10-29 05:26:04,501: Step [240/257], Loss D: 0.3319, Loss G: 0.1897
2024-10-29 05:26:18,821: Test Loss: 0.6630, Accuracy: 0.8454
2024-10-29 05:26:18,821: DP:0.02, EO:0.21
2024-10-29 05:26:29,364: Step [20/257], Loss D: 0.3757, Loss G: 0.0837
2024-10-29 05:26:32,730: Step [40/257], Loss D: 0.2579, Loss G: -0.0786
2024-10-29 05:26:36,055: Step [60/257], Loss D: 0.1349, Loss G: -0.0735
2024-10-29 05:26:39,343: Step [80/257], Loss D: 0.3251, Loss G: -0.3067
2024-10-29 05:26:42,668: Step [100/257], Loss D: 0.2873, Loss G: 0.1937
2024-10-29 05:26:45,880: Step [120/257], Loss D: 0.4479, Loss G: 0.1444
2024-10-29 05:26:49,161: Step [140/257], Loss D: 0.3157, Loss G: 0.1628
2024-10-29 05:26:52,467: Step [160/257], Loss D: 0.1457, Loss G: 0.0257
2024-10-29 05:26:55,653: Step [180/257], Loss D: 0.7390, Loss G: 0.1866
2024-10-29 05:26:58,916: Step [200/257], Loss D: 0.2255, Loss G: 0.2211
2024-10-29 05:27:02,106: Step [220/257], Loss D: 0.3381, Loss G: 0.2873
2024-10-29 05:27:05,385: Step [240/257], Loss D: 0.3746, Loss G: -0.0054
2024-10-29 05:27:19,671: Test Loss: 0.6585, Accuracy: 0.8772
2024-10-29 05:27:19,672: DP:0.03, EO:0.17
2024-10-29 05:27:33,519: Step [20/257], Loss D: 0.2792, Loss G: 0.1683
2024-10-29 05:27:37,118: Step [40/257], Loss D: 0.3607, Loss G: 0.1871
2024-10-29 05:27:40,706: Step [60/257], Loss D: 0.2727, Loss G: 0.0675
2024-10-29 05:27:44,239: Step [80/257], Loss D: 0.2864, Loss G: 0.1025
2024-10-29 05:27:47,744: Step [100/257], Loss D: 0.1943, Loss G: 0.1364
2024-10-29 05:27:51,378: Step [120/257], Loss D: 0.4654, Loss G: -0.0263
2024-10-29 05:27:54,831: Step [140/257], Loss D: 0.1994, Loss G: 0.0122
2024-10-29 05:27:58,257: Step [160/257], Loss D: 0.4788, Loss G: 0.2422
2024-10-29 05:28:01,728: Step [180/257], Loss D: 0.4664, Loss G: 0.2063
2024-10-29 05:28:05,025: Step [200/257], Loss D: 0.3391, Loss G: 0.0838
2024-10-29 05:28:08,353: Step [220/257], Loss D: 0.3378, Loss G: 0.3715
2024-10-29 05:28:11,732: Step [240/257], Loss D: 0.5737, Loss G: -0.0770
2024-10-29 05:28:26,327: Test Loss: 0.6628, Accuracy: 0.8640
2024-10-29 05:28:26,328: DP:0.01, EO:0.21
2024-10-29 05:28:37,616: Step [20/257], Loss D: 0.2392, Loss G: -0.1626
2024-10-29 05:28:40,925: Step [40/257], Loss D: 0.2671, Loss G: 0.2266
2024-10-29 05:28:44,272: Step [60/257], Loss D: 0.2796, Loss G: -0.1335
2024-10-29 05:28:47,652: Step [80/257], Loss D: 0.1521, Loss G: 0.2915
2024-10-29 05:28:50,996: Step [100/257], Loss D: 0.2977, Loss G: 0.2232
2024-10-29 05:28:54,254: Step [120/257], Loss D: 0.2752, Loss G: -0.0107
2024-10-29 05:28:57,574: Step [140/257], Loss D: 0.2590, Loss G: 0.0103
2024-10-29 05:29:00,799: Step [160/257], Loss D: 0.1928, Loss G: -0.0163
2024-10-29 05:29:04,087: Step [180/257], Loss D: 0.2813, Loss G: 0.2106
2024-10-29 05:29:07,373: Step [200/257], Loss D: 0.2133, Loss G: 0.0913
2024-10-29 05:29:10,605: Step [220/257], Loss D: 0.1673, Loss G: 0.0904
2024-10-29 05:29:13,896: Step [240/257], Loss D: 0.3120, Loss G: 0.0672
2024-10-29 05:29:27,267: Test Loss: 0.6664, Accuracy: 0.8520
2024-10-29 05:29:27,267: DP:0.00, EO:0.25
2024-10-29 05:29:39,310: Step [20/257], Loss D: 0.2415, Loss G: 0.2332
2024-10-29 05:29:42,581: Step [40/257], Loss D: 0.3985, Loss G: -0.0563
2024-10-29 05:29:45,949: Step [60/257], Loss D: 0.3183, Loss G: 0.2229
2024-10-29 05:29:49,352: Step [80/257], Loss D: 0.1090, Loss G: 0.2471
2024-10-29 05:29:52,618: Step [100/257], Loss D: 0.2011, Loss G: 0.2421
2024-10-29 05:29:55,966: Step [120/257], Loss D: 0.2181, Loss G: 0.0326
2024-10-29 05:29:59,237: Step [140/257], Loss D: 0.3620, Loss G: 0.2004
2024-10-29 05:30:02,589: Step [160/257], Loss D: 0.3328, Loss G: 0.1222
2024-10-29 05:30:05,909: Step [180/257], Loss D: 0.1526, Loss G: -0.1492
2024-10-29 05:30:09,157: Step [200/257], Loss D: 0.2492, Loss G: -0.1457
2024-10-29 05:30:12,515: Step [220/257], Loss D: 0.3415, Loss G: 0.2127
2024-10-29 05:30:16,018: Step [240/257], Loss D: 0.1708, Loss G: 0.2361
2024-10-29 05:30:31,126: Test Loss: 0.6622, Accuracy: 0.8695
2024-10-29 05:30:31,126: DP:0.01, EO:0.25
2024-10-29 05:30:31,126: Training completed.
