2024-10-29 05:30:38,411: Namespace(device='cuda', alpha=0.8, beta=1.0, lr=0.0001, pretrain_epochs=10, num_epochs=50, noise_strength=0.5, no_adversarial=False, visualize=False, debug=True, no_cam=False, seed=42, threshold=0.5, positive_weight=1.05, dataset='mimic-cxr', feature='n05')
2024-10-29 05:30:38,509: Number of GPUs available: 8
2024-10-29 05:30:40,244: Number of samples in training dataset: 8199 | testing dataset:912
2024-10-29 05:30:40,262: positive weight: 17.1123
2024-10-29 05:31:07,441: Final Training Loss: 0.6931, Accuracy: 0.8384
2024-10-29 05:31:28,727: Final Training Loss: 0.6841, Accuracy: 0.8551
2024-10-29 05:31:50,599: Final Training Loss: 0.6807, Accuracy: 0.9152
2024-10-29 05:32:13,173: Final Training Loss: 0.6822, Accuracy: 0.9049
2024-10-29 05:32:36,471: Final Training Loss: 0.6810, Accuracy: 0.8632
2024-10-29 05:33:00,664: Final Training Loss: 0.6754, Accuracy: 0.8939
2024-10-29 05:33:25,174: Final Training Loss: 0.6741, Accuracy: 0.8932
2024-10-29 05:33:50,525: Final Training Loss: 0.6666, Accuracy: 0.8627
2024-10-29 05:34:16,370: Final Training Loss: 0.6678, Accuracy: 0.8649
2024-10-29 05:34:42,817: Final Training Loss: 0.6651, Accuracy: 0.8718
2024-10-29 05:34:53,215: Test Loss: 0.6604, Accuracy: 0.9386
2024-10-29 05:34:53,215: DP:0.01, EO:0.17
2024-10-29 05:35:04,917: Step [20/257], Loss D: 0.9027, Loss G: -0.6326
2024-10-29 05:35:08,592: Step [40/257], Loss D: 0.6897, Loss G: -0.6662
2024-10-29 05:35:12,122: Step [60/257], Loss D: 1.2138, Loss G: -1.3259
2024-10-29 05:35:15,671: Step [80/257], Loss D: 0.6058, Loss G: -0.5284
2024-10-29 05:35:19,215: Step [100/257], Loss D: 1.1051, Loss G: -0.4133
2024-10-29 05:35:22,688: Step [120/257], Loss D: 0.5344, Loss G: -0.1949
2024-10-29 05:35:26,199: Step [140/257], Loss D: 0.5743, Loss G: -0.4787
2024-10-29 05:35:29,637: Step [160/257], Loss D: 1.6763, Loss G: -0.4668
2024-10-29 05:35:33,146: Step [180/257], Loss D: 0.7181, Loss G: -0.5318
2024-10-29 05:35:36,680: Step [200/257], Loss D: 0.7818, Loss G: -0.5425
2024-10-29 05:35:40,138: Step [220/257], Loss D: 0.5220, Loss G: -1.2148
2024-10-29 05:35:43,668: Step [240/257], Loss D: 0.7310, Loss G: -0.2280
2024-10-29 05:35:58,759: Test Loss: 0.6881, Accuracy: 0.9539
2024-10-29 05:35:58,760: DP:0.00, EO:0.00
2024-10-29 05:36:10,068: Step [20/257], Loss D: 0.7221, Loss G: -0.5087
2024-10-29 05:36:13,637: Step [40/257], Loss D: 0.6153, Loss G: -0.0908
2024-10-29 05:36:17,134: Step [60/257], Loss D: 0.6432, Loss G: -0.3211
2024-10-29 05:36:20,563: Step [80/257], Loss D: 0.3989, Loss G: -0.1960
2024-10-29 05:36:24,076: Step [100/257], Loss D: 0.5171, Loss G: -0.1239
2024-10-29 05:36:27,518: Step [120/257], Loss D: 0.4796, Loss G: -0.1246
2024-10-29 05:36:30,908: Step [140/257], Loss D: 0.4908, Loss G: -0.4685
2024-10-29 05:36:34,360: Step [160/257], Loss D: 0.6018, Loss G: -0.1788
2024-10-29 05:36:37,741: Step [180/257], Loss D: 0.7605, Loss G: -0.3768
2024-10-29 05:36:41,201: Step [200/257], Loss D: 0.5997, Loss G: -0.3931
2024-10-29 05:36:44,691: Step [220/257], Loss D: 0.6422, Loss G: -0.4760
2024-10-29 05:36:48,075: Step [240/257], Loss D: 0.8545, Loss G: -0.4335
2024-10-29 05:37:01,931: Test Loss: 0.6629, Accuracy: 0.9298
2024-10-29 05:37:01,931: DP:0.03, EO:0.04
2024-10-29 05:37:12,944: Step [20/257], Loss D: 0.8366, Loss G: -0.3757
2024-10-29 05:37:16,424: Step [40/257], Loss D: 0.7362, Loss G: -0.3991
2024-10-29 05:37:19,812: Step [60/257], Loss D: 0.7803, Loss G: -0.3463
2024-10-29 05:37:23,250: Step [80/257], Loss D: 0.6584, Loss G: -0.3483
2024-10-29 05:37:26,600: Step [100/257], Loss D: 0.4472, Loss G: -0.4203
2024-10-29 05:37:30,018: Step [120/257], Loss D: 0.5959, Loss G: -0.2650
2024-10-29 05:37:33,491: Step [140/257], Loss D: 0.8881, Loss G: -0.3541
2024-10-29 05:37:36,857: Step [160/257], Loss D: 0.5224, Loss G: -0.5046
2024-10-29 05:37:40,299: Step [180/257], Loss D: 0.5362, Loss G: -0.4220
2024-10-29 05:37:43,719: Step [200/257], Loss D: 0.4301, Loss G: -0.3895
2024-10-29 05:37:47,201: Step [220/257], Loss D: 0.7351, Loss G: -0.2847
2024-10-29 05:37:50,742: Step [240/257], Loss D: 0.5615, Loss G: -0.2732
2024-10-29 05:38:05,324: Test Loss: 0.6651, Accuracy: 0.9342
2024-10-29 05:38:05,324: DP:0.02, EO:0.24
2024-10-29 05:38:16,635: Step [20/257], Loss D: 0.4782, Loss G: -0.2052
2024-10-29 05:38:20,223: Step [40/257], Loss D: 0.4950, Loss G: -0.1715
2024-10-29 05:38:23,789: Step [60/257], Loss D: 0.6183, Loss G: -0.2883
2024-10-29 05:38:27,565: Step [80/257], Loss D: 0.7109, Loss G: -0.0851
2024-10-29 05:38:31,547: Step [100/257], Loss D: 0.4645, Loss G: -0.4623
2024-10-29 05:38:35,445: Step [120/257], Loss D: 0.6018, Loss G: -0.3645
2024-10-29 05:38:38,816: Step [140/257], Loss D: 0.6198, Loss G: -0.2114
2024-10-29 05:38:42,286: Step [160/257], Loss D: 0.7338, Loss G: -0.2965
2024-10-29 05:38:45,638: Step [180/257], Loss D: 0.4428, Loss G: -0.2574
2024-10-29 05:38:49,117: Step [200/257], Loss D: 0.4718, Loss G: -0.3460
2024-10-29 05:38:52,568: Step [220/257], Loss D: 0.5336, Loss G: -0.2488
2024-10-29 05:38:55,904: Step [240/257], Loss D: 0.4560, Loss G: -0.2876
2024-10-29 05:39:10,518: Test Loss: 0.6864, Accuracy: 0.9539
2024-10-29 05:39:10,518: DP:0.00, EO:0.00
2024-10-29 05:39:22,009: Step [20/257], Loss D: 0.6912, Loss G: -0.2416
2024-10-29 05:39:25,553: Step [40/257], Loss D: 0.4407, Loss G: -0.5270
2024-10-29 05:39:28,995: Step [60/257], Loss D: 0.5313, Loss G: -0.2953
2024-10-29 05:39:32,477: Step [80/257], Loss D: 0.5560, Loss G: -0.1426
2024-10-29 05:39:35,884: Step [100/257], Loss D: 0.4922, Loss G: -0.4933
2024-10-29 05:39:39,336: Step [120/257], Loss D: 0.5869, Loss G: -0.2245
2024-10-29 05:39:42,736: Step [140/257], Loss D: 0.4907, Loss G: -0.0557
2024-10-29 05:39:46,209: Step [160/257], Loss D: 0.4824, Loss G: -0.2790
2024-10-29 05:39:49,682: Step [180/257], Loss D: 0.5508, Loss G: -0.4289
2024-10-29 05:39:53,072: Step [200/257], Loss D: 0.5472, Loss G: -0.1613
2024-10-29 05:39:56,527: Step [220/257], Loss D: 0.5756, Loss G: -0.1887
2024-10-29 05:39:59,978: Step [240/257], Loss D: 0.4768, Loss G: -0.2396
2024-10-29 05:40:13,729: Test Loss: 0.6834, Accuracy: 0.9539
2024-10-29 05:40:13,730: DP:0.00, EO:0.00
2024-10-29 05:40:24,556: Step [20/257], Loss D: 0.6909, Loss G: -0.3304
2024-10-29 05:40:28,104: Step [40/257], Loss D: 0.4836, Loss G: -0.2651
2024-10-29 05:40:31,606: Step [60/257], Loss D: 0.4398, Loss G: -0.0441
2024-10-29 05:40:35,024: Step [80/257], Loss D: 0.3677, Loss G: -0.0373
2024-10-29 05:40:38,486: Step [100/257], Loss D: 0.4765, Loss G: -0.2441
2024-10-29 05:40:41,875: Step [120/257], Loss D: 0.5553, Loss G: -0.0814
2024-10-29 05:40:45,326: Step [140/257], Loss D: 0.5326, Loss G: -0.1216
2024-10-29 05:40:48,765: Step [160/257], Loss D: 0.5632, Loss G: -0.3577
2024-10-29 05:40:52,181: Step [180/257], Loss D: 0.4826, Loss G: -0.6261
2024-10-29 05:40:55,633: Step [200/257], Loss D: 0.4930, Loss G: -0.1288
2024-10-29 05:40:59,024: Step [220/257], Loss D: 0.9331, Loss G: -0.4688
2024-10-29 05:41:02,459: Step [240/257], Loss D: 0.3466, Loss G: -0.3597
2024-10-29 05:41:16,305: Test Loss: 0.6843, Accuracy: 0.9529
2024-10-29 05:41:16,305: DP:0.00, EO:0.00
2024-10-29 05:41:27,208: Step [20/257], Loss D: 0.4207, Loss G: -0.6128
2024-10-29 05:41:30,691: Step [40/257], Loss D: 0.4237, Loss G: -0.2047
2024-10-29 05:41:34,405: Step [60/257], Loss D: 0.5432, Loss G: -0.1690
2024-10-29 05:41:37,912: Step [80/257], Loss D: 0.5240, Loss G: -0.1975
2024-10-29 05:41:41,335: Step [100/257], Loss D: 0.8178, Loss G: -0.4852
2024-10-29 05:41:44,821: Step [120/257], Loss D: 0.5215, Loss G: -0.3222
2024-10-29 05:41:48,220: Step [140/257], Loss D: 0.3472, Loss G: -0.3240
2024-10-29 05:41:51,627: Step [160/257], Loss D: 0.6774, Loss G: -0.1753
2024-10-29 05:41:55,094: Step [180/257], Loss D: 0.4186, Loss G: -0.2575
2024-10-29 05:41:58,478: Step [200/257], Loss D: 0.6523, Loss G: -0.2309
2024-10-29 05:42:01,950: Step [220/257], Loss D: 0.4635, Loss G: -0.1188
2024-10-29 05:42:05,346: Step [240/257], Loss D: 0.6061, Loss G: -0.1232
2024-10-29 05:42:18,992: Test Loss: 0.6636, Accuracy: 0.9068
2024-10-29 05:42:18,992: DP:0.03, EO:0.04
2024-10-29 05:42:29,855: Step [20/257], Loss D: 0.4476, Loss G: -0.4760
2024-10-29 05:42:33,345: Step [40/257], Loss D: 0.4476, Loss G: -0.2108
2024-10-29 05:42:36,841: Step [60/257], Loss D: 0.5089, Loss G: -0.4867
2024-10-29 05:42:40,265: Step [80/257], Loss D: 0.5420, Loss G: -0.4772
2024-10-29 05:42:43,743: Step [100/257], Loss D: 0.5605, Loss G: -0.2490
2024-10-29 05:42:47,210: Step [120/257], Loss D: 0.4616, Loss G: -0.2512
2024-10-29 05:42:50,605: Step [140/257], Loss D: 0.6013, Loss G: -0.1370
2024-10-29 05:42:54,045: Step [160/257], Loss D: 0.5504, Loss G: -0.0799
2024-10-29 05:42:57,421: Step [180/257], Loss D: 0.3997, Loss G: -0.3791
2024-10-29 05:43:00,852: Step [200/257], Loss D: 0.5029, Loss G: -0.1940
2024-10-29 05:43:04,322: Step [220/257], Loss D: 0.6294, Loss G: -0.1711
2024-10-29 05:43:07,732: Step [240/257], Loss D: 0.5393, Loss G: -0.1706
2024-10-29 05:43:21,388: Test Loss: 0.6622, Accuracy: 0.9068
2024-10-29 05:43:21,389: DP:0.00, EO:0.24
2024-10-29 05:43:32,243: Step [20/257], Loss D: 0.5393, Loss G: -0.2989
2024-10-29 05:43:35,631: Step [40/257], Loss D: 0.7403, Loss G: -0.4062
2024-10-29 05:43:39,108: Step [60/257], Loss D: 0.5296, Loss G: -0.3446
2024-10-29 05:43:42,622: Step [80/257], Loss D: 0.5208, Loss G: -0.1238
2024-10-29 05:43:46,040: Step [100/257], Loss D: 0.8017, Loss G: -0.3570
2024-10-29 05:43:49,490: Step [120/257], Loss D: 0.5531, Loss G: -0.0960
2024-10-29 05:43:52,953: Step [140/257], Loss D: 0.3761, Loss G: -0.1573
2024-10-29 05:43:56,308: Step [160/257], Loss D: 0.4163, Loss G: -0.3622
2024-10-29 05:43:59,767: Step [180/257], Loss D: 0.3701, Loss G: -0.0923
2024-10-29 05:44:03,157: Step [200/257], Loss D: 0.3995, Loss G: -0.3275
2024-10-29 05:44:06,590: Step [220/257], Loss D: 0.4673, Loss G: -0.2407
2024-10-29 05:44:10,015: Step [240/257], Loss D: 0.4097, Loss G: -0.3848
2024-10-29 05:44:23,566: Test Loss: 0.6798, Accuracy: 0.9309
2024-10-29 05:44:23,567: DP:0.01, EO:0.04
2024-10-29 05:44:35,118: Step [20/257], Loss D: 0.6209, Loss G: -0.3651
2024-10-29 05:44:39,091: Step [40/257], Loss D: 0.5381, Loss G: -0.2542
2024-10-29 05:44:42,795: Step [60/257], Loss D: 0.4459, Loss G: -0.2195
2024-10-29 05:44:46,236: Step [80/257], Loss D: 0.4710, Loss G: -0.3484
2024-10-29 05:44:49,768: Step [100/257], Loss D: 0.4169, Loss G: -0.3664
2024-10-29 05:44:53,286: Step [120/257], Loss D: 0.5098, Loss G: -0.3228
2024-10-29 05:44:56,724: Step [140/257], Loss D: 0.6144, Loss G: -0.3784
2024-10-29 05:45:00,210: Step [160/257], Loss D: 0.2917, Loss G: -0.2035
2024-10-29 05:45:03,597: Step [180/257], Loss D: 0.4091, Loss G: -0.2568
2024-10-29 05:45:07,068: Step [200/257], Loss D: 0.3850, Loss G: -0.4511
2024-10-29 05:45:10,541: Step [220/257], Loss D: 0.4774, Loss G: -0.0791
2024-10-29 05:45:13,911: Step [240/257], Loss D: 0.4687, Loss G: -0.2999
2024-10-29 05:45:28,002: Test Loss: 0.6780, Accuracy: 0.9353
2024-10-29 05:45:28,002: DP:0.00, EO:0.00
2024-10-29 05:45:38,986: Step [20/257], Loss D: 0.7023, Loss G: -0.0215
2024-10-29 05:45:42,381: Step [40/257], Loss D: 0.5116, Loss G: -0.1831
2024-10-29 05:45:45,865: Step [60/257], Loss D: 0.4312, Loss G: -0.0811
2024-10-29 05:45:49,354: Step [80/257], Loss D: 0.4769, Loss G: -0.1901
2024-10-29 05:45:52,763: Step [100/257], Loss D: 0.5318, Loss G: -0.1563
2024-10-29 05:45:56,204: Step [120/257], Loss D: 0.4305, Loss G: -0.0709
2024-10-29 05:45:59,573: Step [140/257], Loss D: 0.3790, Loss G: -0.2229
2024-10-29 05:46:03,005: Step [160/257], Loss D: 0.4831, Loss G: -0.0045
2024-10-29 05:46:06,484: Step [180/257], Loss D: 0.3663, Loss G: -0.2987
2024-10-29 05:46:09,868: Step [200/257], Loss D: 0.6602, Loss G: -0.2786
2024-10-29 05:46:13,346: Step [220/257], Loss D: 0.5896, Loss G: -0.0938
2024-10-29 05:46:16,739: Step [240/257], Loss D: 0.4817, Loss G: -0.0443
2024-10-29 05:46:30,633: Test Loss: 0.6651, Accuracy: 0.9232
2024-10-29 05:46:30,634: DP:0.01, EO:0.17
2024-10-29 05:46:41,779: Step [20/257], Loss D: 0.6933, Loss G: -0.1188
2024-10-29 05:46:45,261: Step [40/257], Loss D: 0.4057, Loss G: -0.2401
2024-10-29 05:46:48,645: Step [60/257], Loss D: 0.5081, Loss G: -0.3244
2024-10-29 05:46:52,199: Step [80/257], Loss D: 0.5638, Loss G: -0.3097
2024-10-29 05:46:55,640: Step [100/257], Loss D: 0.5111, Loss G: -0.2926
2024-10-29 05:46:59,006: Step [120/257], Loss D: 0.5243, Loss G: -0.0648
2024-10-29 05:47:02,466: Step [140/257], Loss D: 0.5995, Loss G: 0.0308
2024-10-29 05:47:05,818: Step [160/257], Loss D: 0.4910, Loss G: -0.1306
2024-10-29 05:47:09,238: Step [180/257], Loss D: 0.4638, Loss G: -0.3007
2024-10-29 05:47:12,688: Step [200/257], Loss D: 0.4320, Loss G: -0.0631
2024-10-29 05:47:16,154: Step [220/257], Loss D: 0.3136, Loss G: -0.3729
2024-10-29 05:47:19,682: Step [240/257], Loss D: 0.4108, Loss G: -0.0215
2024-10-29 05:47:34,042: Test Loss: 0.6761, Accuracy: 0.9419
2024-10-29 05:47:34,042: DP:0.02, EO:0.00
2024-10-29 05:47:45,283: Step [20/257], Loss D: 0.4192, Loss G: -0.4000
2024-10-29 05:47:48,776: Step [40/257], Loss D: 0.5524, Loss G: -0.2603
2024-10-29 05:47:52,324: Step [60/257], Loss D: 0.4374, Loss G: -0.0816
2024-10-29 05:47:55,891: Step [80/257], Loss D: 0.4995, Loss G: -0.4516
2024-10-29 05:47:59,431: Step [100/257], Loss D: 0.4502, Loss G: -0.0140
2024-10-29 05:48:02,910: Step [120/257], Loss D: 0.4257, Loss G: -0.1489
2024-10-29 05:48:06,436: Step [140/257], Loss D: 0.2622, Loss G: 0.1074
2024-10-29 05:48:10,013: Step [160/257], Loss D: 0.4158, Loss G: -0.0275
2024-10-29 05:48:13,542: Step [180/257], Loss D: 0.4615, Loss G: -0.5530
2024-10-29 05:48:16,979: Step [200/257], Loss D: 0.5629, Loss G: -0.3365
2024-10-29 05:48:20,439: Step [220/257], Loss D: 0.4210, Loss G: -0.4326
2024-10-29 05:48:23,817: Step [240/257], Loss D: 0.5520, Loss G: -0.4557
2024-10-29 05:48:37,640: Test Loss: 0.6610, Accuracy: 0.9342
2024-10-29 05:48:37,640: DP:0.01, EO:0.04
2024-10-29 05:48:49,297: Step [20/257], Loss D: 0.6769, Loss G: -0.0583
2024-10-29 05:48:52,898: Step [40/257], Loss D: 1.2797, Loss G: -0.0509
2024-10-29 05:48:56,644: Step [60/257], Loss D: 0.4124, Loss G: -0.2340
2024-10-29 05:49:00,118: Step [80/257], Loss D: 0.4325, Loss G: -0.1116
2024-10-29 05:49:03,627: Step [100/257], Loss D: 0.5589, Loss G: -0.3352
2024-10-29 05:49:07,049: Step [120/257], Loss D: 0.3955, Loss G: 0.0936
2024-10-29 05:49:10,532: Step [140/257], Loss D: 0.3789, Loss G: -0.1108
2024-10-29 05:49:14,047: Step [160/257], Loss D: 0.3810, Loss G: -0.0829
2024-10-29 05:49:17,502: Step [180/257], Loss D: 0.6375, Loss G: -0.2114
2024-10-29 05:49:20,972: Step [200/257], Loss D: 0.3899, Loss G: -0.4589
2024-10-29 05:49:24,411: Step [220/257], Loss D: 0.6272, Loss G: -0.1764
2024-10-29 05:49:27,917: Step [240/257], Loss D: 0.4557, Loss G: -0.0699
2024-10-29 05:49:42,807: Test Loss: 0.6843, Accuracy: 0.9539
2024-10-29 05:49:42,808: DP:0.00, EO:0.00
2024-10-29 05:49:53,800: Step [20/257], Loss D: 0.4309, Loss G: -0.3294
2024-10-29 05:49:57,296: Step [40/257], Loss D: 0.5592, Loss G: -0.0997
2024-10-29 05:50:00,735: Step [60/257], Loss D: 0.4708, Loss G: -0.1521
2024-10-29 05:50:04,231: Step [80/257], Loss D: 0.4366, Loss G: -0.2841
2024-10-29 05:50:07,648: Step [100/257], Loss D: 0.5106, Loss G: -0.1214
2024-10-29 05:50:11,110: Step [120/257], Loss D: 0.4484, Loss G: -0.1927
2024-10-29 05:50:14,438: Step [140/257], Loss D: 0.5669, Loss G: -0.2100
2024-10-29 05:50:17,653: Step [160/257], Loss D: 0.5216, Loss G: -0.5002
2024-10-29 05:50:20,917: Step [180/257], Loss D: 0.6151, Loss G: -0.2250
2024-10-29 05:50:24,137: Step [200/257], Loss D: 0.6162, Loss G: -0.1712
2024-10-29 05:50:27,557: Step [220/257], Loss D: 0.5749, Loss G: -0.3748
2024-10-29 05:50:30,996: Step [240/257], Loss D: 0.4751, Loss G: -0.1068
2024-10-29 05:50:44,919: Test Loss: 0.6836, Accuracy: 0.9539
2024-10-29 05:50:44,920: DP:0.00, EO:0.00
2024-10-29 05:50:55,634: Step [20/257], Loss D: 0.6364, Loss G: -0.3093
2024-10-29 05:50:59,159: Step [40/257], Loss D: 0.5139, Loss G: -0.1797
2024-10-29 05:51:02,754: Step [60/257], Loss D: 0.6278, Loss G: -0.2950
2024-10-29 05:51:06,151: Step [80/257], Loss D: 0.5841, Loss G: -0.1843
2024-10-29 05:51:09,618: Step [100/257], Loss D: 0.4552, Loss G: -0.0522
2024-10-29 05:51:13,079: Step [120/257], Loss D: 0.4872, Loss G: 0.0852
2024-10-29 05:51:16,457: Step [140/257], Loss D: 0.6703, Loss G: -0.5451
2024-10-29 05:51:19,902: Step [160/257], Loss D: 0.3786, Loss G: -0.0107
2024-10-29 05:51:23,261: Step [180/257], Loss D: 0.5653, Loss G: -0.1441
2024-10-29 05:51:26,714: Step [200/257], Loss D: 0.3971, Loss G: -0.1514
2024-10-29 05:51:30,201: Step [220/257], Loss D: 0.4814, Loss G: -0.1523
2024-10-29 05:51:33,569: Step [240/257], Loss D: 0.3531, Loss G: -0.1013
2024-10-29 05:51:47,198: Test Loss: 0.6776, Accuracy: 0.9539
2024-10-29 05:51:47,198: DP:0.00, EO:0.00
2024-10-29 05:51:58,625: Step [20/257], Loss D: 0.4899, Loss G: -0.3209
2024-10-29 05:52:02,109: Step [40/257], Loss D: 0.6459, Loss G: -0.0535
2024-10-29 05:52:05,609: Step [60/257], Loss D: 0.5189, Loss G: -0.1281
2024-10-29 05:52:09,195: Step [80/257], Loss D: 0.4505, Loss G: -0.2193
2024-10-29 05:52:12,609: Step [100/257], Loss D: 0.3819, Loss G: -0.1629
2024-10-29 05:52:16,120: Step [120/257], Loss D: 0.5628, Loss G: -0.2995
2024-10-29 05:52:19,589: Step [140/257], Loss D: 0.3806, Loss G: -0.2327
2024-10-29 05:52:23,058: Step [160/257], Loss D: 0.4322, Loss G: -0.0673
2024-10-29 05:52:26,515: Step [180/257], Loss D: 0.5062, Loss G: -0.0134
2024-10-29 05:52:29,950: Step [200/257], Loss D: 0.4120, Loss G: -0.2520
2024-10-29 05:52:33,441: Step [220/257], Loss D: 0.3762, Loss G: -0.3339
2024-10-29 05:52:36,842: Step [240/257], Loss D: 0.5984, Loss G: -0.4089
2024-10-29 05:52:50,885: Test Loss: 0.6678, Accuracy: 0.9408
2024-10-29 05:52:50,885: DP:0.00, EO:0.00
2024-10-29 05:53:02,056: Step [20/257], Loss D: 0.2955, Loss G: -0.1764
2024-10-29 05:53:05,693: Step [40/257], Loss D: 0.6439, Loss G: 0.0685
2024-10-29 05:53:09,172: Step [60/257], Loss D: 0.3566, Loss G: -0.1105
2024-10-29 05:53:12,596: Step [80/257], Loss D: 0.3936, Loss G: 0.0133
2024-10-29 05:53:16,098: Step [100/257], Loss D: 0.4488, Loss G: -0.1742
2024-10-29 05:53:19,588: Step [120/257], Loss D: 0.4989, Loss G: -0.2011
2024-10-29 05:53:22,986: Step [140/257], Loss D: 0.5874, Loss G: -0.3426
2024-10-29 05:53:26,505: Step [160/257], Loss D: 0.3313, Loss G: -0.2644
2024-10-29 05:53:29,931: Step [180/257], Loss D: 0.4994, Loss G: -0.3619
2024-10-29 05:53:33,412: Step [200/257], Loss D: 0.4590, Loss G: -0.0362
2024-10-29 05:53:36,915: Step [220/257], Loss D: 0.5857, Loss G: -0.1755
2024-10-29 05:53:40,340: Step [240/257], Loss D: 0.4134, Loss G: -0.2196
2024-10-29 05:53:54,402: Test Loss: 0.6623, Accuracy: 0.9276
2024-10-29 05:53:54,402: DP:0.03, EO:0.07
2024-10-29 05:54:05,776: Step [20/257], Loss D: 0.6772, Loss G: -0.2873
2024-10-29 05:54:09,353: Step [40/257], Loss D: 0.4238, Loss G: -0.1796
2024-10-29 05:54:12,859: Step [60/257], Loss D: 0.4575, Loss G: -0.0994
2024-10-29 05:54:16,493: Step [80/257], Loss D: 0.4978, Loss G: 0.0188
2024-10-29 05:54:19,912: Step [100/257], Loss D: 0.6800, Loss G: -0.1148
2024-10-29 05:54:23,447: Step [120/257], Loss D: 0.7014, Loss G: -0.2124
2024-10-29 05:54:26,926: Step [140/257], Loss D: 0.3378, Loss G: -0.1080
2024-10-29 05:54:30,356: Step [160/257], Loss D: 0.4829, Loss G: -0.0901
2024-10-29 05:54:33,890: Step [180/257], Loss D: 0.5346, Loss G: -0.4354
2024-10-29 05:54:37,473: Step [200/257], Loss D: 0.7485, Loss G: -0.3219
2024-10-29 05:54:40,924: Step [220/257], Loss D: 0.6291, Loss G: -0.3126
2024-10-29 05:54:44,601: Step [240/257], Loss D: 0.4716, Loss G: 0.0101
2024-10-29 05:54:58,993: Test Loss: 0.6614, Accuracy: 0.9331
2024-10-29 05:54:58,994: DP:0.02, EO:0.07
2024-10-29 05:55:10,189: Step [20/257], Loss D: 0.4770, Loss G: -0.1026
2024-10-29 05:55:13,786: Step [40/257], Loss D: 0.4388, Loss G: -0.2224
2024-10-29 05:55:17,521: Step [60/257], Loss D: 0.5435, Loss G: -0.2908
2024-10-29 05:55:21,018: Step [80/257], Loss D: 0.5816, Loss G: -0.2603
2024-10-29 05:55:24,543: Step [100/257], Loss D: 0.3256, Loss G: 0.0073
2024-10-29 05:55:28,028: Step [120/257], Loss D: 0.3649, Loss G: -0.0540
2024-10-29 05:55:31,437: Step [140/257], Loss D: 0.4545, Loss G: 0.0541
2024-10-29 05:55:34,930: Step [160/257], Loss D: 0.3994, Loss G: -0.1008
2024-10-29 05:55:38,327: Step [180/257], Loss D: 0.3304, Loss G: -0.4561
2024-10-29 05:55:41,786: Step [200/257], Loss D: 0.5729, Loss G: -0.5198
2024-10-29 05:55:45,261: Step [220/257], Loss D: 0.4141, Loss G: -0.2291
2024-10-29 05:55:48,718: Step [240/257], Loss D: 0.3953, Loss G: -0.1613
2024-10-29 05:56:03,607: Test Loss: 0.6686, Accuracy: 0.9386
2024-10-29 05:56:03,607: DP:0.01, EO:0.00
2024-10-29 05:56:15,160: Step [20/257], Loss D: 0.4000, Loss G: -0.2770
2024-10-29 05:56:18,602: Step [40/257], Loss D: 0.4968, Loss G: -0.2785
2024-10-29 05:56:22,197: Step [60/257], Loss D: 0.3292, Loss G: -0.2376
2024-10-29 05:56:25,682: Step [80/257], Loss D: 0.4011, Loss G: -0.0681
2024-10-29 05:56:29,130: Step [100/257], Loss D: 0.3525, Loss G: 0.0329
2024-10-29 05:56:32,634: Step [120/257], Loss D: 0.5638, Loss G: -0.0989
2024-10-29 05:56:36,055: Step [140/257], Loss D: 0.5696, Loss G: -0.5495
2024-10-29 05:56:39,547: Step [160/257], Loss D: 0.6098, Loss G: -0.0951
2024-10-29 05:56:43,052: Step [180/257], Loss D: 0.4466, Loss G: -0.1872
2024-10-29 05:56:46,482: Step [200/257], Loss D: 0.4564, Loss G: -0.2254
2024-10-29 05:56:49,979: Step [220/257], Loss D: 0.3872, Loss G: -0.0655
2024-10-29 05:56:53,392: Step [240/257], Loss D: 0.7528, Loss G: -0.1536
2024-10-29 05:57:07,274: Test Loss: 0.6643, Accuracy: 0.9419
2024-10-29 05:57:07,274: DP:0.01, EO:0.07
2024-10-29 05:57:17,932: Step [20/257], Loss D: 0.5090, Loss G: -0.1431
2024-10-29 05:57:21,506: Step [40/257], Loss D: 0.5182, Loss G: -0.3597
2024-10-29 05:57:25,207: Step [60/257], Loss D: 0.4246, Loss G: -0.0206
2024-10-29 05:57:28,633: Step [80/257], Loss D: 0.3361, Loss G: -0.0102
2024-10-29 05:57:32,096: Step [100/257], Loss D: 0.4708, Loss G: -0.0140
2024-10-29 05:57:35,515: Step [120/257], Loss D: 0.3931, Loss G: -0.3812
2024-10-29 05:57:38,997: Step [140/257], Loss D: 0.3999, Loss G: -0.2753
2024-10-29 05:57:42,448: Step [160/257], Loss D: 0.4703, Loss G: -0.2429
2024-10-29 05:57:45,856: Step [180/257], Loss D: 0.5181, Loss G: -0.0809
2024-10-29 05:57:49,325: Step [200/257], Loss D: 0.4981, Loss G: -0.2303
2024-10-29 05:57:52,756: Step [220/257], Loss D: 0.4044, Loss G: -0.5021
2024-10-29 05:57:56,212: Step [240/257], Loss D: 0.5893, Loss G: -0.3106
2024-10-29 05:58:09,563: Test Loss: 0.6651, Accuracy: 0.9232
2024-10-29 05:58:09,563: DP:0.02, EO:0.07
2024-10-29 05:58:20,593: Step [20/257], Loss D: 0.8126, Loss G: -0.3858
2024-10-29 05:58:24,221: Step [40/257], Loss D: 0.6002, Loss G: -0.1550
2024-10-29 05:58:27,648: Step [60/257], Loss D: 0.5879, Loss G: -0.1652
2024-10-29 05:58:31,137: Step [80/257], Loss D: 0.3451, Loss G: -0.3592
2024-10-29 05:58:34,537: Step [100/257], Loss D: 0.7264, Loss G: -0.2239
2024-10-29 05:58:38,054: Step [120/257], Loss D: 0.3706, Loss G: 0.1221
2024-10-29 05:58:41,521: Step [140/257], Loss D: 0.4176, Loss G: -0.0775
2024-10-29 05:58:44,914: Step [160/257], Loss D: 0.3936, Loss G: -0.1404
2024-10-29 05:58:48,371: Step [180/257], Loss D: 0.5288, Loss G: -0.2084
2024-10-29 05:58:51,866: Step [200/257], Loss D: 0.4118, Loss G: -0.3209
2024-10-29 05:58:55,272: Step [220/257], Loss D: 0.3848, Loss G: -0.2438
2024-10-29 05:58:58,747: Step [240/257], Loss D: 0.4488, Loss G: -0.1140
2024-10-29 05:59:12,628: Test Loss: 0.6574, Accuracy: 0.9189
2024-10-29 05:59:12,628: DP:0.00, EO:0.03
2024-10-29 05:59:23,964: Step [20/257], Loss D: 0.4855, Loss G: -0.0595
2024-10-29 05:59:27,385: Step [40/257], Loss D: 0.4500, Loss G: -0.3596
2024-10-29 05:59:30,835: Step [60/257], Loss D: 0.5060, Loss G: -0.0041
2024-10-29 05:59:34,267: Step [80/257], Loss D: 0.3171, Loss G: -0.0726
2024-10-29 05:59:37,715: Step [100/257], Loss D: 0.4429, Loss G: 0.0968
2024-10-29 05:59:41,182: Step [120/257], Loss D: 0.5731, Loss G: -0.5021
2024-10-29 05:59:44,566: Step [140/257], Loss D: 0.3876, Loss G: -0.2668
2024-10-29 05:59:48,032: Step [160/257], Loss D: 0.5190, Loss G: 0.0461
2024-10-29 05:59:51,431: Step [180/257], Loss D: 0.5084, Loss G: -0.3567
2024-10-29 05:59:54,883: Step [200/257], Loss D: 0.4703, Loss G: -0.2349
2024-10-29 05:59:58,352: Step [220/257], Loss D: 0.3925, Loss G: -0.4070
2024-10-29 06:00:01,723: Step [240/257], Loss D: 0.4969, Loss G: -0.0341
2024-10-29 06:00:15,537: Test Loss: 0.6593, Accuracy: 0.9353
2024-10-29 06:00:15,538: DP:0.02, EO:0.03
2024-10-29 06:00:26,938: Step [20/257], Loss D: 0.6507, Loss G: 0.0514
2024-10-29 06:00:30,355: Step [40/257], Loss D: 0.4306, Loss G: -0.3234
2024-10-29 06:00:33,941: Step [60/257], Loss D: 0.4514, Loss G: -0.1677
2024-10-29 06:00:37,440: Step [80/257], Loss D: 0.4661, Loss G: -0.3678
2024-10-29 06:00:40,850: Step [100/257], Loss D: 0.4015, Loss G: -0.2060
2024-10-29 06:00:44,327: Step [120/257], Loss D: 0.4875, Loss G: -0.3160
2024-10-29 06:00:47,776: Step [140/257], Loss D: 0.3624, Loss G: -0.1731
2024-10-29 06:00:51,307: Step [160/257], Loss D: 0.4639, Loss G: -0.3280
2024-10-29 06:00:54,825: Step [180/257], Loss D: 0.4708, Loss G: -0.0650
2024-10-29 06:00:58,256: Step [200/257], Loss D: 0.3526, Loss G: -0.1902
2024-10-29 06:01:01,734: Step [220/257], Loss D: 0.3281, Loss G: -0.1423
2024-10-29 06:01:05,147: Step [240/257], Loss D: 0.3748, Loss G: -0.0459
2024-10-29 06:01:19,025: Test Loss: 0.6643, Accuracy: 0.9463
2024-10-29 06:01:19,025: DP:0.01, EO:0.11
2024-10-29 06:01:29,921: Step [20/257], Loss D: 0.3657, Loss G: -0.1425
2024-10-29 06:01:33,416: Step [40/257], Loss D: 0.2706, Loss G: -0.1704
2024-10-29 06:01:36,848: Step [60/257], Loss D: 0.4970, Loss G: -0.2952
2024-10-29 06:01:40,439: Step [80/257], Loss D: 0.5466, Loss G: -0.0040
2024-10-29 06:01:43,887: Step [100/257], Loss D: 0.4888, Loss G: -0.2514
2024-10-29 06:01:47,302: Step [120/257], Loss D: 0.2723, Loss G: -0.2670
2024-10-29 06:01:50,764: Step [140/257], Loss D: 0.3073, Loss G: -0.2166
2024-10-29 06:01:54,163: Step [160/257], Loss D: 0.3755, Loss G: -0.1457
2024-10-29 06:01:57,600: Step [180/257], Loss D: 0.4451, Loss G: 0.0512
2024-10-29 06:02:01,042: Step [200/257], Loss D: 0.2739, Loss G: -0.3481
2024-10-29 06:02:04,427: Step [220/257], Loss D: 0.6102, Loss G: -0.2052
2024-10-29 06:02:07,924: Step [240/257], Loss D: 0.5950, Loss G: -0.0568
2024-10-29 06:02:23,158: Test Loss: 0.6686, Accuracy: 0.9507
2024-10-29 06:02:23,158: DP:0.00, EO:0.00
2024-10-29 06:02:34,054: Step [20/257], Loss D: 0.5570, Loss G: -0.3619
2024-10-29 06:02:37,483: Step [40/257], Loss D: 0.4745, Loss G: -0.2103
2024-10-29 06:02:41,017: Step [60/257], Loss D: 0.4079, Loss G: 0.0656
2024-10-29 06:02:44,510: Step [80/257], Loss D: 0.6007, Loss G: -0.0577
2024-10-29 06:02:47,900: Step [100/257], Loss D: 0.4712, Loss G: -0.0142
2024-10-29 06:02:51,371: Step [120/257], Loss D: 0.3111, Loss G: -0.2168
2024-10-29 06:02:54,793: Step [140/257], Loss D: 0.4183, Loss G: -0.0974
2024-10-29 06:02:58,258: Step [160/257], Loss D: 0.4212, Loss G: -0.1003
2024-10-29 06:03:01,727: Step [180/257], Loss D: 0.5440, Loss G: -0.0070
2024-10-29 06:03:05,115: Step [200/257], Loss D: 0.3187, Loss G: -0.3704
2024-10-29 06:03:08,595: Step [220/257], Loss D: 0.3211, Loss G: -0.0789
2024-10-29 06:03:12,036: Step [240/257], Loss D: 0.5213, Loss G: -0.0836
2024-10-29 06:03:25,762: Test Loss: 0.6702, Accuracy: 0.9386
2024-10-29 06:03:25,763: DP:0.00, EO:0.00
2024-10-29 06:03:36,985: Step [20/257], Loss D: 0.4086, Loss G: 0.0358
2024-10-29 06:03:40,640: Step [40/257], Loss D: 0.5417, Loss G: -0.1532
2024-10-29 06:03:44,155: Step [60/257], Loss D: 0.6126, Loss G: -0.3464
2024-10-29 06:03:47,550: Step [80/257], Loss D: 0.4213, Loss G: 0.0654
2024-10-29 06:03:51,000: Step [100/257], Loss D: 0.5194, Loss G: 0.0654
2024-10-29 06:03:54,378: Step [120/257], Loss D: 0.4181, Loss G: -0.0110
2024-10-29 06:03:57,809: Step [140/257], Loss D: 0.5387, Loss G: -0.2430
2024-10-29 06:04:01,281: Step [160/257], Loss D: 0.3786, Loss G: -0.1613
2024-10-29 06:04:04,645: Step [180/257], Loss D: 0.4957, Loss G: -0.1960
2024-10-29 06:04:08,082: Step [200/257], Loss D: 0.4623, Loss G: -0.1767
2024-10-29 06:04:11,479: Step [220/257], Loss D: 0.3487, Loss G: -0.4733
2024-10-29 06:04:14,930: Step [240/257], Loss D: 0.4493, Loss G: -0.0262
2024-10-29 06:04:29,035: Test Loss: 0.6832, Accuracy: 0.9518
2024-10-29 06:04:29,036: DP:0.00, EO:0.00
2024-10-29 06:04:40,180: Step [20/257], Loss D: 0.5021, Loss G: -0.1204
2024-10-29 06:04:43,639: Step [40/257], Loss D: 0.2919, Loss G: -0.1890
2024-10-29 06:04:47,125: Step [60/257], Loss D: 0.4177, Loss G: -0.2610
2024-10-29 06:04:50,559: Step [80/257], Loss D: 0.5920, Loss G: -0.1684
2024-10-29 06:04:53,960: Step [100/257], Loss D: 0.3741, Loss G: -0.1742
2024-10-29 06:04:57,447: Step [120/257], Loss D: 0.3275, Loss G: -0.2156
2024-10-29 06:05:00,937: Step [140/257], Loss D: 0.5321, Loss G: -0.2918
2024-10-29 06:05:04,341: Step [160/257], Loss D: 0.3254, Loss G: 0.1330
2024-10-29 06:05:07,812: Step [180/257], Loss D: 0.4385, Loss G: 0.1164
2024-10-29 06:05:11,212: Step [200/257], Loss D: 0.4383, Loss G: 0.0921
2024-10-29 06:05:14,703: Step [220/257], Loss D: 0.4497, Loss G: -0.0106
2024-10-29 06:05:18,155: Step [240/257], Loss D: 0.5484, Loss G: -0.0937
2024-10-29 06:05:32,138: Test Loss: 0.6692, Accuracy: 0.9452
2024-10-29 06:05:32,138: DP:0.00, EO:0.00
2024-10-29 06:05:43,423: Step [20/257], Loss D: 0.3919, Loss G: -0.0954
2024-10-29 06:05:46,942: Step [40/257], Loss D: 0.4764, Loss G: -0.1745
2024-10-29 06:05:50,514: Step [60/257], Loss D: 0.2942, Loss G: -0.0909
2024-10-29 06:05:53,884: Step [80/257], Loss D: 0.3984, Loss G: 0.0006
2024-10-29 06:05:57,315: Step [100/257], Loss D: 0.3850, Loss G: -0.1029
2024-10-29 06:06:00,695: Step [120/257], Loss D: 0.4111, Loss G: -0.2133
2024-10-29 06:06:04,156: Step [140/257], Loss D: 0.7283, Loss G: 0.0565
2024-10-29 06:06:07,626: Step [160/257], Loss D: 0.4534, Loss G: -0.0656
2024-10-29 06:06:11,029: Step [180/257], Loss D: 0.4117, Loss G: 0.0830
2024-10-29 06:06:14,468: Step [200/257], Loss D: 0.3766, Loss G: -0.1294
2024-10-29 06:06:17,874: Step [220/257], Loss D: 0.3283, Loss G: -0.1798
2024-10-29 06:06:21,310: Step [240/257], Loss D: 0.6213, Loss G: -0.1556
2024-10-29 06:06:35,345: Test Loss: 0.6698, Accuracy: 0.9342
2024-10-29 06:06:35,346: DP:0.00, EO:0.00
2024-10-29 06:06:46,563: Step [20/257], Loss D: 0.4589, Loss G: -0.0389
2024-10-29 06:06:50,170: Step [40/257], Loss D: 0.4030, Loss G: -0.0294
2024-10-29 06:06:53,544: Step [60/257], Loss D: 0.6295, Loss G: 0.1381
2024-10-29 06:06:57,011: Step [80/257], Loss D: 0.3164, Loss G: 0.0064
2024-10-29 06:07:00,484: Step [100/257], Loss D: 0.4362, Loss G: 0.0823
2024-10-29 06:07:03,887: Step [120/257], Loss D: 0.5037, Loss G: -0.1495
2024-10-29 06:07:07,400: Step [140/257], Loss D: 0.4846, Loss G: -0.1789
2024-10-29 06:07:10,792: Step [160/257], Loss D: 0.2829, Loss G: -0.0734
2024-10-29 06:07:14,262: Step [180/257], Loss D: 0.3659, Loss G: -0.0605
2024-10-29 06:07:17,747: Step [200/257], Loss D: 0.4375, Loss G: -0.4926
2024-10-29 06:07:21,150: Step [220/257], Loss D: 0.3492, Loss G: -0.0292
2024-10-29 06:07:24,679: Step [240/257], Loss D: 0.4596, Loss G: -0.1138
2024-10-29 06:07:38,618: Test Loss: 0.6707, Accuracy: 0.9309
2024-10-29 06:07:38,618: DP:0.00, EO:0.00
2024-10-29 06:07:49,488: Step [20/257], Loss D: 0.4045, Loss G: -0.2881
2024-10-29 06:07:52,828: Step [40/257], Loss D: 0.5254, Loss G: -0.0329
2024-10-29 06:07:56,333: Step [60/257], Loss D: 0.4483, Loss G: -0.0784
2024-10-29 06:07:59,690: Step [80/257], Loss D: 0.3816, Loss G: -0.1759
2024-10-29 06:08:03,139: Step [100/257], Loss D: 0.5789, Loss G: -0.2002
2024-10-29 06:08:06,584: Step [120/257], Loss D: 0.4413, Loss G: -0.1362
2024-10-29 06:08:09,952: Step [140/257], Loss D: 0.4335, Loss G: 0.0782
2024-10-29 06:08:13,384: Step [160/257], Loss D: 0.4898, Loss G: -0.0398
2024-10-29 06:08:17,142: Step [180/257], Loss D: 0.5436, Loss G: -0.2794
2024-10-29 06:08:21,092: Step [200/257], Loss D: 0.4352, Loss G: 0.0344
2024-10-29 06:08:25,021: Step [220/257], Loss D: 0.4866, Loss G: -0.0822
2024-10-29 06:08:28,873: Step [240/257], Loss D: 0.3815, Loss G: 0.0142
2024-10-29 06:08:45,346: Test Loss: 0.6699, Accuracy: 0.9331
2024-10-29 06:08:45,347: DP:0.00, EO:0.00
2024-10-29 06:08:58,269: Step [20/257], Loss D: 0.4152, Loss G: -0.0864
2024-10-29 06:09:02,320: Step [40/257], Loss D: 0.4132, Loss G: -0.2922
2024-10-29 06:09:06,068: Step [60/257], Loss D: 0.4029, Loss G: -0.4081
2024-10-29 06:09:09,546: Step [80/257], Loss D: 0.3036, Loss G: -0.1958
2024-10-29 06:09:13,057: Step [100/257], Loss D: 0.5040, Loss G: -0.0678
2024-10-29 06:09:16,492: Step [120/257], Loss D: 0.4699, Loss G: -0.3281
2024-10-29 06:09:20,026: Step [140/257], Loss D: 0.3219, Loss G: -0.0044
2024-10-29 06:09:23,860: Step [160/257], Loss D: 0.4986, Loss G: 0.0041
2024-10-29 06:09:27,395: Step [180/257], Loss D: 0.7375, Loss G: -0.2914
2024-10-29 06:09:30,861: Step [200/257], Loss D: 0.4875, Loss G: 0.0387
2024-10-29 06:09:34,315: Step [220/257], Loss D: 0.4816, Loss G: -0.1919
2024-10-29 06:09:37,773: Step [240/257], Loss D: 0.5375, Loss G: -0.0771
2024-10-29 06:09:52,557: Test Loss: 0.6715, Accuracy: 0.9309
2024-10-29 06:09:52,557: DP:0.01, EO:0.04
2024-10-29 06:10:03,811: Step [20/257], Loss D: 0.4457, Loss G: -0.0836
2024-10-29 06:10:07,573: Step [40/257], Loss D: 0.4310, Loss G: -0.1526
2024-10-29 06:10:11,162: Step [60/257], Loss D: 0.3909, Loss G: -0.2786
2024-10-29 06:10:14,635: Step [80/257], Loss D: 0.3381, Loss G: -0.2606
2024-10-29 06:10:18,151: Step [100/257], Loss D: 0.4807, Loss G: -0.4131
2024-10-29 06:10:21,561: Step [120/257], Loss D: 0.5223, Loss G: -0.3617
2024-10-29 06:10:25,036: Step [140/257], Loss D: 0.3642, Loss G: -0.0559
2024-10-29 06:10:28,549: Step [160/257], Loss D: 0.3488, Loss G: -0.1881
2024-10-29 06:10:32,006: Step [180/257], Loss D: 0.4026, Loss G: -0.1579
2024-10-29 06:10:35,480: Step [200/257], Loss D: 0.3265, Loss G: 0.0779
2024-10-29 06:10:38,894: Step [220/257], Loss D: 0.5386, Loss G: -0.3978
2024-10-29 06:10:42,357: Step [240/257], Loss D: 0.3842, Loss G: -0.2204
2024-10-29 06:10:57,607: Test Loss: 0.6698, Accuracy: 0.9243
2024-10-29 06:10:57,608: DP:0.02, EO:0.04
2024-10-29 06:11:08,629: Step [20/257], Loss D: 0.5363, Loss G: -0.1320
2024-10-29 06:11:12,162: Step [40/257], Loss D: 0.4383, Loss G: -0.1493
2024-10-29 06:11:15,639: Step [60/257], Loss D: 0.5050, Loss G: 0.0051
2024-10-29 06:11:19,145: Step [80/257], Loss D: 0.4533, Loss G: -0.0118
2024-10-29 06:11:22,524: Step [100/257], Loss D: 0.3838, Loss G: 0.2392
2024-10-29 06:11:26,051: Step [120/257], Loss D: 0.3474, Loss G: 0.1114
2024-10-29 06:11:29,462: Step [140/257], Loss D: 0.2671, Loss G: -0.4177
2024-10-29 06:11:32,941: Step [160/257], Loss D: 0.3362, Loss G: -0.3397
2024-10-29 06:11:36,410: Step [180/257], Loss D: 0.4824, Loss G: -0.0454
2024-10-29 06:11:39,824: Step [200/257], Loss D: 0.3455, Loss G: -0.0139
2024-10-29 06:11:43,322: Step [220/257], Loss D: 0.3493, Loss G: 0.0473
2024-10-29 06:11:46,744: Step [240/257], Loss D: 0.3746, Loss G: -0.1733
2024-10-29 06:12:00,353: Test Loss: 0.6714, Accuracy: 0.9232
2024-10-29 06:12:00,353: DP:0.01, EO:0.04
2024-10-29 06:12:11,228: Step [20/257], Loss D: 0.3823, Loss G: -0.0674
2024-10-29 06:12:14,734: Step [40/257], Loss D: 0.3110, Loss G: -0.4191
2024-10-29 06:12:18,209: Step [60/257], Loss D: 0.4720, Loss G: -0.0747
2024-10-29 06:12:21,754: Step [80/257], Loss D: 0.2932, Loss G: -0.3874
2024-10-29 06:12:25,233: Step [100/257], Loss D: 0.5518, Loss G: -0.0774
2024-10-29 06:12:28,705: Step [120/257], Loss D: 0.5272, Loss G: 0.1041
2024-10-29 06:12:32,118: Step [140/257], Loss D: 0.4629, Loss G: 0.0549
2024-10-29 06:12:35,581: Step [160/257], Loss D: 0.3531, Loss G: -0.1557
2024-10-29 06:12:39,007: Step [180/257], Loss D: 0.4604, Loss G: -0.2126
2024-10-29 06:12:42,469: Step [200/257], Loss D: 0.3343, Loss G: -0.0421
2024-10-29 06:12:45,925: Step [220/257], Loss D: 0.5389, Loss G: 0.2342
2024-10-29 06:12:49,350: Step [240/257], Loss D: 0.4247, Loss G: -0.0781
2024-10-29 06:13:03,139: Test Loss: 0.6707, Accuracy: 0.9353
2024-10-29 06:13:03,140: DP:0.01, EO:0.03
2024-10-29 06:13:14,121: Step [20/257], Loss D: 0.2945, Loss G: -0.1813
2024-10-29 06:13:17,745: Step [40/257], Loss D: 0.4206, Loss G: 0.0715
2024-10-29 06:13:21,141: Step [60/257], Loss D: 0.4100, Loss G: 0.0308
2024-10-29 06:13:24,580: Step [80/257], Loss D: 0.4039, Loss G: -0.6733
2024-10-29 06:13:27,959: Step [100/257], Loss D: 0.4024, Loss G: -0.2684
2024-10-29 06:13:31,440: Step [120/257], Loss D: 0.5539, Loss G: -0.3110
2024-10-29 06:13:34,861: Step [140/257], Loss D: 0.3919, Loss G: -0.2884
2024-10-29 06:13:38,222: Step [160/257], Loss D: 0.2654, Loss G: -0.1235
2024-10-29 06:13:41,641: Step [180/257], Loss D: 0.2918, Loss G: -0.0381
2024-10-29 06:13:45,048: Step [200/257], Loss D: 0.3943, Loss G: -0.1209
2024-10-29 06:13:48,418: Step [220/257], Loss D: 0.3658, Loss G: -0.3964
2024-10-29 06:13:51,842: Step [240/257], Loss D: 0.4798, Loss G: -0.1318
2024-10-29 06:14:05,421: Test Loss: 0.6680, Accuracy: 0.9211
2024-10-29 06:14:05,421: DP:0.03, EO:0.03
2024-10-29 06:14:16,300: Step [20/257], Loss D: 0.3729, Loss G: -0.2876
2024-10-29 06:14:19,778: Step [40/257], Loss D: 0.3014, Loss G: -0.2870
2024-10-29 06:14:23,241: Step [60/257], Loss D: 0.6695, Loss G: 0.0268
2024-10-29 06:14:26,623: Step [80/257], Loss D: 0.3040, Loss G: -0.1552
2024-10-29 06:14:30,060: Step [100/257], Loss D: 0.4074, Loss G: -0.3905
2024-10-29 06:14:33,485: Step [120/257], Loss D: 0.3299, Loss G: -0.1110
2024-10-29 06:14:36,869: Step [140/257], Loss D: 0.3440, Loss G: -0.2148
2024-10-29 06:14:40,295: Step [160/257], Loss D: 0.5307, Loss G: -0.0870
2024-10-29 06:14:43,648: Step [180/257], Loss D: 0.5203, Loss G: 0.0707
2024-10-29 06:14:47,101: Step [200/257], Loss D: 0.3085, Loss G: -0.2957
2024-10-29 06:14:50,567: Step [220/257], Loss D: 0.4742, Loss G: -0.1471
2024-10-29 06:14:53,987: Step [240/257], Loss D: 0.4749, Loss G: -0.1174
2024-10-29 06:15:07,485: Test Loss: 0.6654, Accuracy: 0.9254
2024-10-29 06:15:07,486: DP:0.03, EO:0.01
2024-10-29 06:15:18,779: Step [20/257], Loss D: 0.4950, Loss G: -0.0412
2024-10-29 06:15:22,206: Step [40/257], Loss D: 0.3582, Loss G: -0.0624
2024-10-29 06:15:25,862: Step [60/257], Loss D: 0.3050, Loss G: -0.1052
2024-10-29 06:15:29,309: Step [80/257], Loss D: 0.3866, Loss G: 0.0848
2024-10-29 06:15:32,697: Step [100/257], Loss D: 0.4092, Loss G: -0.1005
2024-10-29 06:15:36,127: Step [120/257], Loss D: 0.6780, Loss G: -0.1355
2024-10-29 06:15:39,505: Step [140/257], Loss D: 0.4334, Loss G: -0.0874
2024-10-29 06:15:42,945: Step [160/257], Loss D: 0.4111, Loss G: -0.1448
2024-10-29 06:15:46,261: Step [180/257], Loss D: 0.5577, Loss G: -0.1308
2024-10-29 06:15:49,524: Step [200/257], Loss D: 0.6544, Loss G: -0.0331
2024-10-29 06:15:52,852: Step [220/257], Loss D: 0.2750, Loss G: -0.0548
2024-10-29 06:15:56,216: Step [240/257], Loss D: 0.5412, Loss G: 0.0262
2024-10-29 06:16:10,707: Test Loss: 0.6707, Accuracy: 0.9309
2024-10-29 06:16:10,708: DP:0.01, EO:0.03
2024-10-29 06:16:21,523: Step [20/257], Loss D: 0.4734, Loss G: -0.2566
2024-10-29 06:16:24,968: Step [40/257], Loss D: 0.3359, Loss G: -0.1431
2024-10-29 06:16:28,334: Step [60/257], Loss D: 0.5836, Loss G: -0.0727
2024-10-29 06:16:31,818: Step [80/257], Loss D: 0.3157, Loss G: 0.1079
2024-10-29 06:16:35,312: Step [100/257], Loss D: 0.3241, Loss G: -0.3524
2024-10-29 06:16:38,913: Step [120/257], Loss D: 0.3831, Loss G: 0.0285
2024-10-29 06:16:42,459: Step [140/257], Loss D: 0.6618, Loss G: -0.1965
2024-10-29 06:16:45,895: Step [160/257], Loss D: 0.4681, Loss G: -0.0510
2024-10-29 06:16:49,404: Step [180/257], Loss D: 0.5193, Loss G: -0.0800
2024-10-29 06:16:52,888: Step [200/257], Loss D: 0.3472, Loss G: -0.1461
2024-10-29 06:16:56,300: Step [220/257], Loss D: 0.3977, Loss G: -0.3726
2024-10-29 06:16:59,788: Step [240/257], Loss D: 0.3771, Loss G: -0.3650
2024-10-29 06:17:13,577: Test Loss: 0.6608, Accuracy: 0.9331
2024-10-29 06:17:13,577: DP:0.02, EO:0.03
2024-10-29 06:17:24,869: Step [20/257], Loss D: 0.4841, Loss G: -0.1231
2024-10-29 06:17:28,353: Step [40/257], Loss D: 0.3449, Loss G: -0.0962
2024-10-29 06:17:31,847: Step [60/257], Loss D: 0.4192, Loss G: -0.3522
2024-10-29 06:17:35,284: Step [80/257], Loss D: 0.4197, Loss G: -0.1268
2024-10-29 06:17:38,779: Step [100/257], Loss D: 0.3726, Loss G: -0.2201
2024-10-29 06:17:42,236: Step [120/257], Loss D: 0.4287, Loss G: -0.0415
2024-10-29 06:17:45,619: Step [140/257], Loss D: 0.3852, Loss G: -0.1465
2024-10-29 06:17:49,184: Step [160/257], Loss D: 0.2465, Loss G: -0.1332
2024-10-29 06:17:52,690: Step [180/257], Loss D: 0.4467, Loss G: -0.3520
2024-10-29 06:17:56,110: Step [200/257], Loss D: 0.3973, Loss G: -0.2615
2024-10-29 06:17:59,603: Step [220/257], Loss D: 0.3611, Loss G: 0.0974
2024-10-29 06:18:02,986: Step [240/257], Loss D: 0.4292, Loss G: 0.0352
2024-10-29 06:18:16,694: Test Loss: 0.6651, Accuracy: 0.9320
2024-10-29 06:18:16,694: DP:0.02, EO:0.03
2024-10-29 06:18:27,663: Step [20/257], Loss D: 0.3893, Loss G: -0.1414
2024-10-29 06:18:31,194: Step [40/257], Loss D: 0.5155, Loss G: -0.3204
2024-10-29 06:18:34,696: Step [60/257], Loss D: 0.5084, Loss G: 0.1006
2024-10-29 06:18:38,311: Step [80/257], Loss D: 0.3111, Loss G: -0.0917
2024-10-29 06:18:41,765: Step [100/257], Loss D: 0.5588, Loss G: -0.1760
2024-10-29 06:18:45,219: Step [120/257], Loss D: 0.3644, Loss G: -0.0117
2024-10-29 06:18:48,673: Step [140/257], Loss D: 0.3695, Loss G: 0.0088
2024-10-29 06:18:52,051: Step [160/257], Loss D: 0.3783, Loss G: -0.0149
2024-10-29 06:18:55,495: Step [180/257], Loss D: 0.6951, Loss G: -0.2638
2024-10-29 06:18:59,180: Step [200/257], Loss D: 0.4782, Loss G: -0.0552
2024-10-29 06:19:02,622: Step [220/257], Loss D: 0.3702, Loss G: -0.2241
2024-10-29 06:19:06,284: Step [240/257], Loss D: 0.4297, Loss G: -0.2892
2024-10-29 06:19:22,680: Test Loss: 0.6710, Accuracy: 0.9287
2024-10-29 06:19:22,680: DP:0.02, EO:0.03
2024-10-29 06:19:34,874: Step [20/257], Loss D: 0.4500, Loss G: -0.3029
2024-10-29 06:19:38,419: Step [40/257], Loss D: 0.4445, Loss G: -0.1874
2024-10-29 06:19:42,080: Step [60/257], Loss D: 0.4024, Loss G: 0.1288
2024-10-29 06:19:45,617: Step [80/257], Loss D: 0.3422, Loss G: -0.1275
2024-10-29 06:19:49,064: Step [100/257], Loss D: 0.4980, Loss G: 0.0378
2024-10-29 06:19:52,537: Step [120/257], Loss D: 0.4382, Loss G: -0.1482
2024-10-29 06:19:55,927: Step [140/257], Loss D: 0.3767, Loss G: -0.1711
2024-10-29 06:19:59,353: Step [160/257], Loss D: 0.4097, Loss G: 0.0156
2024-10-29 06:20:02,808: Step [180/257], Loss D: 0.4523, Loss G: -0.0182
2024-10-29 06:20:06,270: Step [200/257], Loss D: 0.4684, Loss G: -0.2428
2024-10-29 06:20:09,705: Step [220/257], Loss D: 0.3803, Loss G: -0.0889
2024-10-29 06:20:13,085: Step [240/257], Loss D: 0.4635, Loss G: -0.1579
2024-10-29 06:20:27,300: Test Loss: 0.6623, Accuracy: 0.9221
2024-10-29 06:20:27,300: DP:0.02, EO:0.01
2024-10-29 06:20:38,404: Step [20/257], Loss D: 0.5075, Loss G: 0.1760
2024-10-29 06:20:41,879: Step [40/257], Loss D: 0.4540, Loss G: 0.0952
2024-10-29 06:20:45,298: Step [60/257], Loss D: 0.4704, Loss G: 0.0190
2024-10-29 06:20:48,849: Step [80/257], Loss D: 0.2755, Loss G: -0.2434
2024-10-29 06:20:52,295: Step [100/257], Loss D: 0.4967, Loss G: -0.0661
2024-10-29 06:20:55,658: Step [120/257], Loss D: 0.3777, Loss G: -0.0979
2024-10-29 06:20:59,094: Step [140/257], Loss D: 0.4158, Loss G: -0.1619
2024-10-29 06:21:02,518: Step [160/257], Loss D: 0.3191, Loss G: -0.0071
2024-10-29 06:21:05,829: Step [180/257], Loss D: 0.4374, Loss G: -0.2086
2024-10-29 06:21:09,142: Step [200/257], Loss D: 0.5811, Loss G: -0.2484
2024-10-29 06:21:12,465: Step [220/257], Loss D: 0.3485, Loss G: -0.1015
2024-10-29 06:21:15,903: Step [240/257], Loss D: 0.2909, Loss G: 0.0363
2024-10-29 06:21:29,818: Test Loss: 0.6693, Accuracy: 0.9221
2024-10-29 06:21:29,818: DP:0.02, EO:0.01
2024-10-29 06:21:40,596: Step [20/257], Loss D: 0.3651, Loss G: -0.0331
2024-10-29 06:21:43,954: Step [40/257], Loss D: 0.3432, Loss G: -0.2553
2024-10-29 06:21:47,519: Step [60/257], Loss D: 0.5100, Loss G: -0.0057
2024-10-29 06:21:50,978: Step [80/257], Loss D: 0.2295, Loss G: -0.1985
2024-10-29 06:21:54,341: Step [100/257], Loss D: 0.3445, Loss G: -0.0707
2024-10-29 06:21:57,783: Step [120/257], Loss D: 0.2818, Loss G: -0.0872
2024-10-29 06:22:01,199: Step [140/257], Loss D: 0.4125, Loss G: 0.0627
2024-10-29 06:22:04,733: Step [160/257], Loss D: 0.4893, Loss G: -0.2426
2024-10-29 06:22:08,365: Step [180/257], Loss D: 0.3784, Loss G: -0.0246
2024-10-29 06:22:11,896: Step [200/257], Loss D: 0.2194, Loss G: -0.3233
2024-10-29 06:22:15,447: Step [220/257], Loss D: 0.3200, Loss G: -0.0894
2024-10-29 06:22:18,888: Step [240/257], Loss D: 0.4348, Loss G: 0.1553
2024-10-29 06:22:33,173: Test Loss: 0.6668, Accuracy: 0.9298
2024-10-29 06:22:33,173: DP:0.01, EO:0.03
2024-10-29 06:22:43,883: Step [20/257], Loss D: 0.5665, Loss G: -0.0207
2024-10-29 06:22:47,485: Step [40/257], Loss D: 0.7390, Loss G: 0.1557
2024-10-29 06:22:51,018: Step [60/257], Loss D: 0.3805, Loss G: -0.2879
2024-10-29 06:22:54,476: Step [80/257], Loss D: 0.3995, Loss G: -0.1573
2024-10-29 06:22:58,105: Step [100/257], Loss D: 0.3962, Loss G: 0.0943
2024-10-29 06:23:01,570: Step [120/257], Loss D: 0.3451, Loss G: 0.0682
2024-10-29 06:23:05,098: Step [140/257], Loss D: 0.3555, Loss G: -0.0669
2024-10-29 06:23:08,585: Step [160/257], Loss D: 1.0000, Loss G: -0.0804
2024-10-29 06:23:12,025: Step [180/257], Loss D: 0.3740, Loss G: 0.1068
2024-10-29 06:23:15,529: Step [200/257], Loss D: 0.5485, Loss G: -0.3314
2024-10-29 06:23:19,048: Step [220/257], Loss D: 0.4034, Loss G: -0.1095
2024-10-29 06:23:22,559: Step [240/257], Loss D: 0.6454, Loss G: -0.4063
2024-10-29 06:23:37,185: Test Loss: 0.6630, Accuracy: 0.9265
2024-10-29 06:23:37,185: DP:0.00, EO:0.07
2024-10-29 06:23:49,022: Step [20/257], Loss D: 0.4423, Loss G: -0.2722
2024-10-29 06:23:52,593: Step [40/257], Loss D: 0.4125, Loss G: -0.4173
2024-10-29 06:23:56,204: Step [60/257], Loss D: 0.3256, Loss G: -0.1173
2024-10-29 06:23:59,833: Step [80/257], Loss D: 0.3898, Loss G: -0.0187
2024-10-29 06:24:03,314: Step [100/257], Loss D: 0.3801, Loss G: 0.0726
2024-10-29 06:24:06,847: Step [120/257], Loss D: 0.3130, Loss G: -0.1433
2024-10-29 06:24:10,347: Step [140/257], Loss D: 0.3544, Loss G: 0.1355
2024-10-29 06:24:13,780: Step [160/257], Loss D: 0.4708, Loss G: 0.0017
2024-10-29 06:24:17,290: Step [180/257], Loss D: 0.3143, Loss G: 0.0197
2024-10-29 06:24:20,736: Step [200/257], Loss D: 0.3638, Loss G: -0.1230
2024-10-29 06:24:24,207: Step [220/257], Loss D: 0.3111, Loss G: -0.0105
2024-10-29 06:24:27,685: Step [240/257], Loss D: 0.2597, Loss G: -0.1455
2024-10-29 06:24:42,226: Test Loss: 0.6730, Accuracy: 0.9156
2024-10-29 06:24:42,226: DP:0.01, EO:0.06
2024-10-29 06:24:53,257: Step [20/257], Loss D: 0.4473, Loss G: -0.3065
2024-10-29 06:24:56,792: Step [40/257], Loss D: 0.3876, Loss G: 0.0841
2024-10-29 06:25:00,339: Step [60/257], Loss D: 0.4450, Loss G: -0.2829
2024-10-29 06:25:03,775: Step [80/257], Loss D: 0.5061, Loss G: -0.2354
2024-10-29 06:25:07,270: Step [100/257], Loss D: 0.4721, Loss G: -0.2647
2024-10-29 06:25:10,762: Step [120/257], Loss D: 0.5513, Loss G: -0.0331
2024-10-29 06:25:14,178: Step [140/257], Loss D: 0.4097, Loss G: 0.0486
2024-10-29 06:25:17,640: Step [160/257], Loss D: 0.4735, Loss G: -0.2373
2024-10-29 06:25:21,104: Step [180/257], Loss D: 0.4045, Loss G: -0.1753
2024-10-29 06:25:24,571: Step [200/257], Loss D: 0.6305, Loss G: -0.1505
2024-10-29 06:25:28,304: Step [220/257], Loss D: 0.4002, Loss G: 0.1994
2024-10-29 06:25:32,079: Step [240/257], Loss D: 0.2808, Loss G: 0.0276
2024-10-29 06:25:46,116: Test Loss: 0.6740, Accuracy: 0.9189
2024-10-29 06:25:46,117: DP:0.02, EO:0.03
2024-10-29 06:25:57,154: Step [20/257], Loss D: 0.6438, Loss G: -0.0953
2024-10-29 06:26:00,687: Step [40/257], Loss D: 0.3890, Loss G: -0.4342
2024-10-29 06:26:04,155: Step [60/257], Loss D: 0.2841, Loss G: -0.3970
2024-10-29 06:26:07,682: Step [80/257], Loss D: 0.5965, Loss G: 0.0256
2024-10-29 06:26:11,086: Step [100/257], Loss D: 0.5098, Loss G: -0.2303
2024-10-29 06:26:14,568: Step [120/257], Loss D: 0.2647, Loss G: -0.0410
2024-10-29 06:26:17,961: Step [140/257], Loss D: 0.4421, Loss G: -0.1273
2024-10-29 06:26:21,518: Step [160/257], Loss D: 0.4662, Loss G: -0.1278
2024-10-29 06:26:25,008: Step [180/257], Loss D: 0.4578, Loss G: -0.0240
2024-10-29 06:26:28,416: Step [200/257], Loss D: 0.3992, Loss G: -0.1032
2024-10-29 06:26:31,878: Step [220/257], Loss D: 0.4034, Loss G: -0.0902
2024-10-29 06:26:35,301: Step [240/257], Loss D: 0.4026, Loss G: 0.0157
2024-10-29 06:26:49,493: Test Loss: 0.6662, Accuracy: 0.9298
2024-10-29 06:26:49,493: DP:0.01, EO:0.07
2024-10-29 06:27:00,333: Step [20/257], Loss D: 0.5602, Loss G: -0.0380
2024-10-29 06:27:03,949: Step [40/257], Loss D: 0.4397, Loss G: -0.2170
2024-10-29 06:27:07,410: Step [60/257], Loss D: 0.5230, Loss G: -0.1474
2024-10-29 06:27:10,916: Step [80/257], Loss D: 0.3593, Loss G: -0.1958
2024-10-29 06:27:14,406: Step [100/257], Loss D: 0.5322, Loss G: -0.2430
2024-10-29 06:27:17,832: Step [120/257], Loss D: 0.5721, Loss G: 0.0651
2024-10-29 06:27:21,338: Step [140/257], Loss D: 0.2913, Loss G: 0.1403
2024-10-29 06:27:24,851: Step [160/257], Loss D: 0.4046, Loss G: -0.1290
2024-10-29 06:27:28,450: Step [180/257], Loss D: 0.4875, Loss G: -0.2142
2024-10-29 06:27:32,048: Step [200/257], Loss D: 0.4741, Loss G: -0.2246
2024-10-29 06:27:35,494: Step [220/257], Loss D: 0.5971, Loss G: -0.1669
2024-10-29 06:27:38,995: Step [240/257], Loss D: 0.3246, Loss G: -0.3213
2024-10-29 06:27:54,175: Test Loss: 0.6658, Accuracy: 0.9276
2024-10-29 06:27:54,176: DP:0.00, EO:0.11
2024-10-29 06:27:54,176: Training completed.
